#
# There is insufficient memory for the Java Runtime Environment to continue.
# Native memory allocation (mmap) failed to map 236244992 bytes for committing reserved memory.
# Possible reasons:
#   The system is out of physical RAM or swap space
#   In 32 bit mode, the process size limit was hit
# Possible solutions:
#   Reduce memory load on the system
#   Increase physical memory or swap space
#   Check if swap backing store is full
#   Use 64 bit Java on a 64 bit OS
#   Decrease Java heap size (-Xmx/-Xms)
#   Decrease number of Java threads
#   Decrease Java thread stack sizes (-Xss)
#   Set larger code cache with -XX:ReservedCodeCacheSize=
# This output file may be truncated or incomplete.
#
#  Out of Memory Error (os_linux.cpp:2746), pid=24273, tid=0x00007f79f0263700
#
# JRE version: OpenJDK Runtime Environment (8.0_191-b12) (build 1.8.0_191-8u191-b12-2ubuntu0.16.04.1-b12)
# Java VM: OpenJDK 64-Bit Server VM (25.191-b12 mixed mode linux-amd64 compressed oops)
# Failed to write core dump. Core dumps have been disabled. To enable core dumping, try "ulimit -c unlimited" before starting Java again
#

---------------  T H R E A D  ---------------

Current thread (0x00007f7a00078800):  VMThread [stack: 0x00007f79f0163000,0x00007f79f0264000] [id=24293]

Stack: [0x00007f79f0163000,0x00007f79f0264000],  sp=0x00007f79f0262520,  free space=1021k
Native frames: (J=compiled Java code, j=interpreted, Vv=VM code, C=native code)
V  [libjvm.so+0xa7414b]
V  [libjvm.so+0x4c8ebc]
V  [libjvm.so+0x8c0c98]
V  [libjvm.so+0x8b82ce]
V  [libjvm.so+0xa70a34]
V  [libjvm.so+0x5ce2cd]
V  [libjvm.so+0x5cee6d]
V  [libjvm.so+0x5bb838]
V  [libjvm.so+0x45082f]
V  [libjvm.so+0xa75251]
V  [libjvm.so+0xa7af97]
V  [libjvm.so+0xa78697]
V  [libjvm.so+0xa79b1f]
V  [libjvm.so+0xa7a011]
V  [libjvm.so+0x8be002]

VM_Operation (0x00007f79c5923230): GenCollectForAllocation, mode: safepoint, requested by thread 0x00007f79e401a000


---------------  P R O C E S S  ---------------

Java Threads: ( => current thread )
  0x00007f79e401a000 JavaThread "Executor task launch worker for task 5" daemon [_thread_blocked, id=24380, stack(0x00007f79c5825000,0x00007f79c5926000)]
  0x00007f79e4022000 JavaThread "task-result-getter-3" daemon [_thread_blocked, id=24378, stack(0x00007f79c5e2b000,0x00007f79c5f2c000)]
  0x00007f79ec2fc000 JavaThread "task-result-getter-2" daemon [_thread_blocked, id=24371, stack(0x00007f79c5f2c000,0x00007f79c602d000)]
  0x00007f79ec347000 JavaThread "task-result-getter-1" daemon [_thread_blocked, id=24370, stack(0x00007f79c622d000,0x00007f79c632e000)]
  0x00007f79ec284000 JavaThread "org.apache.hadoop.hdfs.PeerCache@41fe5096" daemon [_thread_blocked, id=24369, stack(0x00007f79c9de5000,0x00007f79c9ee6000)]
  0x00007f79ec263000 JavaThread "task-result-getter-0" daemon [_thread_blocked, id=24347, stack(0x00007f79c763d000,0x00007f79c773e000)]
  0x00007f79ec125000 JavaThread "Executor task launch worker for task 4" daemon [_thread_blocked, id=24345, stack(0x00007f79c7dd0000,0x00007f79c7ed1000)]
  0x00007f79e0d35000 JavaThread "IPC Parameter Sending Thread #0" daemon [_thread_blocked, id=24344, stack(0x00007f79c9ce4000,0x00007f79c9de5000)]
  0x00007f79e0538000 JavaThread "org.apache.hadoop.fs.FileSystem$Statistics$StatisticsDataReferenceCleaner" daemon [_thread_blocked, id=24342, stack(0x00007f79ca2e6000,0x00007f79ca3e7000)]
  0x00007f79e0e81000 JavaThread "spark-listener-group-streams" daemon [_thread_blocked, id=24341, stack(0x00007f79ca7e7000,0x00007f79ca8e8000)]
  0x0000000000f25800 JavaThread "element-tracking-store-worker" daemon [_thread_blocked, id=24339, stack(0x00007f79cb0e8000,0x00007f79cb1e9000)]
  0x00007f79e1076000 JavaThread "spark-listener-group-executorManagement" daemon [_thread_blocked, id=24338, stack(0x00007f79cb1e9000,0x00007f79cb2ea000)]
  0x00007f79e1073800 JavaThread "spark-listener-group-appStatus" daemon [_thread_blocked, id=24337, stack(0x00007f79cb2ea000,0x00007f79cb3eb000)]
  0x00007f79e1072000 JavaThread "context-cleaner-periodic-gc" daemon [_thread_blocked, id=24336, stack(0x00007f79cb3eb000,0x00007f79cb4ec000)]
  0x00007f79e1070800 JavaThread "Spark Context Cleaner" daemon [_thread_blocked, id=24335, stack(0x00007f79cb4ec000,0x00007f79cb5ed000)]
  0x00007f79e0f56800 JavaThread "shuffle-server-5-1" daemon [_thread_in_native, id=24334, stack(0x00007f79cb9ed000,0x00007f79cbaee000)]
  0x00007f79e0f1d800 JavaThread "driver-heartbeater" daemon [_thread_blocked, id=24333, stack(0x00007f79cbaee000,0x00007f79cbbef000)]
  0x00007f79e0edc000 JavaThread "dag-scheduler-event-loop" daemon [_thread_blocked, id=24332, stack(0x00007f79cbbef000,0x00007f79cbcf0000)]
  0x0000000000f0b800 JavaThread "netty-rpc-env-timeout" daemon [_thread_blocked, id=24331, stack(0x00007f79cbcf0000,0x00007f79cbdf1000)]
  0x00007f79e0c55000 JavaThread "Timer-1" daemon [_thread_blocked, id=24330, stack(0x00007f79cbdf1000,0x00007f79cbef2000)]
  0x00007f79e0c54000 JavaThread "Timer-0" daemon [_thread_blocked, id=24329, stack(0x00007f79cbef2000,0x00007f79cbff3000)]
  0x00007f79ec069800 JavaThread "heartbeat-receiver-event-loop-thread" daemon [_thread_blocked, id=24328, stack(0x00007f79cbff3000,0x00007f79cc0f4000)]
  0x00007f79e0bff800 JavaThread "SparkUI-36" daemon [_thread_blocked, id=24327, stack(0x00007f79cc2f4000,0x00007f79cc3f5000)]
  0x00007f79e0bfe000 JavaThread "SparkUI-35" daemon [_thread_blocked, id=24326, stack(0x00007f79cc3f5000,0x00007f79cc4f6000)]
  0x00007f79e0bfc000 JavaThread "SparkUI-34" daemon [_thread_blocked, id=24325, stack(0x00007f79cc4f6000,0x00007f79cc5f7000)]
  0x00007f79e0bfa800 JavaThread "SparkUI-33" daemon [_thread_blocked, id=24324, stack(0x00007f79cc5f7000,0x00007f79cc6f8000)]
  0x00007f79e0bf8800 JavaThread "SparkUI-32" daemon [_thread_blocked, id=24323, stack(0x00007f79cc6f8000,0x00007f79cc7f9000)]
  0x00007f79e0bf7000 JavaThread "SparkUI-31" daemon [_thread_blocked, id=24322, stack(0x00007f79cc7f9000,0x00007f79cc8fa000)]
  0x00007f79e0bf5000 JavaThread "SparkUI-30-acceptor-0@29e947d0-ServerConnector@272ebc9d{HTTP/1.1,[http/1.1]}{0.0.0.0:4041}" daemon [_thread_in_native, id=24321, stack(0x00007f79cc8fa000,0x00007f79cc9fb000)]
  0x00007f79e0bee000 JavaThread "SparkUI-29" daemon [_thread_in_native, id=24320, stack(0x00007f79cc9fb000,0x00007f79ccafc000)]
  0x00007f79e0b15000 JavaThread "refresh progress" daemon [_thread_blocked, id=24319, stack(0x00007f79cccfc000,0x00007f79ccdfd000)]
  0x00007f79e0afc800 JavaThread "RemoteBlock-temp-file-clean-thread" daemon [_thread_blocked, id=24318, stack(0x00007f79ccdfd000,0x00007f79ccefe000)]
  0x00007f79e0750800 JavaThread "map-output-dispatcher-7" daemon [_thread_blocked, id=24317, stack(0x00007f79ccefe000,0x00007f79ccfff000)]
  0x00007f79e074e800 JavaThread "map-output-dispatcher-6" daemon [_thread_blocked, id=24316, stack(0x00007f79e8026000,0x00007f79e8127000)]
  0x00007f79e074c800 JavaThread "map-output-dispatcher-5" daemon [_thread_blocked, id=24315, stack(0x00007f79e8127000,0x00007f79e8228000)]
  0x00007f79e074b000 JavaThread "map-output-dispatcher-4" daemon [_thread_blocked, id=24314, stack(0x00007f79e8228000,0x00007f79e8329000)]
  0x00007f79e0753800 JavaThread "map-output-dispatcher-3" daemon [_thread_blocked, id=24313, stack(0x00007f79e8329000,0x00007f79e842a000)]
  0x00007f79e0752000 JavaThread "map-output-dispatcher-2" daemon [_thread_blocked, id=24312, stack(0x00007f79e842a000,0x00007f79e852b000)]
  0x00007f79e0740800 JavaThread "map-output-dispatcher-1" daemon [_thread_blocked, id=24311, stack(0x00007f79e852b000,0x00007f79e862c000)]
  0x00007f79e0744800 JavaThread "map-output-dispatcher-0" daemon [_thread_blocked, id=24310, stack(0x00007f79e862c000,0x00007f79e872d000)]
  0x00007f79e0712800 JavaThread "rpc-server-3-1" daemon [_thread_in_native, id=24309, stack(0x00007f79e892d000,0x00007f79e8a2e000)]
  0x00007f79e0624800 JavaThread "dispatcher-event-loop-1" daemon [_thread_blocked, id=24308, stack(0x00007f79e8c2e000,0x00007f79e8d2f000)]
  0x00007f79e0621800 JavaThread "dispatcher-event-loop-0" daemon [_thread_blocked, id=24307, stack(0x00007f79e8d2f000,0x00007f79e8e30000)]
  0x00007f79d8009000 JavaThread "Thread-4" [_thread_blocked, id=24306, stack(0x00007f79e9030000,0x00007f79e9131000)]
  0x00007f7a02bc7000 JavaThread "Thread-3" [_thread_in_native, id=24305, stack(0x00007f79e9348000,0x00007f79e9449000)]
  0x00007f7a02bbd800 JavaThread "pool-1-thread-1" [_thread_blocked, id=24304, stack(0x00007f79e984f000,0x00007f79e9950000)]
  0x00007f7a000b3800 JavaThread "Service Thread" daemon [_thread_blocked, id=24299, stack(0x00007f79eb95d000,0x00007f79eba5e000)]
  0x00007f7a000b0800 JavaThread "C1 CompilerThread1" daemon [_thread_blocked, id=24298, stack(0x00007f79eba5e000,0x00007f79ebb5f000)]
  0x00007f7a000ae000 JavaThread "C2 CompilerThread0" daemon [_thread_blocked, id=24297, stack(0x00007f79ebb5f000,0x00007f79ebc60000)]
  0x00007f7a000ac000 JavaThread "Signal Dispatcher" daemon [_thread_blocked, id=24296, stack(0x00007f79ebc60000,0x00007f79ebd61000)]
  0x00007f7a00084800 JavaThread "Finalizer" daemon [_thread_blocked, id=24295, stack(0x00007f79ebeff000,0x00007f79ec000000)]
  0x00007f7a00082000 JavaThread "Reference Handler" daemon [_thread_blocked, id=24294, stack(0x00007f79f0062000,0x00007f79f0163000)]
  0x00007f7a00014000 JavaThread "main" [_thread_in_native, id=24292, stack(0x00007f7a07a1d000,0x00007f7a07b1e000)]

Other Threads:
=>0x00007f7a00078800 VMThread [stack: 0x00007f79f0163000,0x00007f79f0264000] [id=24293]
  0x00007f7a000c3000 WatcherThread [stack: 0x00007f79eb85c000,0x00007f79eb95d000] [id=24300]

VM state:at safepoint (normal execution)

VM Mutex/Monitor currently owned by a thread:  ([mutex/lock_event])
[0x00007f7a000108f0] Threads_lock - owner thread: 0x00007f7a00078800
[0x00007f7a00010df0] Heap_lock - owner thread: 0x00007f79e401a000

Heap:
 def new generation   total 154944K, used 7444K [0x00000000c0000000, 0x00000000ca820000, 0x00000000d5550000)
  eden space 137728K,   5% used [0x00000000c0000000, 0x00000000c07451f8, 0x00000000c8680000)
  from space 17216K,   0% used [0x00000000c9750000, 0x00000000c9750000, 0x00000000ca820000)
  to   space 17216K,   0% used [0x00000000c8680000, 0x00000000c8680000, 0x00000000c9750000)
 tenured generation   total 346116K, used 346093K [0x00000000d5550000, 0x00000000ea751000, 0x0000000100000000)
   the space 346116K,  99% used [0x00000000d5550000, 0x00000000ea74b688, 0x00000000ea74b800, 0x00000000ea751000)
 Metaspace       used 93382K, capacity 103206K, committed 103296K, reserved 1138688K
  class space    used 12687K, capacity 13643K, committed 13696K, reserved 1048576K

Card table byte_map: [0x00007f79f0dff000,0x00007f79f1000000] byte_map_base: 0x00007f79f07ff000

Polling page: 0x00007f7a07b22000

CodeCache: size=245760Kb used=18997Kb max_used=19020Kb free=226762Kb
 bounds [0x00007f79f1000000, 0x00007f79f22b0000, 0x00007f7a00000000]
 total_blobs=7897 nmethods=7075 adapters=733
 compilation: enabled

Compilation events (10 events):
Event: 118.600 Thread 0x00007f7a000ae000 8588       4       org.apache.spark.sql.execution.columnar.compression.PassThrough$::encoder (6 bytes)
Event: 118.601 Thread 0x00007f7a000ae000 nmethod 8588 0x00007f79f11c9d50 code [0x00007f79f11c9ea0, 0x00007f79f11c9f58]
Event: 118.602 Thread 0x00007f7a000ae000 8589       4       org.apache.spark.sql.execution.columnar.compression.RunLengthEncoding$::encoder (6 bytes)
Event: 118.603 Thread 0x00007f7a000ae000 nmethod 8589 0x00007f79f218aa50 code [0x00007f79f218aba0, 0x00007f79f218ac88]
Event: 118.607 Thread 0x00007f7a000ae000 8590       4       org.apache.spark.sql.execution.columnar.compression.DictionaryEncoding$::encoder (6 bytes)
Event: 118.622 Thread 0x00007f7a000ae000 nmethod 8590 0x00007f79f22a6710 code [0x00007f79f22a68c0, 0x00007f79f22a6cf8]
Event: 119.140 Thread 0x00007f7a000ae000 8591       4       scala.Option::map (29 bytes)
Event: 119.143 Thread 0x00007f7a000ae000 nmethod 8591 0x00007f79f1423bd0 code [0x00007f79f1423d40, 0x00007f79f1423e98]
Event: 122.212 Thread 0x00007f7a000ae000 8592       4       scala.math.package$::min (6 bytes)
Event: 122.213 Thread 0x00007f7a000ae000 nmethod 8592 0x00007f79f14957d0 code [0x00007f79f1495920, 0x00007f79f1495978]

GC Heap History (10 events):
Event: 120.505 GC heap after
Heap after GC invocations=524 (full 18):
 def new generation   total 154944K, used 6943K [0x00000000c0000000, 0x00000000ca820000, 0x00000000d5550000)
  eden space 137728K,   0% used [0x00000000c0000000, 0x00000000c0000000, 0x00000000c8680000)
  from space 17216K,  40% used [0x00000000c8680000, 0x00000000c8d47f90, 0x00000000c9750000)
  to   space 17216K,   0% used [0x00000000c9750000, 0x00000000c9750000, 0x00000000ca820000)
 tenured generation   total 344172K, used 339129K [0x00000000d5550000, 0x00000000ea56b000, 0x0000000100000000)
   the space 344172K,  98% used [0x00000000d5550000, 0x00000000ea07e4f8, 0x00000000ea07e600, 0x00000000ea56b000)
 Metaspace       used 93382K, capacity 103206K, committed 103296K, reserved 1138688K
  class space    used 12687K, capacity 13643K, committed 13696K, reserved 1048576K
}
Event: 120.835 GC heap before
{Heap before GC invocations=524 (full 18):
 def new generation   total 154944K, used 144671K [0x00000000c0000000, 0x00000000ca820000, 0x00000000d5550000)
  eden space 137728K, 100% used [0x00000000c0000000, 0x00000000c8680000, 0x00000000c8680000)
  from space 17216K,  40% used [0x00000000c8680000, 0x00000000c8d47f90, 0x00000000c9750000)
  to   space 17216K,   0% used [0x00000000c9750000, 0x00000000c9750000, 0x00000000ca820000)
 tenured generation   total 344172K, used 339129K [0x00000000d5550000, 0x00000000ea56b000, 0x0000000100000000)
   the space 344172K,  98% used [0x00000000d5550000, 0x00000000ea07e4f8, 0x00000000ea07e600, 0x00000000ea56b000)
 Metaspace       used 93382K, capacity 103206K, committed 103296K, reserved 1138688K
  class space    used 12687K, capacity 13643K, committed 13696K, reserved 1048576K
Event: 120.843 GC heap after
Heap after GC invocations=525 (full 18):
 def new generation   total 154944K, used 6577K [0x00000000c0000000, 0x00000000ca820000, 0x00000000d5550000)
  eden space 137728K,   0% used [0x00000000c0000000, 0x00000000c0000000, 0x00000000c8680000)
  from space 17216K,  38% used [0x00000000c9750000, 0x00000000c9dbc7c0, 0x00000000ca820000)
  to   space 17216K,   0% used [0x00000000c8680000, 0x00000000c8680000, 0x00000000c9750000)
 tenured generation   total 344172K, used 339129K [0x00000000d5550000, 0x00000000ea56b000, 0x0000000100000000)
   the space 344172K,  98% used [0x00000000d5550000, 0x00000000ea07e4f8, 0x00000000ea07e600, 0x00000000ea56b000)
 Metaspace       used 93382K, capacity 103206K, committed 103296K, reserved 1138688K
  class space    used 12687K, capacity 13643K, committed 13696K, reserved 1048576K
}
Event: 121.231 GC heap before
{Heap before GC invocations=525 (full 18):
 def new generation   total 154944K, used 144305K [0x00000000c0000000, 0x00000000ca820000, 0x00000000d5550000)
  eden space 137728K, 100% used [0x00000000c0000000, 0x00000000c8680000, 0x00000000c8680000)
  from space 17216K,  38% used [0x00000000c9750000, 0x00000000c9dbc7c0, 0x00000000ca820000)
  to   space 17216K,   0% used [0x00000000c8680000, 0x00000000c8680000, 0x00000000c9750000)
 tenured generation   total 344172K, used 339129K [0x00000000d5550000, 0x00000000ea56b000, 0x0000000100000000)
   the space 344172K,  98% used [0x00000000d5550000, 0x00000000ea07e4f8, 0x00000000ea07e600, 0x00000000ea56b000)
 Metaspace       used 93382K, capacity 103206K, committed 103296K, reserved 1138688K
  class space    used 12687K, capacity 13643K, committed 13696K, reserved 1048576K
Event: 121.253 GC heap after
Heap after GC invocations=526 (full 18):
 def new generation   total 154944K, used 11179K [0x00000000c0000000, 0x00000000ca820000, 0x00000000d5550000)
  eden space 137728K,   0% used [0x00000000c0000000, 0x00000000c0000000, 0x00000000c8680000)
  from space 17216K,  64% used [0x00000000c8680000, 0x00000000c916adc0, 0x00000000c9750000)
  to   space 17216K,   0% used [0x00000000c9750000, 0x00000000c9750000, 0x00000000ca820000)
 tenured generation   total 344172K, used 339129K [0x00000000d5550000, 0x00000000ea56b000, 0x0000000100000000)
   the space 344172K,  98% used [0x00000000d5550000, 0x00000000ea07e4f8, 0x00000000ea07e600, 0x00000000ea56b000)
 Metaspace       used 93382K, capacity 103206K, committed 103296K, reserved 1138688K
  class space    used 12687K, capacity 13643K, committed 13696K, reserved 1048576K
}
Event: 121.601 GC heap before
{Heap before GC invocations=526 (full 18):
 def new generation   total 154944K, used 148907K [0x00000000c0000000, 0x00000000ca820000, 0x00000000d5550000)
  eden space 137728K, 100% used [0x00000000c0000000, 0x00000000c8680000, 0x00000000c8680000)
  from space 17216K,  64% used [0x00000000c8680000, 0x00000000c916adc0, 0x00000000c9750000)
  to   space 17216K,   0% used [0x00000000c9750000, 0x00000000c9750000, 0x00000000ca820000)
 tenured generation   total 344172K, used 339129K [0x00000000d5550000, 0x00000000ea56b000, 0x0000000100000000)
   the space 344172K,  98% used [0x00000000d5550000, 0x00000000ea07e4f8, 0x00000000ea07e600, 0x00000000ea56b000)
 Metaspace       used 93382K, capacity 103206K, committed 103296K, reserved 1138688K
  class space    used 12687K, capacity 13643K, committed 13696K, reserved 1048576K
Event: 121.626 GC heap after
Heap after GC invocations=527 (full 18):
 def new generation   total 154944K, used 7841K [0x00000000c0000000, 0x00000000ca820000, 0x00000000d5550000)
  eden space 137728K,   0% used [0x00000000c0000000, 0x00000000c0000000, 0x00000000c8680000)
  from space 17216K,  45% used [0x00000000c9750000, 0x00000000c9ef8490, 0x00000000ca820000)
  to   space 17216K,   0% used [0x00000000c8680000, 0x00000000c8680000, 0x00000000c9750000)
 tenured generation   total 344172K, used 341723K [0x00000000d5550000, 0x00000000ea56b000, 0x0000000100000000)
   the space 344172K,  99% used [0x00000000d5550000, 0x00000000ea306d00, 0x00000000ea306e00, 0x00000000ea56b000)
 Metaspace       used 93382K, capacity 103206K, committed 103296K, reserved 1138688K
  class space    used 12687K, capacity 13643K, committed 13696K, reserved 1048576K
}
Event: 121.978 GC heap before
{Heap before GC invocations=527 (full 18):
 def new generation   total 154944K, used 145569K [0x00000000c0000000, 0x00000000ca820000, 0x00000000d5550000)
  eden space 137728K, 100% used [0x00000000c0000000, 0x00000000c8680000, 0x00000000c8680000)
  from space 17216K,  45% used [0x00000000c9750000, 0x00000000c9ef8490, 0x00000000ca820000)
  to   space 17216K,   0% used [0x00000000c8680000, 0x00000000c8680000, 0x00000000c9750000)
 tenured generation   total 344172K, used 341723K [0x00000000d5550000, 0x00000000ea56b000, 0x0000000100000000)
   the space 344172K,  99% used [0x00000000d5550000, 0x00000000ea306d00, 0x00000000ea306e00, 0x00000000ea56b000)
 Metaspace       used 93382K, capacity 103206K, committed 103296K, reserved 1138688K
  class space    used 12687K, capacity 13643K, committed 13696K, reserved 1048576K
Event: 122.002 GC heap after
Heap after GC invocations=528 (full 18):
 def new generation   total 154944K, used 11492K [0x00000000c0000000, 0x00000000ca820000, 0x00000000d5550000)
  eden space 137728K,   0% used [0x00000000c0000000, 0x00000000c0000000, 0x00000000c8680000)
  from space 17216K,  66% used [0x00000000c8680000, 0x00000000c91b93f8, 0x00000000c9750000)
  to   space 17216K,   0% used [0x00000000c9750000, 0x00000000c9750000, 0x00000000ca820000)
 tenured generation   total 344172K, used 341723K [0x00000000d5550000, 0x00000000ea56b000, 0x0000000100000000)
   the space 344172K,  99% used [0x00000000d5550000, 0x00000000ea306d00, 0x00000000ea306e00, 0x00000000ea56b000)
 Metaspace       used 93382K, capacity 103206K, committed 103296K, reserved 1138688K
  class space    used 12687K, capacity 13643K, committed 13696K, reserved 1048576K
}
Event: 122.340 GC heap before
{Heap before GC invocations=528 (full 18):
 def new generation   total 154944K, used 149220K [0x00000000c0000000, 0x00000000ca820000, 0x00000000d5550000)
  eden space 137728K, 100% used [0x00000000c0000000, 0x00000000c8680000, 0x00000000c8680000)
  from space 17216K,  66% used [0x00000000c8680000, 0x00000000c91b93f8, 0x00000000c9750000)
  to   space 17216K,   0% used [0x00000000c9750000, 0x00000000c9750000, 0x00000000ca820000)
 tenured generation   total 344172K, used 341723K [0x00000000d5550000, 0x00000000ea56b000, 0x0000000100000000)
   the space 344172K,  99% used [0x00000000d5550000, 0x00000000ea306d00, 0x00000000ea306e00, 0x00000000ea56b000)
 Metaspace       used 93382K, capacity 103206K, committed 103296K, reserved 1138688K
  class space    used 12687K, capacity 13643K, committed 13696K, reserved 1048576K

Deoptimization events (10 events):
Event: 66.294 Thread 0x00007f79ec125000 Uncommon trap: reason=unstable_if action=reinterpret pc=0x00007f79f21b1910 method=org.apache.spark.sql.catalyst.expressions.GeneratedClass$SpecificUnsafeProjection.writeFields_0_1$(Lorg/apache/spark/sql/catalyst/expressions/GeneratedClass$SpecificUnsafePr
Event: 68.618 Thread 0x00007f79ec125000 Uncommon trap: reason=array_check action=maybe_recompile pc=0x00007f79f1b31ef0 method=scala.collection.mutable.ArrayBuilder$ofRef.$plus$eq(Ljava/lang/Object;)Lscala/collection/mutable/ArrayBuilder$ofRef; @ 19
Event: 68.619 Thread 0x00007f79ec125000 Uncommon trap: reason=array_check action=maybe_recompile pc=0x00007f79f1b31ef0 method=scala.collection.mutable.ArrayBuilder$ofRef.$plus$eq(Ljava/lang/Object;)Lscala/collection/mutable/ArrayBuilder$ofRef; @ 19
Event: 68.620 Thread 0x00007f79ec125000 Uncommon trap: reason=array_check action=maybe_recompile pc=0x00007f79f1b31ef0 method=scala.collection.mutable.ArrayBuilder$ofRef.$plus$eq(Ljava/lang/Object;)Lscala/collection/mutable/ArrayBuilder$ofRef; @ 19
Event: 68.622 Thread 0x00007f79ec125000 Uncommon trap: reason=array_check action=maybe_recompile pc=0x00007f79f1b31ef0 method=scala.collection.mutable.ArrayBuilder$ofRef.$plus$eq(Ljava/lang/Object;)Lscala/collection/mutable/ArrayBuilder$ofRef; @ 19
Event: 85.278 Thread 0x00007f79ec125000 Uncommon trap: reason=unstable_if action=reinterpret pc=0x00007f79f1e82398 method=org.apache.spark.sql.execution.datasources.RecordReaderIterator.hasNext()Z @ 4
Event: 108.663 Thread 0x00007f79ec125000 Uncommon trap: reason=unstable_if action=reinterpret pc=0x00007f79f1ad2634 method=org.apache.spark.sql.catalyst.expressions.GeneratedClass$SpecificColumnarIterator.hasNext()Z @ 8
Event: 108.699 Thread 0x00007f79e401a000 Uncommon trap: reason=class_check action=maybe_recompile pc=0x00007f79f1c03584 method=java.lang.ThreadLocal.set(Ljava/lang/Object;)V @ 26
Event: 108.728 Thread 0x00007f79e401a000 Uncommon trap: reason=null_check action=make_not_entrant pc=0x00007f79f12674c8 method=org.apache.hadoop.fs.FileSystem$Statistics.getThreadStatistics()Lorg/apache/hadoop/fs/FileSystem$Statistics$StatisticsData; @ 7
Event: 108.729 Thread 0x00007f79e401a000 Uncommon trap: reason=class_check action=maybe_recompile pc=0x00007f79f1c03584 method=java.lang.ThreadLocal.set(Ljava/lang/Object;)V @ 26

Classes redefined (0 events):
No events

Internal exceptions (10 events):
Event: 59.025 Thread 0x00007f79d8009000 Exception <a 'java/lang/NoSuchMethodError': <clinit>> (0x00000000c1a92758) thrown at [/build/openjdk-8-6jqSe7/openjdk-8-8u191-b12/src/hotspot/src/share/vm/prims/jni.cpp, line 1613]
Event: 59.028 Thread 0x00007f79d8009000 Exception <a 'java/lang/NoSuchMethodError': <clinit>> (0x00000000c1aae808) thrown at [/build/openjdk-8-6jqSe7/openjdk-8-8u191-b12/src/hotspot/src/share/vm/prims/jni.cpp, line 1613]
Event: 59.029 Thread 0x00007f79d8009000 Exception <a 'java/lang/NoSuchMethodError': <clinit>> (0x00000000c1ab02a8) thrown at [/build/openjdk-8-6jqSe7/openjdk-8-8u191-b12/src/hotspot/src/share/vm/prims/jni.cpp, line 1613]
Event: 59.030 Thread 0x00007f79d8009000 Exception <a 'java/lang/NoSuchMethodError': <clinit>> (0x00000000c1ab3840) thrown at [/build/openjdk-8-6jqSe7/openjdk-8-8u191-b12/src/hotspot/src/share/vm/prims/jni.cpp, line 1613]
Event: 59.031 Thread 0x00007f79d8009000 Exception <a 'java/lang/NoSuchMethodError': <clinit>> (0x00000000c1abeac8) thrown at [/build/openjdk-8-6jqSe7/openjdk-8-8u191-b12/src/hotspot/src/share/vm/prims/jni.cpp, line 1613]
Event: 59.099 Thread 0x00007f79e0edc000 Exception <a 'java/lang/NoSuchMethodError': <clinit>> (0x00000000c1d9ac58) thrown at [/build/openjdk-8-6jqSe7/openjdk-8-8u191-b12/src/hotspot/src/share/vm/prims/jni.cpp, line 1613]
Event: 59.144 Thread 0x00007f79e0621800 Exception <a 'java/lang/NoSuchMethodError': <clinit>> (0x00000000c22c7b98) thrown at [/build/openjdk-8-6jqSe7/openjdk-8-8u191-b12/src/hotspot/src/share/vm/prims/jni.cpp, line 1613]
Event: 59.437 Thread 0x00007f79ec125000 Exception <a 'java/lang/NoSuchMethodError': <clinit>> (0x00000000c2841c80) thrown at [/build/openjdk-8-6jqSe7/openjdk-8-8u191-b12/src/hotspot/src/share/vm/prims/jni.cpp, line 1613]
Event: 59.544 Thread 0x00007f79ec125000 Implicit null exception at 0x00007f79f129164b to 0x00007f79f129283d
Event: 108.728 Thread 0x00007f79e401a000 Implicit null exception at 0x00007f79f1267411 to 0x00007f79f12674b9

Events (10 events):
Event: 121.231 Executing VM operation: GenCollectForAllocation
Event: 121.254 Executing VM operation: GenCollectForAllocation done
Event: 121.600 Executing VM operation: GenCollectForAllocation
Event: 121.626 Executing VM operation: GenCollectForAllocation done
Event: 121.978 Executing VM operation: GenCollectForAllocation
Event: 122.002 Executing VM operation: GenCollectForAllocation done
Event: 122.213 Thread 0x00007f7a000ae000 flushing nmethod 0x00007f79f16d4c90
Event: 122.213 Thread 0x00007f7a000ae000 flushing nmethod 0x00007f79f16d5250
Event: 122.214 Thread 0x00007f7a000ae000 flushing nmethod 0x00007f79f1835890
Event: 122.340 Executing VM operation: GenCollectForAllocation


Dynamic libraries:
00400000-00401000 r-xp 00000000 fd:01 256478                             /usr/lib/jvm/java-8-openjdk-amd64/jre/bin/java
00600000-00601000 r--p 00000000 fd:01 256478                             /usr/lib/jvm/java-8-openjdk-amd64/jre/bin/java
00601000-00602000 rw-p 00001000 fd:01 256478                             /usr/lib/jvm/java-8-openjdk-amd64/jre/bin/java
00ed2000-00fc4000 rw-p 00000000 00:00 0                                  [heap]
c0000000-ca820000 rw-p 00000000 00:00 0 
ca820000-d5550000 ---p 00000000 00:00 0 
d5550000-ea751000 rw-p 00000000 00:00 0 
f889e000-100000000 ---p 00000000 00:00 0 
100000000-100d60000 rw-p 00000000 00:00 0 
100d60000-140000000 ---p 00000000 00:00 0 
7f79c5825000-7f79c5828000 ---p 00000000 00:00 0 
7f79c5828000-7f79c5926000 rw-p 00000000 00:00 0 
7f79c5926000-7f79c5929000 ---p 00000000 00:00 0 
7f79c5929000-7f79c5a27000 rw-p 00000000 00:00 0 
7f79c5a27000-7f79c5a2a000 ---p 00000000 00:00 0 
7f79c5a2a000-7f79c5b28000 rw-p 00000000 00:00 0 
7f79c5b28000-7f79c5b2b000 ---p 00000000 00:00 0 
7f79c5b2b000-7f79c5c29000 rw-p 00000000 00:00 0 
7f79c5c29000-7f79c5c2c000 ---p 00000000 00:00 0 
7f79c5c2c000-7f79c5d2a000 rw-p 00000000 00:00 0 
7f79c5d2a000-7f79c5d2d000 ---p 00000000 00:00 0 
7f79c5d2d000-7f79c5e2b000 rw-p 00000000 00:00 0 
7f79c5e2b000-7f79c5e2e000 ---p 00000000 00:00 0 
7f79c5e2e000-7f79c5f2c000 rw-p 00000000 00:00 0 
7f79c5f2c000-7f79c5f2f000 ---p 00000000 00:00 0 
7f79c5f2f000-7f79c61ad000 rw-p 00000000 00:00 0 
7f79c61ad000-7f79c622d000 ---p 00000000 00:00 0 
7f79c622d000-7f79c6230000 ---p 00000000 00:00 0 
7f79c6230000-7f79c632e000 rw-p 00000000 00:00 0 
7f79c632e000-7f79c6331000 ---p 00000000 00:00 0 
7f79c6331000-7f79c642f000 rw-p 00000000 00:00 0 
7f79c642f000-7f79c6432000 ---p 00000000 00:00 0 
7f79c6432000-7f79c6530000 rw-p 00000000 00:00 0 
7f79c6530000-7f79c6533000 ---p 00000000 00:00 0 
7f79c6533000-7f79c6631000 rw-p 00000000 00:00 0 
7f79c6631000-7f79c6634000 ---p 00000000 00:00 0 
7f79c6634000-7f79c6732000 rw-p 00000000 00:00 0 
7f79c6732000-7f79c6735000 ---p 00000000 00:00 0 
7f79c6735000-7f79c6833000 rw-p 00000000 00:00 0 
7f79c6833000-7f79c6836000 ---p 00000000 00:00 0 
7f79c6836000-7f79c6934000 rw-p 00000000 00:00 0 
7f79c6934000-7f79c6937000 ---p 00000000 00:00 0 
7f79c6937000-7f79c6a35000 rw-p 00000000 00:00 0 
7f79c6a35000-7f79c6a38000 ---p 00000000 00:00 0 
7f79c6a38000-7f79c6b36000 rw-p 00000000 00:00 0 
7f79c6b36000-7f79c6b39000 ---p 00000000 00:00 0 
7f79c6b39000-7f79c6c37000 rw-p 00000000 00:00 0 
7f79c6c37000-7f79c6c3a000 ---p 00000000 00:00 0 
7f79c6c3a000-7f79c6d38000 rw-p 00000000 00:00 0 
7f79c6d38000-7f79c6d3b000 ---p 00000000 00:00 0 
7f79c6d3b000-7f79c6e39000 rw-p 00000000 00:00 0 
7f79c6e39000-7f79c6e3c000 ---p 00000000 00:00 0 
7f79c6e3c000-7f79c6f3a000 rw-p 00000000 00:00 0 
7f79c6f3a000-7f79c6f3d000 ---p 00000000 00:00 0 
7f79c6f3d000-7f79c703b000 rw-p 00000000 00:00 0 
7f79c703b000-7f79c703e000 ---p 00000000 00:00 0 
7f79c703e000-7f79c713c000 rw-p 00000000 00:00 0 
7f79c713c000-7f79c713f000 ---p 00000000 00:00 0 
7f79c713f000-7f79c743d000 rw-p 00000000 00:00 0 
7f79c743d000-7f79c763d000 rw-p 00000000 00:00 0 
7f79c763d000-7f79c7640000 ---p 00000000 00:00 0 
7f79c7640000-7f79c793e000 rw-p 00000000 00:00 0 
7f79c793e000-7f79c7b3e000 rw-p 00000000 00:00 0 
7f79c7b3e000-7f79c7d3e000 rw-p 00000000 00:00 0 
7f79c7dd0000-7f79c7dd3000 ---p 00000000 00:00 0 
7f79c7dd3000-7f79c80d1000 rw-p 00000000 00:00 0 
7f79c80d1000-7f79c80de000 r-xp 00000000 fd:01 2304945                    /tmp/liblz4-java8784143643477002212.so
7f79c80de000-7f79c82dd000 ---p 0000d000 fd:01 2304945                    /tmp/liblz4-java8784143643477002212.so
7f79c82dd000-7f79c82de000 rw-p 0000c000 fd:01 2304945                    /tmp/liblz4-java8784143643477002212.so
7f79c82e4000-7f79c84e4000 rw-p 00000000 00:00 0 
7f79c84e4000-7f79c86e4000 rw-p 00000000 00:00 0 
7f79c86e4000-7f79c88e4000 rw-p 00000000 00:00 0 
7f79c88e4000-7f79c8ae4000 rw-p 00000000 00:00 0 
7f79c8ae4000-7f79c8ce4000 rw-p 00000000 00:00 0 
7f79c8ce4000-7f79c8ee4000 rw-p 00000000 00:00 0 
7f79c8ee4000-7f79c90e4000 rw-p 00000000 00:00 0 
7f79c90e4000-7f79c92e4000 rw-p 00000000 00:00 0 
7f79c92e4000-7f79c94e4000 rw-p 00000000 00:00 0 
7f79c94e4000-7f79c96e4000 rw-p 00000000 00:00 0 
7f79c96e4000-7f79c98e4000 rw-p 00000000 00:00 0 
7f79c98e4000-7f79c9ae4000 rw-p 00000000 00:00 0 
7f79c9ae4000-7f79c9ce4000 rw-p 00000000 00:00 0 
7f79c9ce4000-7f79c9ce7000 ---p 00000000 00:00 0 
7f79c9ce7000-7f79c9de5000 rw-p 00000000 00:00 0 
7f79c9de5000-7f79c9de8000 ---p 00000000 00:00 0 
7f79c9de8000-7f79ca0e6000 rw-p 00000000 00:00 0 
7f79ca0e6000-7f79ca2e6000 rw-p 00000000 00:00 0 
7f79ca2e6000-7f79ca2e9000 ---p 00000000 00:00 0 
7f79ca2e9000-7f79ca5e7000 rw-p 00000000 00:00 0 
7f79ca5e7000-7f79ca7e7000 rw-p 00000000 00:00 0 
7f79ca7e7000-7f79ca7ea000 ---p 00000000 00:00 0 
7f79ca7ea000-7f79caae8000 rw-p 00000000 00:00 0 
7f79caae8000-7f79cace8000 rw-p 00000000 00:00 0 
7f79cace8000-7f79caee8000 rw-p 00000000 00:00 0 
7f79caee8000-7f79cb0e8000 rw-p 00000000 00:00 0 
7f79cb0e8000-7f79cb0eb000 ---p 00000000 00:00 0 
7f79cb0eb000-7f79cb1e9000 rw-p 00000000 00:00 0 
7f79cb1e9000-7f79cb1ec000 ---p 00000000 00:00 0 
7f79cb1ec000-7f79cb2ea000 rw-p 00000000 00:00 0 
7f79cb2ea000-7f79cb2ed000 ---p 00000000 00:00 0 
7f79cb2ed000-7f79cb3eb000 rw-p 00000000 00:00 0 
7f79cb3eb000-7f79cb3ee000 ---p 00000000 00:00 0 
7f79cb3ee000-7f79cb4ec000 rw-p 00000000 00:00 0 
7f79cb4ec000-7f79cb4ef000 ---p 00000000 00:00 0 
7f79cb4ef000-7f79cb7ed000 rw-p 00000000 00:00 0 
7f79cb7ed000-7f79cb9ed000 rw-p 00000000 00:00 0 
7f79cb9ed000-7f79cb9f0000 ---p 00000000 00:00 0 
7f79cb9f0000-7f79cbaee000 rw-p 00000000 00:00 0 
7f79cbaee000-7f79cbaf1000 ---p 00000000 00:00 0 
7f79cbaf1000-7f79cbbef000 rw-p 00000000 00:00 0 
7f79cbbef000-7f79cbbf2000 ---p 00000000 00:00 0 
7f79cbbf2000-7f79cbcf0000 rw-p 00000000 00:00 0 
7f79cbcf0000-7f79cbcf3000 ---p 00000000 00:00 0 
7f79cbcf3000-7f79cbdf1000 rw-p 00000000 00:00 0 
7f79cbdf1000-7f79cbdf4000 ---p 00000000 00:00 0 
7f79cbdf4000-7f79cbef2000 rw-p 00000000 00:00 0 
7f79cbef2000-7f79cbef5000 ---p 00000000 00:00 0 
7f79cbef5000-7f79cbff3000 rw-p 00000000 00:00 0 
7f79cbff3000-7f79cbff6000 ---p 00000000 00:00 0 
7f79cbff6000-7f79cc2f4000 rw-p 00000000 00:00 0 
7f79cc2f4000-7f79cc2f7000 ---p 00000000 00:00 0 
7f79cc2f7000-7f79cc3f5000 rw-p 00000000 00:00 0 
7f79cc3f5000-7f79cc3f8000 ---p 00000000 00:00 0 
7f79cc3f8000-7f79cc4f6000 rw-p 00000000 00:00 0 
7f79cc4f6000-7f79cc4f9000 ---p 00000000 00:00 0 
7f79cc4f9000-7f79cc5f7000 rw-p 00000000 00:00 0 
7f79cc5f7000-7f79cc5fa000 ---p 00000000 00:00 0 
7f79cc5fa000-7f79cc6f8000 rw-p 00000000 00:00 0 
7f79cc6f8000-7f79cc6fb000 ---p 00000000 00:00 0 
7f79cc6fb000-7f79cc7f9000 rw-p 00000000 00:00 0 
7f79cc7f9000-7f79cc7fc000 ---p 00000000 00:00 0 
7f79cc7fc000-7f79cc8fa000 rw-p 00000000 00:00 0 
7f79cc8fa000-7f79cc8fd000 ---p 00000000 00:00 0 
7f79cc8fd000-7f79cc9fb000 rw-p 00000000 00:00 0 
7f79cc9fb000-7f79cc9fe000 ---p 00000000 00:00 0 
7f79cc9fe000-7f79cccfc000 rw-p 00000000 00:00 0 
7f79cccfc000-7f79cccff000 ---p 00000000 00:00 0 
7f79cccff000-7f79ccdfd000 rw-p 00000000 00:00 0 
7f79ccdfd000-7f79cce00000 ---p 00000000 00:00 0 
7f79cce00000-7f79ccefe000 rw-p 00000000 00:00 0 
7f79ccefe000-7f79ccf01000 ---p 00000000 00:00 0 
7f79ccf01000-7f79d0000000 rw-p 00000000 00:00 0 
7f79d0000000-7f79d08a0000 rw-p 00000000 00:00 0 
7f79d08a0000-7f79d4000000 ---p 00000000 00:00 0 
7f79d4000000-7f79d4021000 rw-p 00000000 00:00 0 
7f79d4021000-7f79d8000000 ---p 00000000 00:00 0 
7f79d8000000-7f79d8383000 rw-p 00000000 00:00 0 
7f79d8383000-7f79dc000000 ---p 00000000 00:00 0 
7f79dc000000-7f79dd466000 rw-p 00000000 00:00 0 
7f79dd466000-7f79e0000000 ---p 00000000 00:00 0 
7f79e0000000-7f79e281d000 rw-p 00000000 00:00 0 
7f79e281d000-7f79e4000000 ---p 00000000 00:00 0 
7f79e4000000-7f79e402c000 rw-p 00000000 00:00 0 
7f79e402c000-7f79e8000000 ---p 00000000 00:00 0 
7f79e8026000-7f79e8029000 ---p 00000000 00:00 0 
7f79e8029000-7f79e8127000 rw-p 00000000 00:00 0 
7f79e8127000-7f79e812a000 ---p 00000000 00:00 0 
7f79e812a000-7f79e8228000 rw-p 00000000 00:00 0 
7f79e8228000-7f79e822b000 ---p 00000000 00:00 0 
7f79e822b000-7f79e8329000 rw-p 00000000 00:00 0 
7f79e8329000-7f79e832c000 ---p 00000000 00:00 0 
7f79e832c000-7f79e842a000 rw-p 00000000 00:00 0 
7f79e842a000-7f79e842d000 ---p 00000000 00:00 0 
7f79e842d000-7f79e852b000 rw-p 00000000 00:00 0 
7f79e852b000-7f79e852e000 ---p 00000000 00:00 0 
7f79e852e000-7f79e862c000 rw-p 00000000 00:00 0 
7f79e862c000-7f79e862f000 ---p 00000000 00:00 0 
7f79e862f000-7f79e892d000 rw-p 00000000 00:00 0 
7f79e892d000-7f79e8930000 ---p 00000000 00:00 0 
7f79e8930000-7f79e8c2e000 rw-p 00000000 00:00 0 
7f79e8c2e000-7f79e8c31000 ---p 00000000 00:00 0 
7f79e8c31000-7f79e8d2f000 rw-p 00000000 00:00 0 
7f79e8d2f000-7f79e8d32000 ---p 00000000 00:00 0 
7f79e8d32000-7f79e9030000 rw-p 00000000 00:00 0 
7f79e9030000-7f79e9033000 ---p 00000000 00:00 0 
7f79e9033000-7f79e9131000 rw-p 00000000 00:00 0 
7f79e9131000-7f79e9142000 r-xp 00000000 fd:01 256468                     /usr/lib/jvm/java-8-openjdk-amd64/jre/lib/amd64/libnio.so
7f79e9142000-7f79e9342000 ---p 00011000 fd:01 256468                     /usr/lib/jvm/java-8-openjdk-amd64/jre/lib/amd64/libnio.so
7f79e9342000-7f79e9343000 r--p 00011000 fd:01 256468                     /usr/lib/jvm/java-8-openjdk-amd64/jre/lib/amd64/libnio.so
7f79e9343000-7f79e9344000 rw-p 00012000 fd:01 256468                     /usr/lib/jvm/java-8-openjdk-amd64/jre/lib/amd64/libnio.so
7f79e9348000-7f79e934b000 ---p 00000000 00:00 0 
7f79e934b000-7f79e9449000 rw-p 00000000 00:00 0 
7f79e9449000-7f79e944a000 r-xp 00000000 fd:01 256442                     /usr/lib/jvm/java-8-openjdk-amd64/jre/lib/amd64/libjaas_unix.so
7f79e944a000-7f79e9649000 ---p 00001000 fd:01 256442                     /usr/lib/jvm/java-8-openjdk-amd64/jre/lib/amd64/libjaas_unix.so
7f79e9649000-7f79e964a000 r--p 00000000 fd:01 256442                     /usr/lib/jvm/java-8-openjdk-amd64/jre/lib/amd64/libjaas_unix.so
7f79e964a000-7f79e964b000 rw-p 00001000 fd:01 256442                     /usr/lib/jvm/java-8-openjdk-amd64/jre/lib/amd64/libjaas_unix.so
7f79e964f000-7f79e984f000 rw-p 00000000 00:00 0 
7f79e984f000-7f79e9852000 ---p 00000000 00:00 0 
7f79e9852000-7f79e9950000 rw-p 00000000 00:00 0 
7f79e9950000-7f79e9953000 ---p 00000000 00:00 0 
7f79e9953000-7f79e9989000 rw-p 00000000 00:00 0 
7f79e9989000-7f79e9992000 r-xp 00000000 fd:01 256440                     /usr/lib/jvm/java-8-openjdk-amd64/jre/lib/amd64/libmanagement.so
7f79e9992000-7f79e9b91000 ---p 00009000 fd:01 256440                     /usr/lib/jvm/java-8-openjdk-amd64/jre/lib/amd64/libmanagement.so
7f79e9b91000-7f79e9b92000 r--p 00008000 fd:01 256440                     /usr/lib/jvm/java-8-openjdk-amd64/jre/lib/amd64/libmanagement.so
7f79e9b92000-7f79e9b93000 rw-p 00009000 fd:01 256440                     /usr/lib/jvm/java-8-openjdk-amd64/jre/lib/amd64/libmanagement.so
7f79e9b99000-7f79e9b9e000 r--s 000a0000 fd:01 256472                     /usr/lib/jvm/java-8-openjdk-amd64/jre/lib/jsse.jar
7f79e9ba1000-7f79e9da1000 rw-p 00000000 00:00 0 
7f79e9da1000-7f79e9db8000 r-xp 00000000 fd:01 2074                       /lib/x86_64-linux-gnu/libresolv-2.23.so
7f79e9db8000-7f79e9fb8000 ---p 00017000 fd:01 2074                       /lib/x86_64-linux-gnu/libresolv-2.23.so
7f79e9fb8000-7f79e9fb9000 r--p 00017000 fd:01 2074                       /lib/x86_64-linux-gnu/libresolv-2.23.so
7f79e9fb9000-7f79e9fba000 rw-p 00018000 fd:01 2074                       /lib/x86_64-linux-gnu/libresolv-2.23.so
7f79e9fba000-7f79e9fbc000 rw-p 00000000 00:00 0 
7f79e9fc1000-7f79e9fc6000 r-xp 00000000 fd:01 2070                       /lib/x86_64-linux-gnu/libnss_dns-2.23.so
7f79e9fc6000-7f79ea1c6000 ---p 00005000 fd:01 2070                       /lib/x86_64-linux-gnu/libnss_dns-2.23.so
7f79ea1c6000-7f79ea1c7000 r--p 00005000 fd:01 2070                       /lib/x86_64-linux-gnu/libnss_dns-2.23.so
7f79ea1c7000-7f79ea1c8000 rw-p 00006000 fd:01 2070                       /lib/x86_64-linux-gnu/libnss_dns-2.23.so
7f79ea1cf000-7f79ea1d1000 r--s 00016000 fd:01 256422                     /usr/lib/jvm/java-8-openjdk-amd64/jre/lib/jce.jar
7f79ea1d1000-7f79ea3d1000 rw-p 00000000 00:00 0 
7f79ea3d1000-7f79ea3e8000 r-xp 00000000 fd:01 256437                     /usr/lib/jvm/java-8-openjdk-amd64/jre/lib/amd64/libnet.so
7f79ea3e8000-7f79ea5e7000 ---p 00017000 fd:01 256437                     /usr/lib/jvm/java-8-openjdk-amd64/jre/lib/amd64/libnet.so
7f79ea5e7000-7f79ea5e8000 r--p 00016000 fd:01 256437                     /usr/lib/jvm/java-8-openjdk-amd64/jre/lib/amd64/libnet.so
7f79ea5e8000-7f79ea5e9000 rw-p 00017000 fd:01 256437                     /usr/lib/jvm/java-8-openjdk-amd64/jre/lib/amd64/libnet.so
7f79ea5ea000-7f79ea7ea000 rw-p 00000000 00:00 0 
7f79ea7ea000-7f79ea9ea000 rw-p 00000000 00:00 0 
7f79ea9ea000-7f79ea9ec000 r--s 00011000 fd:01 273491                     /home/ubuntu/.local/lib/python3.5/site-packages/pyspark/jars/spark-launcher_2.12-2.4.2.jar
7f79ea9f2000-7f79ea9f7000 r--s 00041000 fd:01 273490                     /home/ubuntu/.local/lib/python3.5/site-packages/pyspark/jars/parquet-hadoop-1.10.1.jar
7f79ea9f9000-7f79ea9fc000 r--s 00028000 fd:01 273489                     /home/ubuntu/.local/lib/python3.5/site-packages/pyspark/jars/stream-2.7.0.jar
7f79ea9ff000-7f79eaa02000 r--s 00016000 fd:01 273488                     /home/ubuntu/.local/lib/python3.5/site-packages/pyspark/jars/jsp-api-2.1.jar
7f79eaa05000-7f79eaa0b000 r--s 0002c000 fd:01 273487                     /home/ubuntu/.local/lib/python3.5/site-packages/pyspark/jars/jdo-api-3.0.1.jar
7f79eaa10000-7f79eaa15000 r--s 00027000 fd:01 273486                     /home/ubuntu/.local/lib/python3.5/site-packages/pyspark/jars/hk2-api-2.4.0-b34.jar
7f79eaa15000-7f79eaa18000 r--s 00014000 fd:01 273485                     /home/ubuntu/.local/lib/python3.5/site-packages/pyspark/jars/super-csv-2.2.0.jar
7f79eaa1f000-7f79eaa37000 r--s 000d6000 fd:01 273484                     /home/ubuntu/.local/lib/python3.5/site-packages/pyspark/jars/jersey-guava-2.22.2.jar
7f79eaa3a000-7f79eaa3c000 r--s 00009000 fd:01 273483                     /home/ubuntu/.local/lib/python3.5/site-packages/pyspark/jars/jackson-module-paranamer-2.7.9.jar
7f79eaa3d000-7f79eaa3e000 r--s 00004000 fd:01 273482                     /home/ubuntu/.local/lib/python3.5/site-packages/pyspark/jars/opencsv-2.3.jar
7f79eaa41000-7f79eaa47000 r--s 00028000 fd:01 273481                     /home/ubuntu/.local/lib/python3.5/site-packages/pyspark/jars/curator-framework-2.7.1.jar
7f79eaa49000-7f79eaa4b000 r--s 00008000 fd:01 273480                     /home/ubuntu/.local/lib/python3.5/site-packages/pyspark/jars/metrics-jvm-3.1.5.jar
7f79eaa50000-7f79eaa52000 r--s 00017000 fd:01 273479                     /home/ubuntu/.local/lib/python3.5/site-packages/pyspark/jars/hive-jdbc-1.2.1.spark2.jar
7f79eaa55000-7f79eaa6e000 r--s 00164000 fd:01 273478                     /home/ubuntu/.local/lib/python3.5/site-packages/pyspark/jars/hadoop-mapreduce-client-core-2.7.3.jar
7f79eaa73000-7f79eaab0000 r--s 008fa000 fd:01 273477                     /home/ubuntu/.local/lib/python3.5/site-packages/pyspark/jars/spire_2.12-0.13.0.jar
7f79eaab3000-7f79eaab5000 r--s 00002000 fd:01 273476                     /home/ubuntu/.local/lib/python3.5/site-packages/pyspark/jars/aopalliance-repackaged-2.4.0-b34.jar
7f79eaabb000-7f79eaabc000 r--s 00002000 fd:01 273475                     /home/ubuntu/.local/lib/python3.5/site-packages/pyspark/jars/slf4j-log4j12-1.7.16.jar
7f79eaabd000-7f79eaad6000 r--s 000f4000 fd:01 273474                     /home/ubuntu/.local/lib/python3.5/site-packages/pyspark/jars/parquet-column-1.10.1.jar
7f79eaad9000-7f79eaaf2000 r--s 00150000 fd:01 273473                     /home/ubuntu/.local/lib/python3.5/site-packages/pyspark/jars/htrace-core-3.1.0-incubating.jar
7f79eaaf2000-7f79eab00000 r--s 000b1000 fd:01 273472                     /home/ubuntu/.local/lib/python3.5/site-packages/pyspark/jars/jackson-mapper-asl-1.9.13.jar
7f79eab04000-7f79eab0c000 r--s 0003b000 fd:01 273471                     /home/ubuntu/.local/lib/python3.5/site-packages/pyspark/jars/curator-recipes-2.7.1.jar
7f79eab0d000-7f79eab0e000 r--s 00004000 fd:01 273470                     /home/ubuntu/.local/lib/python3.5/site-packages/pyspark/jars/eigenbase-properties-1.1.5.jar
7f79eab13000-7f79eab31000 r--s 0018a000 fd:01 273469                     /home/ubuntu/.local/lib/python3.5/site-packages/pyspark/jars/spark-hive-thriftserver_2.12-2.4.2.jar
7f79eab37000-7f79eab3a000 r--s 0001e000 fd:01 273468                     /home/ubuntu/.local/lib/python3.5/site-packages/pyspark/jars/aircompressor-0.10.jar
7f79eab3e000-7f79eab42000 r--s 00035000 fd:01 273467                     /home/ubuntu/.local/lib/python3.5/site-packages/pyspark/jars/jackson-core-asl-1.9.13.jar
7f79eab46000-7f79eab48000 r--s 0001d000 fd:01 273466                     /home/ubuntu/.local/lib/python3.5/site-packages/pyspark/jars/breeze-macros_2.12-0.13.2.jar
7f79eab48000-7f79eab4a000 r--s 0000f000 fd:01 273465                     /home/ubuntu/.local/lib/python3.5/site-packages/pyspark/jars/curator-client-2.7.1.jar
7f79eab51000-7f79eab52000 r--s 00000000 fd:01 273464                     /home/ubuntu/.local/lib/python3.5/site-packages/pyspark/jars/shims-0.7.45.jar
7f79eab57000-7f79eab63000 r--s 000b6000 fd:01 273463                     /home/ubuntu/.local/lib/python3.5/site-packages/pyspark/jars/zookeeper-3.4.6.jar
7f79eab66000-7f79eab69000 r--s 000fd000 fd:01 273462                     /home/ubuntu/.local/lib/python3.5/site-packages/pyspark/jars/leveldbjni-all-1.8.jar
7f79eab6a000-7f79eab6e000 r--s 00051000 fd:01 273461                     /home/ubuntu/.local/lib/python3.5/site-packages/pyspark/jars/json4s-scalap_2.12-3.5.3.jar
7f79eab73000-7f79eab75000 r--s 00002000 fd:01 273460                     /home/ubuntu/.local/lib/python3.5/site-packages/pyspark/jars/logging-interceptor-3.12.0.jar
7f79eab7b000-7f79eab7f000 r--s 0001a000 fd:01 273459                     /home/ubuntu/.local/lib/python3.5/site-packages/pyspark/jars/hk2-utils-2.4.0-b34.jar
7f79eab85000-7f79eabf0000 r--s 00784000 fd:01 273458                     /home/ubuntu/.local/lib/python3.5/site-packages/pyspark/jars/hadoop-hdfs-2.7.3.jar
7f79eabf5000-7f79eac00000 r--s 000bc000 fd:01 273457                     /home/ubuntu/.local/lib/python3.5/site-packages/pyspark/jars/orc-mapreduce-1.5.5-nohive.jar
7f79eac01000-7f79eac03000 r--s 00000000 fd:01 273456                     /home/ubuntu/.local/lib/python3.5/site-packages/pyspark/jars/jul-to-slf4j-1.7.16.jar
7f79eac07000-7f79eac08000 r--s 00006000 fd:01 273455                     /home/ubuntu/.local/lib/python3.5/site-packages/pyspark/jars/hadoop-client-2.7.3.jar
7f79eac0c000-7f79eac20000 r--s 0016b000 fd:01 273454                     /home/ubuntu/.local/lib/python3.5/site-packages/pyspark/jars/orc-core-1.5.5-nohive.jar
7f79eac25000-7f79eac29000 r--s 00014000 fd:01 273453                     /home/ubuntu/.local/lib/python3.5/site-packages/pyspark/jars/parquet-common-1.10.1.jar
7f79eac30000-7f79eac34000 r--s 0002f000 fd:01 273452                     /home/ubuntu/.local/lib/python3.5/site-packages/pyspark/jars/commons-beanutils-core-1.8.0.jar
7f79eac36000-7f79eac39000 r--s 0004d000 fd:01 273451                     /home/ubuntu/.local/lib/python3.5/site-packages/pyspark/jars/spark-yarn_2.12-2.4.2.jar
7f79eac39000-7f79eac7a000 r--s 006c0000 fd:01 273450                     /home/ubuntu/.local/lib/python3.5/site-packages/pyspark/jars/mesos-1.4.0-shaded-protobuf.jar
7f79eac7e000-7f79eac89000 r--s 000c5000 fd:01 273449                     /home/ubuntu/.local/lib/python3.5/site-packages/pyspark/jars/parquet-encoding-1.10.1.jar
7f79eac8b000-7f79eac8f000 r--s 0002a000 fd:01 273448                     /home/ubuntu/.local/lib/python3.5/site-packages/pyspark/jars/commons-io-2.4.jar
7f79eac95000-7f79eac99000 r--s 0003c000 fd:01 273447                     /home/ubuntu/.local/lib/python3.5/site-packages/pyspark/jars/jackson-core-2.6.7.jar
7f79eaca0000-7f79ead49000 r--s 00a4f000 fd:01 273446                     /home/ubuntu/.local/lib/python3.5/site-packages/pyspark/jars/hive-exec-1.2.1.spark2.jar
7f79ead4d000-7f79ead4f000 r--s 00004000 fd:01 273445                     /home/ubuntu/.local/lib/python3.5/site-packages/pyspark/jars/metrics-graphite-3.1.5.jar
7f79ead54000-7f79ead6a000 r--s 000d3000 fd:01 273444                     /home/ubuntu/.local/lib/python3.5/site-packages/pyspark/jars/jersey-server-2.22.2.jar
7f79ead6b000-7f79ead6f000 r--s 0001a000 fd:01 273443                     /home/ubuntu/.local/lib/python3.5/site-packages/pyspark/jars/metrics-core-3.1.5.jar
7f79ead75000-7f79eadf5000 r--s 00c34000 fd:01 273442                     /home/ubuntu/.local/lib/python3.5/site-packages/pyspark/jars/breeze_2.12-0.13.2.jar
7f79eadfc000-7f79eadfd000 r--s 00003000 fd:01 273441                     /home/ubuntu/.local/lib/python3.5/site-packages/pyspark/jars/xmlenc-0.52.jar
7f79eae01000-7f79eae03000 r--s 00008000 fd:01 273440                     /home/ubuntu/.local/lib/python3.5/site-packages/pyspark/jars/commons-compiler-3.0.9.jar
7f79eae08000-7f79eae17000 r--s 0009f000 fd:01 273439                     /home/ubuntu/.local/lib/python3.5/site-packages/pyspark/jars/guice-3.0.jar
7f79eae1a000-7f79eae1c000 r--s 00009000 fd:01 273438                     /home/ubuntu/.local/lib/python3.5/site-packages/pyspark/jars/commons-cli-1.2.jar
7f79eae23000-7f79eae2e000 r--s 00062000 fd:01 273437                     /home/ubuntu/.local/lib/python3.5/site-packages/pyspark/jars/calcite-linq4j-1.2.0-incubating.jar
7f79eae34000-7f79eae3c000 r--s 0007b000 fd:01 273436                     /home/ubuntu/.local/lib/python3.5/site-packages/pyspark/jars/protobuf-java-2.5.0.jar
7f79eae43000-7f79eae48000 r--s 0002a000 fd:01 273435                     /home/ubuntu/.local/lib/python3.5/site-packages/pyspark/jars/gson-2.2.4.jar
7f79eae49000-7f79eae81000 r--s 004d0000 fd:01 273434                     /home/ubuntu/.local/lib/python3.5/site-packages/pyspark/jars/scala-library-2.12.8.jar
7f79eae88000-7f79eae89000 r--s 00007000 fd:01 273433                     /home/ubuntu/.local/lib/python3.5/site-packages/pyspark/jars/jackson-module-jaxb-annotations-2.6.7.jar
7f79eae8f000-7f79eae91000 r--s 0000e000 fd:01 273432                     /home/ubuntu/.local/lib/python3.5/site-packages/pyspark/jars/guice-servlet-3.0.jar
7f79eae97000-7f79eae9b000 r--s 00036000 fd:01 273431                     /home/ubuntu/.local/lib/python3.5/site-packages/pyspark/jars/ST4-4.0.4.jar
7f79eae9e000-7f79eaea2000 r--s 00015000 fd:01 273430                     /home/ubuntu/.local/lib/python3.5/site-packages/pyspark/jars/xz-1.5.jar
7f79eaea5000-7f79eaea8000 r--s 00034000 fd:01 273429                     /home/ubuntu/.local/lib/python3.5/site-packages/pyspark/jars/scala-parser-combinators_2.12-1.1.0.jar
7f79eaea9000-7f79eaeab000 r--s 00020000 fd:01 273428                     /home/ubuntu/.local/lib/python3.5/site-packages/pyspark/jars/hive-beeline-1.2.1.spark2.jar
7f79eaeb2000-7f79eaeb3000 r--s 00001000 fd:01 273427                     /home/ubuntu/.local/lib/python3.5/site-packages/pyspark/jars/javax.inject-2.4.0-b34.jar
7f79eaeb3000-7f79eaeb4000 r--s 00002000 fd:01 273426                     /home/ubuntu/.local/lib/python3.5/site-packages/pyspark/jars/flatbuffers-1.2.0-3f79e055.jar
7f79eaeb8000-7f79eaeba000 r--s 00027000 fd:01 273425                     /home/ubuntu/.local/lib/python3.5/site-packages/pyspark/jars/core-1.1.2.jar
7f79eaebe000-7f79eaec5000 r--s 0007d000 fd:01 273424                     /home/ubuntu/.local/lib/python3.5/site-packages/pyspark/jars/jetty-6.1.26.jar
7f79eaecc000-7f79eaece000 r--s 00003000 fd:01 273423                     /home/ubuntu/.local/lib/python3.5/site-packages/pyspark/jars/jersey-container-servlet-2.22.2.jar
7f79eaed3000-7f79eaf14000 r--s 0035a000 fd:01 273422                     /home/ubuntu/.local/lib/python3.5/site-packages/pyspark/jars/netty-all-4.1.17.Final.jar
7f79eaf18000-7f79eaf1d000 r--s 00027000 fd:01 273421                     /home/ubuntu/.local/lib/python3.5/site-packages/pyspark/jars/automaton-1.11-8.jar
7f79eaf24000-7f79eaf26000 r--s 00003000 fd:01 273420                     /home/ubuntu/.local/lib/python3.5/site-packages/pyspark/jars/api-asn1-api-1.0.0-M20.jar
7f79eaf2c000-7f79eaf3c000 r--s 00133000 fd:01 273419                     /home/ubuntu/.local/lib/python3.5/site-packages/pyspark/jars/arrow-vector-0.10.0.jar
7f79eaf3e000-7f79eaf42000 r--s 00025000 fd:01 273418                     /home/ubuntu/.local/lib/python3.5/site-packages/pyspark/jars/antlr-runtime-3.4.jar
7f79eaf48000-7f79eaf51000 r--s 0006f000 fd:01 273417                     /home/ubuntu/.local/lib/python3.5/site-packages/pyspark/jars/log4j-1.2.17.jar
7f79eaf57000-7f79eaf5a000 r--s 00006000 fd:01 273416                     /home/ubuntu/.local/lib/python3.5/site-packages/pyspark/jars/jsr305-1.3.9.jar
7f79eaf61000-7f79eaf64000 r--s 00058000 fd:01 273415                     /home/ubuntu/.local/lib/python3.5/site-packages/pyspark/jars/lz4-java-1.4.0.jar
7f79eaf65000-7f79eaf67000 r--s 00004000 fd:01 273414                     /home/ubuntu/.local/lib/python3.5/site-packages/pyspark/jars/stax-api-1.0-2.jar
7f79eaf67000-7f79eaf6c000 r--s 0003e000 fd:01 273413                     /home/ubuntu/.local/lib/python3.5/site-packages/pyspark/jars/commons-net-3.1.jar
7f79eaf6d000-7f79eaf71000 r--s 0004c000 fd:01 273412                     /home/ubuntu/.local/lib/python3.5/site-packages/pyspark/jars/RoaringBitmap-0.7.45.jar
7f79eaf77000-7f79eaf7a000 r--s 0001e000 fd:01 273411                     /home/ubuntu/.local/lib/python3.5/site-packages/pyspark/jars/avro-ipc-1.8.2.jar
7f79eaf7a000-7f79eaf8b000 r--s 00089000 fd:01 273410                     /home/ubuntu/.local/lib/python3.5/site-packages/pyspark/jars/joda-time-2.9.3.jar
7f79eaf90000-7f79eafe3000 r--s 007ef000 fd:01 273409                     /home/ubuntu/.local/lib/python3.5/site-packages/pyspark/jars/spark-core_2.12-2.4.2.jar
7f79eafe9000-7f79eafed000 r--s 00028000 fd:01 273408                     /home/ubuntu/.local/lib/python3.5/site-packages/pyspark/jars/jetty-util-6.1.26.jar
7f79eaff1000-7f79eaff3000 r--s 00010000 fd:01 273407                     /home/ubuntu/.local/lib/python3.5/site-packages/pyspark/jars/spire-macros_2.12-0.13.0.jar
7f79eaff5000-7f79eb00b000 r--s 00124000 fd:01 273406                     /home/ubuntu/.local/lib/python3.5/site-packages/pyspark/jars/ivy-2.4.0.jar
7f79eb00c000-7f79eb00e000 r--s 00003000 fd:01 273405                     /home/ubuntu/.local/lib/python3.5/site-packages/pyspark/jars/jcl-over-slf4j-1.7.16.jar
7f79eb011000-7f79eb01c000 r--s 000b0000 fd:01 273404                     /home/ubuntu/.local/lib/python3.5/site-packages/pyspark/jars/jtransforms-2.4.0.jar
7f79eb01f000-7f79eb021000 r--s 0000e000 fd:01 273403                     /home/ubuntu/.local/lib/python3.5/site-packages/pyspark/jars/oro-2.0.8.jar
7f79eb024000-7f79eb02c000 r--s 0005b000 fd:01 273402                     /home/ubuntu/.local/lib/python3.5/site-packages/pyspark/jars/univocity-parsers-2.7.3.jar
7f79eb030000-7f79eb032000 r--s 0000f000 fd:01 273401                     /home/ubuntu/.local/lib/python3.5/site-packages/pyspark/jars/activation-1.1.1.jar
7f79eb034000-7f79eb03a000 r--s 00043000 fd:01 273400                     /home/ubuntu/.local/lib/python3.5/site-packages/pyspark/jars/commons-configuration-1.6.jar
7f79eb03a000-7f79eb03f000 r--s 00041000 fd:01 273399                     /home/ubuntu/.local/lib/python3.5/site-packages/pyspark/jars/xbean-asm6-shaded-4.8.jar
7f79eb041000-7f79eb043000 r--s 00238000 fd:01 273398                     /home/ubuntu/.local/lib/python3.5/site-packages/pyspark/jars/zstd-jni-1.3.2-2.jar
7f79eb04a000-7f79eb04b000 r--s 00009000 fd:01 273397                     /home/ubuntu/.local/lib/python3.5/site-packages/pyspark/jars/slf4j-api-1.7.16.jar
7f79eb050000-7f79eb05d000 r--s 000af000 fd:01 273396                     /home/ubuntu/.local/lib/python3.5/site-packages/pyspark/jars/httpclient-4.5.6.jar
7f79eb05e000-7f79eb068000 r--s 000a5000 fd:01 273395                     /home/ubuntu/.local/lib/python3.5/site-packages/pyspark/jars/javassist-3.18.1-GA.jar
7f79eb069000-7f79eb06a000 r--s 00000000 fd:01 273394                     /home/ubuntu/.local/lib/python3.5/site-packages/pyspark/jars/kubernetes-model-common-4.1.2.jar
7f79eb06e000-7f79eb074000 r--s 00045000 fd:01 273393                     /home/ubuntu/.local/lib/python3.5/site-packages/pyspark/jars/commons-httpclient-3.1.jar
7f79eb078000-7f79eb08a000 r--s 00097000 fd:01 273392                     /home/ubuntu/.local/lib/python3.5/site-packages/pyspark/jars/apacheds-kerberos-codec-2.0.0-M15.jar
7f79eb08c000-7f79eb08e000 r--s 0000b000 fd:01 273391                     /home/ubuntu/.local/lib/python3.5/site-packages/pyspark/jars/spark-kvstore_2.12-2.4.2.jar
7f79eb08e000-7f79eb092000 r--s 00065000 fd:01 273390                     /home/ubuntu/.local/lib/python3.5/site-packages/pyspark/jars/spark-graphx_2.12-2.4.2.jar
7f79eb093000-7f79eb0c9000 r--s 004da000 fd:01 273389                     /home/ubuntu/.local/lib/python3.5/site-packages/pyspark/jars/spark-mllib_2.12-2.4.2.jar
7f79eb0ca000-7f79eb0d1000 r--s 00049000 fd:01 273388                     /home/ubuntu/.local/lib/python3.5/site-packages/pyspark/jars/httpcore-4.4.10.jar
7f79eb0d3000-7f79eb0e5000 r--s 00112000 fd:01 273387                     /home/ubuntu/.local/lib/python3.5/site-packages/pyspark/jars/arpack_combined_all-0.1.jar
7f79eb0e5000-7f79eb0eb000 r--s 00034000 fd:01 273386                     /home/ubuntu/.local/lib/python3.5/site-packages/pyspark/jars/libthrift-0.9.3.jar
7f79eb0ed000-7f79eb0f1000 r--s 0000c000 fd:01 273385                     /home/ubuntu/.local/lib/python3.5/site-packages/pyspark/jars/validation-api-1.1.0.Final.jar
7f79eb0f1000-7f79eb1cd000 r--s 00818000 fd:01 273384                     /home/ubuntu/.local/lib/python3.5/site-packages/pyspark/jars/kubernetes-model-4.1.2.jar
7f79eb1ce000-7f79eb1d1000 r--s 0002d000 fd:01 273383                     /home/ubuntu/.local/lib/python3.5/site-packages/pyspark/jars/chill_2.12-0.9.3.jar
7f79eb1d7000-7f79eb1d8000 r--s 00006000 fd:01 273382                     /home/ubuntu/.local/lib/python3.5/site-packages/pyspark/jars/jackson-xc-1.9.13.jar
7f79eb1db000-7f79eb1dd000 r--s 00012000 fd:01 273381                     /home/ubuntu/.local/lib/python3.5/site-packages/pyspark/jars/api-util-1.0.0-M20.jar
7f79eb1df000-7f79eb208000 r--s 001ee000 fd:01 273380                     /home/ubuntu/.local/lib/python3.5/site-packages/pyspark/jars/guava-14.0.1.jar
7f79eb20c000-7f79eb210000 r--s 0004b000 fd:01 273379                     /home/ubuntu/.local/lib/python3.5/site-packages/pyspark/jars/spark-kubernetes_2.12-2.4.2.jar
7f79eb211000-7f79eb23c000 r--s 00288000 fd:01 273378                     /home/ubuntu/.local/lib/python3.5/site-packages/pyspark/jars/shapeless_2.12-2.3.2.jar
7f79eb23f000-7f79eb247000 r--s 0006e000 fd:01 273377                     /home/ubuntu/.local/lib/python3.5/site-packages/pyspark/jars/commons-lang3-3.5.jar
7f79eb24d000-7f79eb251000 r--s 00044000 fd:01 273376                     /home/ubuntu/.local/lib/python3.5/site-packages/pyspark/jars/spark-mesos_2.12-2.4.2.jar
7f79eb258000-7f79eb27b000 r--s 00357000 fd:01 273375                     /home/ubuntu/.local/lib/python3.5/site-packages/pyspark/jars/scala-reflect-2.12.8.jar
7f79eb282000-7f79eb285000 r--s 00009000 fd:01 273374                     /home/ubuntu/.local/lib/python3.5/site-packages/pyspark/jars/jackson-annotations-2.6.7.jar
7f79eb28c000-7f79eb29a000 r--s 000a3000 fd:01 273373                     /home/ubuntu/.local/lib/python3.5/site-packages/pyspark/jars/parquet-format-2.4.0.jar
7f79eb2a0000-7f79eb2c1000 r--s 00177000 fd:01 273372                     /home/ubuntu/.local/lib/python3.5/site-packages/pyspark/jars/hppc-0.7.2.jar
7f79eb2c5000-7f79eb2d6000 r--s 0010c000 fd:01 273371                     /home/ubuntu/.local/lib/python3.5/site-packages/pyspark/jars/jackson-databind-2.6.7.1.jar
7f79eb2dc000-7f79eb2de000 r--s 00003000 fd:01 273370                     /home/ubuntu/.local/lib/python3.5/site-packages/pyspark/jars/JavaEWAH-0.3.2.jar
7f79eb2e1000-7f79eb2e2000 r--s 00000000 fd:01 273369                     /home/ubuntu/.local/lib/python3.5/site-packages/pyspark/jars/macro-compat_2.12-1.1.1.jar
7f79eb2e2000-7f79eb2e3000 r--s 00009000 fd:01 273368                     /home/ubuntu/.local/lib/python3.5/site-packages/pyspark/jars/hadoop-annotations-2.7.3.jar
7f79eb2e8000-7f79eb337000 r--s 009b7000 fd:01 273367                     /home/ubuntu/.local/lib/python3.5/site-packages/pyspark/jars/scala-compiler-2.12.8.jar
7f79eb337000-7f79eb339000 r--s 00006000 fd:01 273366                     /home/ubuntu/.local/lib/python3.5/site-packages/pyspark/jars/spark-sketch_2.12-2.4.2.jar
7f79eb340000-7f79eb342000 r--s 00017000 fd:01 273365                     /home/ubuntu/.local/lib/python3.5/site-packages/pyspark/jars/spark-mllib-local_2.12-2.4.2.jar
7f79eb346000-7f79eb375000 r--s 002e5000 fd:01 273364                     /home/ubuntu/.local/lib/python3.5/site-packages/pyspark/jars/derby-10.12.1.1.jar
7f79eb37c000-7f79eb37d000 r--s 00003000 fd:01 273363                     /home/ubuntu/.local/lib/python3.5/site-packages/pyspark/jars/jta-1.1.jar
7f79eb37e000-7f79eb386000 r--s 0005d000 fd:01 273362                     /home/ubuntu/.local/lib/python3.5/site-packages/pyspark/jars/kryo-shaded-4.0.2.jar
7f79eb38d000-7f79eb38e000 r--s 00004000 fd:01 273361                     /home/ubuntu/.local/lib/python3.5/site-packages/pyspark/jars/jackson-jaxrs-1.9.13.jar
7f79eb394000-7f79eb39e000 r--s 0007b000 fd:01 273360                     /home/ubuntu/.local/lib/python3.5/site-packages/pyspark/jars/hadoop-mapreduce-client-app-2.7.3.jar
7f79eb39e000-7f79eb3ac000 r--s 0009d000 fd:01 273359                     /home/ubuntu/.local/lib/python3.5/site-packages/pyspark/jars/jersey-common-2.22.2.jar
7f79eb3ac000-7f79eb3ae000 r--s 0000b000 fd:01 273358                     /home/ubuntu/.local/lib/python3.5/site-packages/pyspark/jars/spark-repl_2.12-2.4.2.jar
7f79eb3b2000-7f79eb3ba000 r--s 00059000 fd:01 273357                     /home/ubuntu/.local/lib/python3.5/site-packages/pyspark/jars/javolution-5.5.1.jar
7f79eb3bb000-7f79eb3bc000 r--s 00002000 fd:01 273356                     /home/ubuntu/.local/lib/python3.5/site-packages/pyspark/jars/jpam-1.1.jar
7f79eb3bd000-7f79eb3d6000 r--s 0012c000 fd:01 273355                     /home/ubuntu/.local/lib/python3.5/site-packages/pyspark/jars/netty-3.9.9.Final.jar
7f79eb3d6000-7f79eb3d8000 r--s 00015000 fd:01 273354                     /home/ubuntu/.local/lib/python3.5/site-packages/pyspark/jars/hadoop-auth-2.7.3.jar
7f79eb3dc000-7f79eb3e3000 r--s 00053000 fd:01 273353                     /home/ubuntu/.local/lib/python3.5/site-packages/pyspark/jars/commons-compress-1.8.1.jar
7f79eb3e4000-7f79eb3ea000 r--s 00063000 fd:01 273352                     /home/ubuntu/.local/lib/python3.5/site-packages/pyspark/jars/jodd-core-3.5.2.jar
7f79eb3ef000-7f79eb452000 r--s 004de000 fd:01 273351                     /home/ubuntu/.local/lib/python3.5/site-packages/pyspark/jars/hive-metastore-1.2.1.spark2.jar
7f79eb458000-7f79eb464000 r--s 0010f000 fd:01 273350                     /home/ubuntu/.local/lib/python3.5/site-packages/pyspark/jars/spark-streaming_2.12-2.4.2.jar
7f79eb469000-7f79eb46d000 r--s 00020000 fd:01 273349                     /home/ubuntu/.local/lib/python3.5/site-packages/pyspark/jars/commons-digester-1.8.jar
7f79eb474000-7f79eb477000 r--s 001eb000 fd:01 273348                     /home/ubuntu/.local/lib/python3.5/site-packages/pyspark/jars/snappy-java-1.1.7.3.jar
7f79eb47a000-7f79eb485000 r--s 000b9000 fd:01 273347                     /home/ubuntu/.local/lib/python3.5/site-packages/pyspark/jars/janino-3.0.9.jar
7f79eb487000-7f79eb48e000 r--s 00046000 fd:01 273346                     /home/ubuntu/.local/lib/python3.5/site-packages/pyspark/jars/libfb303-0.9.3.jar
7f79eb48e000-7f79eb491000 r--s 00015000 fd:01 273345                     /home/ubuntu/.local/lib/python3.5/site-packages/pyspark/jars/pyrolite-4.13.jar
7f79eb494000-7f79eb496000 r--s 0000b000 fd:01 273344                     /home/ubuntu/.local/lib/python3.5/site-packages/pyspark/jars/arrow-format-0.10.0.jar
7f79eb498000-7f79eb49a000 r--s 0001f000 fd:01 273343                     /home/ubuntu/.local/lib/python3.5/site-packages/pyspark/jars/commons-crypto-1.0.0.jar
7f79eb49c000-7f79eb49e000 r--s 00013000 fd:01 273342                     /home/ubuntu/.local/lib/python3.5/site-packages/pyspark/jars/json4s-ast_2.12-3.5.3.jar
7f79eb4a0000-7f79eb4a2000 r--s 00007000 fd:01 273341                     /home/ubuntu/.local/lib/python3.5/site-packages/pyspark/jars/paranamer-2.8.jar
7f79eb4a9000-7f79eb4f4000 r--s 00678000 fd:01 273340                     /home/ubuntu/.local/lib/python3.5/site-packages/pyspark/jars/spark-catalyst_2.12-2.4.2.jar
7f79eb4f6000-7f79eb4f8000 r--s 0000d000 fd:01 273339                     /home/ubuntu/.local/lib/python3.5/site-packages/pyspark/jars/chill-java-0.9.3.jar
7f79eb4fb000-7f79eb4fd000 r--s 00012000 fd:01 273338                     /home/ubuntu/.local/lib/python3.5/site-packages/pyspark/jars/compress-lzf-1.0.3.jar
7f79eb4fd000-7f79eb51e000 r--s 0015c000 fd:01 273337                     /home/ubuntu/.local/lib/python3.5/site-packages/pyspark/jars/avro-1.8.2.jar
7f79eb522000-7f79eb52f000 r--s 000b1000 fd:01 273336                     /home/ubuntu/.local/lib/python3.5/site-packages/pyspark/jars/hadoop-mapreduce-client-common-2.7.3.jar
7f79eb536000-7f79eb539000 r--s 00025000 fd:01 273335                     /home/ubuntu/.local/lib/python3.5/site-packages/pyspark/jars/commons-dbcp-1.4.jar
7f79eb53d000-7f79eb543000 r--s 0004c000 fd:01 273334                     /home/ubuntu/.local/lib/python3.5/site-packages/pyspark/jars/antlr4-runtime-4.7.jar
7f79eb548000-7f79eb54a000 r--s 00007000 fd:01 273333                     /home/ubuntu/.local/lib/python3.5/site-packages/pyspark/jars/machinist_2.12-0.6.1.jar
7f79eb54a000-7f79eb54e000 r--s 00019000 fd:01 273332                     /home/ubuntu/.local/lib/python3.5/site-packages/pyspark/jars/javax.ws.rs-api-2.0.1.jar
7f79eb552000-7f79eb555000 r--s 00019000 fd:01 273331                     /home/ubuntu/.local/lib/python3.5/site-packages/pyspark/jars/bonecp-0.8.0.RELEASE.jar
7f79eb55b000-7f79eb589000 r--s 0021a000 fd:01 273330                     /home/ubuntu/.local/lib/python3.5/site-packages/pyspark/jars/spark-network-common_2.12-2.4.2.jar
7f79eb58d000-7f79eb5a1000 r--s 000ec000 fd:01 273329                     /home/ubuntu/.local/lib/python3.5/site-packages/pyspark/jars/parquet-jackson-1.10.1.jar
7f79eb5a4000-7f79eb5a5000 r--s 00003000 fd:01 273328                     /home/ubuntu/.local/lib/python3.5/site-packages/pyspark/jars/spark-tags_2.12-2.4.2.jar
7f79eb5a5000-7f79eb5ab000 r--s 0005c000 fd:01 273327                     /home/ubuntu/.local/lib/python3.5/site-packages/pyspark/jars/okhttp-3.8.1.jar
7f79eb5af000-7f79eb5b7000 r--s 00066000 fd:01 273326                     /home/ubuntu/.local/lib/python3.5/site-packages/pyspark/jars/apache-log4j-extras-1.2.17.jar
7f79eb5ba000-7f79eb5bb000 r--s 00001000 fd:01 273325                     /home/ubuntu/.local/lib/python3.5/site-packages/pyspark/jars/minlog-1.3.0.jar
7f79eb5bc000-7f79eb5bd000 r--s 0000b000 fd:01 273324                     /home/ubuntu/.local/lib/python3.5/site-packages/pyspark/jars/snappy-0.2.jar
7f79eb5be000-7f79eb5c1000 r--s 00015000 fd:01 273323                     /home/ubuntu/.local/lib/python3.5/site-packages/pyspark/jars/commons-pool-1.5.4.jar
7f79eb5c3000-7f79eb5c9000 r--s 00072000 fd:01 273322                     /home/ubuntu/.local/lib/python3.5/site-packages/pyspark/jars/json4s-core_2.12-3.5.3.jar
7f79eb5ca000-7f79eb5cb000 r--s 00009000 fd:01 273321                     /home/ubuntu/.local/lib/python3.5/site-packages/pyspark/jars/json4s-jackson_2.12-3.5.3.jar
7f79eb5d1000-7f79eb5d8000 r--s 00058000 fd:01 273320                     /home/ubuntu/.local/lib/python3.5/site-packages/pyspark/jars/hadoop-yarn-server-common-2.7.3.jar
7f79eb5dd000-7f79eb5de000 r--s 00004000 fd:01 273319                     /home/ubuntu/.local/lib/python3.5/site-packages/pyspark/jars/osgi-resource-locator-1.0.1.jar
7f79eb5e1000-7f79eb5e3000 r--s 00010000 fd:01 273318                     /home/ubuntu/.local/lib/python3.5/site-packages/pyspark/jars/jersey-media-jaxb-2.22.2.jar
7f79eb5e3000-7f79eb5e6000 r--s 00022000 fd:01 273317                     /home/ubuntu/.local/lib/python3.5/site-packages/pyspark/jars/stringtemplate-3.2.1.jar
7f79eb5ec000-7f79eb5ed000 r--s 00003000 fd:01 273316                     /home/ubuntu/.local/lib/python3.5/site-packages/pyspark/jars/metrics-json-3.1.5.jar
7f79eb5ef000-7f79eb5f3000 r--s 0003e000 fd:01 273315                     /home/ubuntu/.local/lib/python3.5/site-packages/pyspark/jars/jline-2.14.6.jar
7f79eb5f3000-7f79eb5f5000 r--s 00012000 fd:01 273314                     /home/ubuntu/.local/lib/python3.5/site-packages/pyspark/jars/arrow-memory-0.10.0.jar
7f79eb5f6000-7f79eb5f8000 r--s 00005000 fd:01 273313                     /home/ubuntu/.local/lib/python3.5/site-packages/pyspark/jars/stax-api-1.0.1.jar
7f79eb5fa000-7f79eb5ff000 r--s 00081000 fd:01 273312                     /home/ubuntu/.local/lib/python3.5/site-packages/pyspark/jars/scala-xml_2.12-1.0.5.jar
7f79eb600000-7f79eb603000 r--s 0000f000 fd:01 273311                     /home/ubuntu/.local/lib/python3.5/site-packages/pyspark/jars/spark-network-shuffle_2.12-2.4.2.jar
7f79eb607000-7f79eb608000 r--s 00006000 fd:01 273310                     /home/ubuntu/.local/lib/python3.5/site-packages/pyspark/jars/orc-shims-1.5.5.jar
7f79eb60a000-7f79eb60f000 r--s 00041000 fd:01 273309                     /home/ubuntu/.local/lib/python3.5/site-packages/pyspark/jars/commons-lang-2.6.jar
7f79eb616000-7f79eb633000 r--s 001d5000 fd:01 273308                     /home/ubuntu/.local/lib/python3.5/site-packages/pyspark/jars/hadoop-yarn-api-2.7.3.jar
7f79eb637000-7f79eb63a000 r--s 0000e000 fd:01 273307                     /home/ubuntu/.local/lib/python3.5/site-packages/pyspark/jars/jersey-container-servlet-core-2.22.2.jar
7f79eb63e000-7f79eb656000 r--s 00115000 fd:01 273306                     /home/ubuntu/.local/lib/python3.5/site-packages/pyspark/jars/xercesImpl-2.9.1.jar
7f79eb65b000-7f79eb666000 r--s 0007a000 fd:01 273305                     /home/ubuntu/.local/lib/python3.5/site-packages/pyspark/jars/kubernetes-client-4.1.2.jar
7f79eb669000-7f79eb66f000 r--s 00050000 fd:01 273304                     /home/ubuntu/.local/lib/python3.5/site-packages/pyspark/jars/jackson-module-scala_2.12-2.6.7.1.jar
7f79eb676000-7f79eb67b000 r--s 0009d000 fd:01 273303                     /home/ubuntu/.local/lib/python3.5/site-packages/pyspark/jars/spark-hive_2.12-2.4.2.jar
7f79eb67c000-7f79eb67f000 r--s 0000b000 fd:01 273302                     /home/ubuntu/.local/lib/python3.5/site-packages/pyspark/jars/objenesis-2.5.1.jar
7f79eb685000-7f79eb687000 r--s 0001c000 fd:01 273301                     /home/ubuntu/.local/lib/python3.5/site-packages/pyspark/jars/py4j-0.10.7.jar
7f79eb68c000-7f79eb6a3000 r--s 00183000 fd:01 273300                     /home/ubuntu/.local/lib/python3.5/site-packages/pyspark/jars/hadoop-yarn-common-2.7.3.jar
7f79eb6aa000-7f79eb6ae000 r--s 00029000 fd:01 273299                     /home/ubuntu/.local/lib/python3.5/site-packages/pyspark/jars/hk2-locator-2.4.0-b34.jar
7f79eb6b0000-7f79eb6e4000 r--s 00277000 fd:01 273298                     /home/ubuntu/.local/lib/python3.5/site-packages/pyspark/jars/parquet-hadoop-bundle-1.6.0.jar
7f79eb6e4000-7f79eb6e5000 r--s 00013000 fd:01 273297                     /home/ubuntu/.local/lib/python3.5/site-packages/pyspark/jars/okio-1.13.0.jar
7f79eb6e7000-7f79eb6f0000 r--s 00046000 fd:01 273296                     /home/ubuntu/.local/lib/python3.5/site-packages/pyspark/jars/jackson-dataformat-yaml-2.6.7.jar
7f79eb6f5000-7f79eb6fb000 r--s 0003c000 fd:01 273295                     /home/ubuntu/.local/lib/python3.5/site-packages/pyspark/jars/snakeyaml-1.15.jar
7f79eb6ff000-7f79eb717000 r--s 001b6000 fd:01 273294                     /home/ubuntu/.local/lib/python3.5/site-packages/pyspark/jars/datanucleus-core-3.2.10.jar
7f79eb71d000-7f79eb753000 r--s 0031c000 fd:01 273293                     /home/ubuntu/.local/lib/python3.5/site-packages/pyspark/jars/hadoop-common-2.7.3.jar
7f79eb754000-7f79eb756000 r--s 0000b000 fd:01 273292                     /home/ubuntu/.local/lib/python3.5/site-packages/pyspark/jars/spark-unsafe_2.12-2.4.2.jar
7f79eb75c000-7f79eb769000 r--s 00083000 fd:01 273291                     /home/ubuntu/.local/lib/python3.5/site-packages/pyspark/jars/commons-collections-3.2.2.jar
7f79eb76e000-7f79eb771000 r--s 00015000 fd:01 273290                     /home/ubuntu/.local/lib/python3.5/site-packages/pyspark/jars/javax.servlet-api-3.1.0.jar
7f79eb775000-7f79eb7aa000 r--s 0054c000 fd:01 273289                     /home/ubuntu/.local/lib/python3.5/site-packages/pyspark/jars/spark-sql_2.12-2.4.2.jar
7f79eb7af000-7f79eb7b1000 r--s 0000e000 fd:01 273288                     /home/ubuntu/.local/lib/python3.5/site-packages/pyspark/jars/commons-logging-1.1.3.jar
7f79eb7b1000-7f79eb7b6000 r--s 00068000 fd:01 273287                     /home/ubuntu/.local/lib/python3.5/site-packages/pyspark/jars/antlr-2.7.7.jar
7f79eb7b9000-7f79eb7bb000 r--s 00000000 fd:01 273286                     /home/ubuntu/.local/lib/python3.5/site-packages/pyspark/jars/aopalliance-1.0.jar
7f79eb7bb000-7f79eb7c0000 r--s 0002a000 fd:01 273285                     /home/ubuntu/.local/lib/python3.5/site-packages/pyspark/jars/commons-beanutils-1.7.0.jar
7f79eb7c1000-7f79eb7c2000 r--s 00000000 fd:01 273284                     /home/ubuntu/.local/lib/python3.5/site-packages/pyspark/jars/javax.inject-1.jar
7f79eb7c8000-7f79eb7cf000 r--s 0003f000 fd:01 273283                     /home/ubuntu/.local/lib/python3.5/site-packages/pyspark/jars/commons-codec-1.10.jar
7f79eb7d3000-7f79eb7d4000 r--s 0000a000 fd:01 273282                     /home/ubuntu/.local/lib/python3.5/site-packages/pyspark/jars/apacheds-i18n-2.0.0-M15.jar
7f79eb7d6000-7f79eb7d8000 r--s 00005000 fd:01 273281                     /home/ubuntu/.local/lib/python3.5/site-packages/pyspark/jars/javax.annotation-api-1.2.jar
7f79eb7de000-7f79eb815000 r--s 00325000 fd:01 273280                     /home/ubuntu/.local/lib/python3.5/site-packages/pyspark/jars/calcite-core-1.2.0-incubating.jar
7f79eb816000-7f79eb818000 r--s 0000d000 fd:01 273279                     /home/ubuntu/.local/lib/python3.5/site-packages/pyspark/jars/hadoop-yarn-server-web-proxy-2.7.3.jar
7f79eb81f000-7f79eb821000 r--s 0000e000 fd:01 273278                     /home/ubuntu/.local/lib/python3.5/site-packages/pyspark/jars/hadoop-mapreduce-client-jobclient-2.7.3.jar
7f79eb822000-7f79eb824000 r--s 00001000 fd:01 273277                     /home/ubuntu/.local/lib/python3.5/site-packages/pyspark/jars/spark-tags_2.12-2.4.2-tests.jar
7f79eb828000-7f79eb82a000 r--s 00007000 fd:01 273276                     /home/ubuntu/.local/lib/python3.5/site-packages/pyspark/jars/zjsonpatch-0.3.0.jar
7f79eb830000-7f79eb833000 r--s 00017000 fd:01 273275                     /home/ubuntu/.local/lib/python3.5/site-packages/pyspark/jars/jaxb-api-2.2.2.jar
7f79eb83a000-7f79eb841000 r--s 00039000 fd:01 273273                     /home/ubuntu/.local/lib/python3.5/site-packages/pyspark/jars/calcite-avatica-1.2.0-incubating.jar
7f79eb845000-7f79eb85b000 r--s 001a4000 fd:01 273270                     /home/ubuntu/.local/lib/python3.5/site-packages/pyspark/jars/datanucleus-rdbms-3.2.9.jar
7f79eb85c000-7f79eb85d000 ---p 00000000 00:00 0 
7f79eb85d000-7f79eb95d000 rw-p 00000000 00:00 0 
7f79eb95d000-7f79eb960000 ---p 00000000 00:00 0 
7f79eb960000-7f79eba5e000 rw-p 00000000 00:00 0 
7f79eba5e000-7f79eba61000 ---p 00000000 00:00 0 
7f79eba61000-7f79ebb5f000 rw-p 00000000 00:00 0 
7f79ebb5f000-7f79ebb62000 ---p 00000000 00:00 0 
7f79ebb62000-7f79ebc60000 rw-p 00000000 00:00 0 
7f79ebc60000-7f79ebc63000 ---p 00000000 00:00 0 
7f79ebc63000-7f79ebd61000 rw-p 00000000 00:00 0 
7f79ebd61000-7f79ebef9000 r--p 00000000 fd:01 2482                       /usr/lib/locale/locale-archive
7f79ebeff000-7f79ebf02000 ---p 00000000 00:00 0 
7f79ebf02000-7f79ec000000 rw-p 00000000 00:00 0 
7f79ec000000-7f79ec3c1000 rw-p 00000000 00:00 0 
7f79ec3c1000-7f79f0000000 ---p 00000000 00:00 0 
7f79f0007000-7f79f000a000 r--s 00026000 fd:01 273274                     /home/ubuntu/.local/lib/python3.5/site-packages/pyspark/jars/hadoop-yarn-client-2.7.3.jar
7f79f000c000-7f79f000d000 r--s 00003000 fd:01 273272                     /home/ubuntu/.local/lib/python3.5/site-packages/pyspark/jars/generex-1.0.1.jar
7f79f000e000-7f79f0012000 r--s 00025000 fd:01 273271                     /home/ubuntu/.local/lib/python3.5/site-packages/pyspark/jars/jersey-client-2.22.2.jar
7f79f0017000-7f79f001c000 r--s 0004e000 fd:01 273269                     /home/ubuntu/.local/lib/python3.5/site-packages/pyspark/jars/datanucleus-api-jdo-3.2.6.jar
7f79f0023000-7f79f0027000 r--s 0002a000 fd:01 273268                     /home/ubuntu/.local/lib/python3.5/site-packages/pyspark/jars/avro-mapred-1.8.2-hadoop2.jar
7f79f002a000-7f79f002b000 r--s 00009000 fd:01 273267                     /home/ubuntu/.local/lib/python3.5/site-packages/pyspark/jars/hive-cli-1.2.1.spark2.jar
7f79f0031000-7f79f0033000 r--s 00010000 fd:01 273266                     /home/ubuntu/.local/lib/python3.5/site-packages/pyspark/jars/hadoop-mapreduce-client-shuffle-2.7.3.jar
7f79f0036000-7f79f005a000 r--s 001cd000 fd:01 273265                     /home/ubuntu/.local/lib/python3.5/site-packages/pyspark/jars/commons-math3-3.4.1.jar
7f79f005c000-7f79f0062000 r--s 0003b000 fd:01 256416                     /usr/lib/jvm/java-8-openjdk-amd64/jre/lib/ext/sunjce_provider.jar
7f79f0062000-7f79f0065000 ---p 00000000 00:00 0 
7f79f0065000-7f79f0163000 rw-p 00000000 00:00 0 
7f79f0163000-7f79f0164000 ---p 00000000 00:00 0 
7f79f0164000-7f79f0264000 rw-p 00000000 00:00 0 
7f79f0264000-7f79f0433000 r--s 03c33000 fd:01 256429                     /usr/lib/jvm/java-8-openjdk-amd64/jre/lib/rt.jar
7f79f0433000-7f79f0ca9000 rw-p 00000000 00:00 0 
7f79f0ca9000-7f79f0d53000 rw-p 00000000 00:00 0 
7f79f0d53000-7f79f0dff000 ---p 00000000 00:00 0 
7f79f0dff000-7f79f0e54000 rw-p 00000000 00:00 0 
7f79f0e54000-7f79f0ea9000 ---p 00000000 00:00 0 
7f79f0ea9000-7f79f0f53000 rw-p 00000000 00:00 0 
7f79f0f53000-7f79f0fff000 ---p 00000000 00:00 0 
7f79f0fff000-7f79f1000000 rw-p 00000000 00:00 0 
7f79f1000000-7f79f22b0000 rwxp 00000000 00:00 0 
7f79f22b0000-7f7a00000000 ---p 00000000 00:00 0 
7f7a00000000-7f7a02bd3000 rw-p 00000000 00:00 0 
7f7a02bd3000-7f7a04000000 ---p 00000000 00:00 0 
7f7a04002000-7f7a04004000 r--s 00001000 fd:01 256413                     /usr/lib/jvm/java-8-openjdk-amd64/jre/lib/ext/dnsns.jar
7f7a04009000-7f7a0400b000 r--s 00008000 fd:01 256411                     /usr/lib/jvm/java-8-openjdk-amd64/jre/lib/ext/sunec.jar
7f7a04010000-7f7a04013000 r--s 0000f000 fd:01 256417                     /usr/lib/jvm/java-8-openjdk-amd64/jre/lib/ext/icedtea-sound.jar
7f7a04015000-7f7a04030000 r--s 00394000 fd:01 256415                     /usr/lib/jvm/java-8-openjdk-amd64/jre/lib/ext/cldrdata.jar
7f7a04037000-7f7a04052000 r--s 001d6000 fd:01 256409                     /usr/lib/jvm/java-8-openjdk-amd64/jre/lib/ext/nashorn.jar
7f7a04059000-7f7a040a4000 rw-p 00000000 00:00 0 
7f7a040a4000-7f7a04419000 ---p 00000000 00:00 0 
7f7a04419000-7f7a04421000 r-xp 00000000 fd:01 256447                     /usr/lib/jvm/java-8-openjdk-amd64/jre/lib/amd64/libzip.so
7f7a04421000-7f7a04620000 ---p 00008000 fd:01 256447                     /usr/lib/jvm/java-8-openjdk-amd64/jre/lib/amd64/libzip.so
7f7a04620000-7f7a04621000 r--p 00007000 fd:01 256447                     /usr/lib/jvm/java-8-openjdk-amd64/jre/lib/amd64/libzip.so
7f7a04621000-7f7a04622000 rw-p 00008000 fd:01 256447                     /usr/lib/jvm/java-8-openjdk-amd64/jre/lib/amd64/libzip.so
7f7a04629000-7f7a04634000 r-xp 00000000 fd:01 2079                       /lib/x86_64-linux-gnu/libnss_files-2.23.so
7f7a04634000-7f7a04833000 ---p 0000b000 fd:01 2079                       /lib/x86_64-linux-gnu/libnss_files-2.23.so
7f7a04833000-7f7a04834000 r--p 0000a000 fd:01 2079                       /lib/x86_64-linux-gnu/libnss_files-2.23.so
7f7a04834000-7f7a04835000 rw-p 0000b000 fd:01 2079                       /lib/x86_64-linux-gnu/libnss_files-2.23.so
7f7a04835000-7f7a0483b000 rw-p 00000000 00:00 0 
7f7a04841000-7f7a0484c000 r-xp 00000000 fd:01 2071                       /lib/x86_64-linux-gnu/libnss_nis-2.23.so
7f7a0484c000-7f7a04a4b000 ---p 0000b000 fd:01 2071                       /lib/x86_64-linux-gnu/libnss_nis-2.23.so
7f7a04a4b000-7f7a04a4c000 r--p 0000a000 fd:01 2071                       /lib/x86_64-linux-gnu/libnss_nis-2.23.so
7f7a04a4c000-7f7a04a4d000 rw-p 0000b000 fd:01 2071                       /lib/x86_64-linux-gnu/libnss_nis-2.23.so
7f7a04a51000-7f7a04a67000 r-xp 00000000 fd:01 2076                       /lib/x86_64-linux-gnu/libnsl-2.23.so
7f7a04a67000-7f7a04c66000 ---p 00016000 fd:01 2076                       /lib/x86_64-linux-gnu/libnsl-2.23.so
7f7a04c66000-7f7a04c67000 r--p 00015000 fd:01 2076                       /lib/x86_64-linux-gnu/libnsl-2.23.so
7f7a04c67000-7f7a04c68000 rw-p 00016000 fd:01 2076                       /lib/x86_64-linux-gnu/libnsl-2.23.so
7f7a04c68000-7f7a04c6a000 rw-p 00000000 00:00 0 
7f7a04c71000-7f7a04c79000 r-xp 00000000 fd:01 2083                       /lib/x86_64-linux-gnu/libnss_compat-2.23.so
7f7a04c79000-7f7a04e78000 ---p 00008000 fd:01 2083                       /lib/x86_64-linux-gnu/libnss_compat-2.23.so
7f7a04e78000-7f7a04e79000 r--p 00007000 fd:01 2083                       /lib/x86_64-linux-gnu/libnss_compat-2.23.so
7f7a04e79000-7f7a04e7a000 rw-p 00008000 fd:01 2083                       /lib/x86_64-linux-gnu/libnss_compat-2.23.so
7f7a04e81000-7f7a04eae000 r-xp 00000000 fd:01 256451                     /usr/lib/jvm/java-8-openjdk-amd64/jre/lib/amd64/libjava.so
7f7a04eae000-7f7a050ad000 ---p 0002d000 fd:01 256451                     /usr/lib/jvm/java-8-openjdk-amd64/jre/lib/amd64/libjava.so
7f7a050ad000-7f7a050ae000 r--p 0002c000 fd:01 256451                     /usr/lib/jvm/java-8-openjdk-amd64/jre/lib/amd64/libjava.so
7f7a050ae000-7f7a050b0000 rw-p 0002d000 fd:01 256451                     /usr/lib/jvm/java-8-openjdk-amd64/jre/lib/amd64/libjava.so
7f7a050b1000-7f7a050c0000 r-xp 00000000 fd:01 256456                     /usr/lib/jvm/java-8-openjdk-amd64/jre/lib/amd64/libverify.so
7f7a050c0000-7f7a052bf000 ---p 0000f000 fd:01 256456                     /usr/lib/jvm/java-8-openjdk-amd64/jre/lib/amd64/libverify.so
7f7a052bf000-7f7a052c1000 r--p 0000e000 fd:01 256456                     /usr/lib/jvm/java-8-openjdk-amd64/jre/lib/amd64/libverify.so
7f7a052c1000-7f7a052c2000 rw-p 00010000 fd:01 256456                     /usr/lib/jvm/java-8-openjdk-amd64/jre/lib/amd64/libverify.so
7f7a052c9000-7f7a052d0000 r-xp 00000000 fd:01 2062                       /lib/x86_64-linux-gnu/librt-2.23.so
7f7a052d0000-7f7a054cf000 ---p 00007000 fd:01 2062                       /lib/x86_64-linux-gnu/librt-2.23.so
7f7a054cf000-7f7a054d0000 r--p 00006000 fd:01 2062                       /lib/x86_64-linux-gnu/librt-2.23.so
7f7a054d0000-7f7a054d1000 rw-p 00007000 fd:01 2062                       /lib/x86_64-linux-gnu/librt-2.23.so
7f7a054d1000-7f7a054e7000 r-xp 00000000 fd:01 1990                       /lib/x86_64-linux-gnu/libgcc_s.so.1
7f7a054e7000-7f7a056e6000 ---p 00016000 fd:01 1990                       /lib/x86_64-linux-gnu/libgcc_s.so.1
7f7a056e6000-7f7a056e7000 rw-p 00015000 fd:01 1990                       /lib/x86_64-linux-gnu/libgcc_s.so.1
7f7a056e9000-7f7a057f1000 r-xp 00000000 fd:01 2085                       /lib/x86_64-linux-gnu/libm-2.23.so
7f7a057f1000-7f7a059f0000 ---p 00108000 fd:01 2085                       /lib/x86_64-linux-gnu/libm-2.23.so
7f7a059f0000-7f7a059f1000 r--p 00107000 fd:01 2085                       /lib/x86_64-linux-gnu/libm-2.23.so
7f7a059f1000-7f7a059f2000 rw-p 00108000 fd:01 2085                       /lib/x86_64-linux-gnu/libm-2.23.so
7f7a059f9000-7f7a05b6b000 r-xp 00000000 fd:01 25942                      /usr/lib/x86_64-linux-gnu/libstdc++.so.6.0.21
7f7a05b6b000-7f7a05d6b000 ---p 00172000 fd:01 25942                      /usr/lib/x86_64-linux-gnu/libstdc++.so.6.0.21
7f7a05d6b000-7f7a05d75000 r--p 00172000 fd:01 25942                      /usr/lib/x86_64-linux-gnu/libstdc++.so.6.0.21
7f7a05d75000-7f7a05d77000 rw-p 0017c000 fd:01 25942                      /usr/lib/x86_64-linux-gnu/libstdc++.so.6.0.21
7f7a05d77000-7f7a05d7b000 rw-p 00000000 00:00 0 
7f7a05d81000-7f7a069e2000 r-xp 00000000 fd:01 256462                     /usr/lib/jvm/java-8-openjdk-amd64/jre/lib/amd64/server/libjvm.so
7f7a069e2000-7f7a06be2000 ---p 00c61000 fd:01 256462                     /usr/lib/jvm/java-8-openjdk-amd64/jre/lib/amd64/server/libjvm.so
7f7a06be2000-7f7a06c76000 r--p 00c61000 fd:01 256462                     /usr/lib/jvm/java-8-openjdk-amd64/jre/lib/amd64/server/libjvm.so
7f7a06c76000-7f7a06c9f000 rw-p 00cf5000 fd:01 256462                     /usr/lib/jvm/java-8-openjdk-amd64/jre/lib/amd64/server/libjvm.so
7f7a06c9f000-7f7a06ccf000 rw-p 00000000 00:00 0 
7f7a06cd1000-7f7a06ce9000 r-xp 00000000 fd:01 2068                       /lib/x86_64-linux-gnu/libpthread-2.23.so
7f7a06ce9000-7f7a06ee8000 ---p 00018000 fd:01 2068                       /lib/x86_64-linux-gnu/libpthread-2.23.so
7f7a06ee8000-7f7a06ee9000 r--p 00017000 fd:01 2068                       /lib/x86_64-linux-gnu/libpthread-2.23.so
7f7a06ee9000-7f7a06eea000 rw-p 00018000 fd:01 2068                       /lib/x86_64-linux-gnu/libpthread-2.23.so
7f7a06eea000-7f7a06eee000 rw-p 00000000 00:00 0 
7f7a06ef1000-7f7a06ef4000 r-xp 00000000 fd:01 2064                       /lib/x86_64-linux-gnu/libdl-2.23.so
7f7a06ef4000-7f7a070f3000 ---p 00003000 fd:01 2064                       /lib/x86_64-linux-gnu/libdl-2.23.so
7f7a070f3000-7f7a070f4000 r--p 00002000 fd:01 2064                       /lib/x86_64-linux-gnu/libdl-2.23.so
7f7a070f4000-7f7a070f5000 rw-p 00003000 fd:01 2064                       /lib/x86_64-linux-gnu/libdl-2.23.so
7f7a070f9000-7f7a07112000 r-xp 00000000 fd:01 2151                       /lib/x86_64-linux-gnu/libz.so.1.2.8
7f7a07112000-7f7a07311000 ---p 00019000 fd:01 2151                       /lib/x86_64-linux-gnu/libz.so.1.2.8
7f7a07311000-7f7a07312000 r--p 00018000 fd:01 2151                       /lib/x86_64-linux-gnu/libz.so.1.2.8
7f7a07312000-7f7a07313000 rw-p 00019000 fd:01 2151                       /lib/x86_64-linux-gnu/libz.so.1.2.8
7f7a07319000-7f7a074d9000 r-xp 00000000 fd:01 2082                       /lib/x86_64-linux-gnu/libc-2.23.so
7f7a074d9000-7f7a076d9000 ---p 001c0000 fd:01 2082                       /lib/x86_64-linux-gnu/libc-2.23.so
7f7a076d9000-7f7a076dd000 r--p 001c0000 fd:01 2082                       /lib/x86_64-linux-gnu/libc-2.23.so
7f7a076dd000-7f7a076df000 rw-p 001c4000 fd:01 2082                       /lib/x86_64-linux-gnu/libc-2.23.so
7f7a076df000-7f7a076e3000 rw-p 00000000 00:00 0 
7f7a076e9000-7f7a076f6000 r-xp 00000000 fd:01 256453                     /usr/lib/jvm/java-8-openjdk-amd64/jre/lib/amd64/jli/libjli.so
7f7a076f6000-7f7a078f6000 ---p 0000d000 fd:01 256453                     /usr/lib/jvm/java-8-openjdk-amd64/jre/lib/amd64/jli/libjli.so
7f7a078f6000-7f7a078f7000 r--p 0000d000 fd:01 256453                     /usr/lib/jvm/java-8-openjdk-amd64/jre/lib/amd64/jli/libjli.so
7f7a078f7000-7f7a078f8000 rw-p 0000e000 fd:01 256453                     /usr/lib/jvm/java-8-openjdk-amd64/jre/lib/amd64/jli/libjli.so
7f7a078f9000-7f7a0791f000 r-xp 00000000 fd:01 2065                       /lib/x86_64-linux-gnu/ld-2.23.so
7f7a07923000-7f7a07924000 r--s 0000a000 fd:01 256414                     /usr/lib/jvm/java-8-openjdk-amd64/jre/lib/ext/jaccess.jar
7f7a07929000-7f7a0792a000 r--s 00010000 fd:01 256412                     /usr/lib/jvm/java-8-openjdk-amd64/jre/lib/ext/zipfs.jar
7f7a0792f000-7f7a07939000 r--s 00116000 fd:01 256418                     /usr/lib/jvm/java-8-openjdk-amd64/jre/lib/ext/localedata.jar
7f7a07939000-7f7a0793c000 r--s 00038000 fd:01 256410                     /usr/lib/jvm/java-8-openjdk-amd64/jre/lib/ext/sunpkcs11.jar
7f7a07940000-7f7a07a11000 rw-p 00000000 00:00 0 
7f7a07a11000-7f7a07a19000 rw-s 00000000 fd:01 2304943                    /tmp/hsperfdata_ubuntu/24273
7f7a07a1d000-7f7a07a20000 ---p 00000000 00:00 0 
7f7a07a20000-7f7a07b1e000 rw-p 00000000 00:00 0 
7f7a07b1e000-7f7a07b1f000 r--p 00025000 fd:01 2065                       /lib/x86_64-linux-gnu/ld-2.23.so
7f7a07b1f000-7f7a07b20000 rw-p 00026000 fd:01 2065                       /lib/x86_64-linux-gnu/ld-2.23.so
7f7a07b20000-7f7a07b22000 rw-p 00000000 00:00 0 
7f7a07b22000-7f7a07b23000 ---p 00000000 00:00 0 
7f7a07b23000-7f7a07b28000 rw-p 00000000 00:00 0 
7ffc8bfe2000-7ffc8c003000 rw-p 00000000 00:00 0                          [stack]
7ffc8c069000-7ffc8c06c000 r--p 00000000 00:00 0                          [vvar]
7ffc8c06c000-7ffc8c06e000 r-xp 00000000 00:00 0                          [vdso]
ffffffffff600000-ffffffffff601000 r-xp 00000000 00:00 0                  [vsyscall]

VM Arguments:
jvm_args: -Xmx1g 
java_command: org.apache.spark.deploy.SparkSubmit --conf spark.master=local[1] --conf spark.app.name=Part-B-Hamza_Imran_Saeed pyspark-shell
java_class_path (initial): /home/ubuntu/.local/lib/python3.5/site-packages/pyspark/conf:/home/ubuntu/.local/lib/python3.5/site-packages/pyspark/jars/commons-math3-3.4.1.jar:/home/ubuntu/.local/lib/python3.5/site-packages/pyspark/jars/hadoop-mapreduce-client-shuffle-2.7.3.jar:/home/ubuntu/.local/lib/python3.5/site-packages/pyspark/jars/hive-cli-1.2.1.spark2.jar:/home/ubuntu/.local/lib/python3.5/site-packages/pyspark/jars/avro-mapred-1.8.2-hadoop2.jar:/home/ubuntu/.local/lib/python3.5/site-packages/pyspark/jars/datanucleus-api-jdo-3.2.6.jar:/home/ubuntu/.local/lib/python3.5/site-packages/pyspark/jars/datanucleus-rdbms-3.2.9.jar:/home/ubuntu/.local/lib/python3.5/site-packages/pyspark/jars/jersey-client-2.22.2.jar:/home/ubuntu/.local/lib/python3.5/site-packages/pyspark/jars/generex-1.0.1.jar:/home/ubuntu/.local/lib/python3.5/site-packages/pyspark/jars/calcite-avatica-1.2.0-incubating.jar:/home/ubuntu/.local/lib/python3.5/site-packages/pyspark/jars/hadoop-yarn-client-2.7.3.jar:/home/ubuntu/.local/lib/python3.5/site-packages/pyspark/jars/jaxb-api-2.2.2.jar:/home/ubuntu/.local/lib/python3.5/site-packages/pyspark/jars/zjsonpatch-0.3.0.jar:/home/ubuntu/.local/lib/python3.5/site-packages/pyspark/jars/spark-tags_2.12-2.4.2-tests.jar:/home/ubuntu/.local/lib/python3.5/site-packages/pyspark/jars/hadoop-mapreduce-client-jobclient-2.7.3.jar:/home/ubuntu/.local/lib/python3.5/site-packages/pyspark/jars/hadoop-yarn-server-web-proxy-2.7.3.jar:/home/ubuntu/.local/lib/python3.5/site-packages/pyspark/jars/calcite-core-1.2.0-incubating.jar:/home/ubuntu/.local/lib/python3.5/site-packages/pyspark/jars/javax.annotation-api-1.2.jar:/home/ubuntu/.local/lib/python3.5/site-packages/pyspark/jars/apacheds-i18n-2.0.0-M15.jar:/home/ubuntu/.local/lib/python3.5/site-packages/pyspark/jars/commons-codec-1.10.jar:/home/ubuntu/.local/lib/python3.5/site-packages/pyspark/jars/javax.inject-1.jar:/home/ubuntu/.local/lib/python3.5/site-packages/pyspark/jars/commons-beanutils-1.7.0.jar:/home/ubuntu/.local/lib/
Launcher Type: SUN_STANDARD

Environment Variables:
JAVA_HOME=/usr/lib/jvm/default-java
PATH=/usr/local/bin:/home/ubuntu/bin:/home/ubuntu/.local/bin:/usr/local/apache-hive-2.3.4-bin/bin:/usr/local/sbin:/usr/local/bin:/usr/sbin:/usr/bin:/sbin:/bin:/usr/games:/usr/local/games:/snap/bin:/usr/local/hadoop/bin
SHELL=/bin/bash

Signal Handlers:
SIGSEGV: [libjvm.so+0xa74ca0], sa_mask[0]=11111111011111111101111111111110, sa_flags=SA_RESTART|SA_SIGINFO
SIGBUS: [libjvm.so+0xa74ca0], sa_mask[0]=11111111011111111101111111111110, sa_flags=SA_RESTART|SA_SIGINFO
SIGFPE: [libjvm.so+0x8bbcf0], sa_mask[0]=11111111011111111101111111111110, sa_flags=SA_RESTART|SA_SIGINFO
SIGPIPE: [libjvm.so+0x8bbcf0], sa_mask[0]=11111111011111111101111111111110, sa_flags=SA_RESTART|SA_SIGINFO
SIGXFSZ: [libjvm.so+0x8bbcf0], sa_mask[0]=11111111011111111101111111111110, sa_flags=SA_RESTART|SA_SIGINFO
SIGILL: [libjvm.so+0x8bbcf0], sa_mask[0]=11111111011111111101111111111110, sa_flags=SA_RESTART|SA_SIGINFO
SIGUSR1: SIG_DFL, sa_mask[0]=00000000000000000000000000000000, sa_flags=none
SIGUSR2: [libjvm.so+0x8bbba0], sa_mask[0]=00000000000000000000000000000000, sa_flags=SA_RESTART|SA_SIGINFO
SIGHUP: [libjvm.so+0x8bc230], sa_mask[0]=11111111011111111101111111111110, sa_flags=SA_RESTART|SA_SIGINFO
SIGINT: SIG_IGN, sa_mask[0]=00000000000000000000000000000000, sa_flags=none
SIGTERM: [libjvm.so+0x8bc230], sa_mask[0]=11111111011111111101111111111110, sa_flags=SA_RESTART|SA_SIGINFO
SIGQUIT: [libjvm.so+0x8bc230], sa_mask[0]=11111111011111111101111111111110, sa_flags=SA_RESTART|SA_SIGINFO


---------------  S Y S T E M  ---------------

OS:DISTRIB_ID=Ubuntu
DISTRIB_RELEASE=16.04
DISTRIB_CODENAME=xenial
DISTRIB_DESCRIPTION="Ubuntu 16.04.6 LTS"

uname:Linux 4.4.0-143-generic #169-Ubuntu SMP Thu Feb 7 07:56:38 UTC 2019 x86_64
libc:glibc 2.23 NPTL 2.23 
rlimit: STACK 8192k, CORE 0k, NPROC 7929, NOFILE 1048576, AS infinity
load average:1.03 0.71 0.47

/proc/meminfo:
MemTotal:        2048020 kB
MemFree:           80144 kB
MemAvailable:      66360 kB
Buffers:           10296 kB
Cached:           116052 kB
SwapCached:            0 kB
Active:          1824456 kB
Inactive:          71408 kB
Active(anon):    1772512 kB
Inactive(anon):    20732 kB
Active(file):      51944 kB
Inactive(file):    50676 kB
Unevictable:        3652 kB
Mlocked:            3652 kB
SwapTotal:             0 kB
SwapFree:              0 kB
Dirty:               228 kB
Writeback:             0 kB
AnonPages:       1773184 kB
Mapped:            49412 kB
Shmem:             21284 kB
Slab:              37384 kB
SReclaimable:      20684 kB
SUnreclaim:        16700 kB
KernelStack:        6160 kB
PageTables:        10104 kB
NFS_Unstable:          0 kB
Bounce:                0 kB
WritebackTmp:          0 kB
CommitLimit:     1024008 kB
Committed_AS:    2533628 kB
VmallocTotal:   34359738367 kB
VmallocUsed:           0 kB
VmallocChunk:          0 kB
HardwareCorrupted:     0 kB
AnonHugePages:         0 kB
CmaTotal:              0 kB
CmaFree:               0 kB
HugePages_Total:       0
HugePages_Free:        0
HugePages_Rsvd:        0
HugePages_Surp:        0
Hugepagesize:       2048 kB
DirectMap4k:       51072 kB
DirectMap2M:     2045952 kB
DirectMap1G:           0 kB

container (cgroup) information:
container_type: cgroupv1
cpu_cpuset_cpus: 0
cpu_memory_nodes: 0
active_processor_count: 1
cpu_quota: -1
cpu_period: 100000
cpu_shares: -1
memory_limit_in_bytes: -1
memory_and_swap_limit_in_bytes: -2
memory_soft_limit_in_bytes: -1
memory_usage_in_bytes: 1852956672
memory_max_usage_in_bytes: 1911275520


CPU:total 1 (initial active 1) (1 cores per cpu, 1 threads per core) family 21 model 1 stepping 2, cmov, cx8, fxsr, mmx, sse, sse2, sse3, ssse3, sse4.1, sse4.2, popcnt, avx, aes, clmul, mmxext, 3dnowpref, lzcnt, sse4a, tsc

/proc/cpuinfo:
processor	: 0
vendor_id	: AuthenticAMD
cpu family	: 21
model		: 1
model name	: AMD Opteron 62xx class CPU
stepping	: 2
microcode	: 0x1000065
cpu MHz		: 2999.998
cache size	: 512 KB
physical id	: 0
siblings	: 1
core id		: 0
cpu cores	: 1
apicid		: 0
initial apicid	: 0
fpu		: yes
fpu_exception	: yes
cpuid level	: 13
wp		: yes
flags		: fpu vme de pse tsc msr pae mce cx8 apic sep mtrr pge mca cmov pat pse36 clflush mmx fxsr sse sse2 syscall nx mmxext fxsr_opt pdpe1gb lm rep_good nopl extd_apicid pni pclmulqdq ssse3 cx16 sse4_1 sse4_2 x2apic popcnt aes xsave avx hypervisor lahf_lm cmp_legacy cr8_legacy abm sse4a misalignsse 3dnowprefetch osvw xop fma4 ibpb vmmcall arat
bugs		: fxsave_leak sysret_ss_attrs spectre_v1 spectre_v2 spec_store_bypass
bogomips	: 5999.99
TLB size	: 1024 4K pages
clflush size	: 64
cache_alignment	: 64
address sizes	: 40 bits physical, 48 bits virtual
power management:



Memory: 4k page, physical 2048020k(80144k free), swap 0k(0k free)

vm_info: OpenJDK 64-Bit Server VM (25.191-b12) for linux-amd64 JRE (1.8.0_191-8u191-b12-2ubuntu0.16.04.1-b12), built on Jan 14 2019 21:59:52 by "buildd" with gcc 5.4.0 20160609

time: Sun Apr 28 01:18:15 2019
elapsed time: 122 seconds (0d 0h 2m 2s)

