#
# There is insufficient memory for the Java Runtime Environment to continue.
# Native memory allocation (mmap) failed to map 282050560 bytes for committing reserved memory.
# Possible reasons:
#   The system is out of physical RAM or swap space
#   In 32 bit mode, the process size limit was hit
# Possible solutions:
#   Reduce memory load on the system
#   Increase physical memory or swap space
#   Check if swap backing store is full
#   Use 64 bit Java on a 64 bit OS
#   Decrease Java heap size (-Xmx/-Xms)
#   Decrease number of Java threads
#   Decrease Java thread stack sizes (-Xss)
#   Set larger code cache with -XX:ReservedCodeCacheSize=
# This output file may be truncated or incomplete.
#
#  Out of Memory Error (os_linux.cpp:2746), pid=27496, tid=0x00007fabe48cb700
#
# JRE version: OpenJDK Runtime Environment (8.0_191-b12) (build 1.8.0_191-8u191-b12-2ubuntu0.16.04.1-b12)
# Java VM: OpenJDK 64-Bit Server VM (25.191-b12 mixed mode linux-amd64 compressed oops)
# Failed to write core dump. Core dumps have been disabled. To enable core dumping, try "ulimit -c unlimited" before starting Java again
#

---------------  T H R E A D  ---------------

Current thread (0x00007fabe0078800):  VMThread [stack: 0x00007fabe47cb000,0x00007fabe48cc000] [id=27516]

Stack: [0x00007fabe47cb000,0x00007fabe48cc000],  sp=0x00007fabe48ca520,  free space=1021k
Native frames: (J=compiled Java code, j=interpreted, Vv=VM code, C=native code)
V  [libjvm.so+0xa7414b]
V  [libjvm.so+0x4c8ebc]
V  [libjvm.so+0x8c0c98]
V  [libjvm.so+0x8b82ce]
V  [libjvm.so+0xa70a34]
V  [libjvm.so+0x5ce2cd]
V  [libjvm.so+0x5cee6d]
V  [libjvm.so+0x5bb838]
V  [libjvm.so+0x45082f]
V  [libjvm.so+0xa75251]
V  [libjvm.so+0xa7af97]
V  [libjvm.so+0xa78697]
V  [libjvm.so+0xa79b1f]
V  [libjvm.so+0xa7a011]
V  [libjvm.so+0x8be002]

VM_Operation (0x00007faba7ab5380): GenCollectForAllocation, mode: safepoint, requested by thread 0x00007fabc401d000


---------------  P R O C E S S  ---------------

Java Threads: ( => current thread )
  0x00007fabc401d000 JavaThread "Executor task launch worker for task 5" daemon [_thread_blocked, id=27621, stack(0x00007faba79b7000,0x00007faba7ab8000)]
  0x00007fabc401b800 JavaThread "task-result-getter-3" daemon [_thread_blocked, id=27619, stack(0x00007faba78b6000,0x00007faba79b7000)]
  0x00007fabcc22f000 JavaThread "task-result-getter-2" daemon [_thread_blocked, id=27615, stack(0x00007faba74b4000,0x00007faba75b5000)]
  0x00007fabcc1a7000 JavaThread "task-result-getter-1" daemon [_thread_blocked, id=27611, stack(0x00007faba75b5000,0x00007faba76b6000)]
  0x00007fabcc0d4800 JavaThread "org.apache.hadoop.hdfs.PeerCache@46af6aee" daemon [_thread_blocked, id=27610, stack(0x00007faba8da0000,0x00007faba8ea1000)]
  0x00007fabcc39f000 JavaThread "task-result-getter-0" daemon [_thread_blocked, id=27579, stack(0x00007faba8c9f000,0x00007faba8da0000)]
  0x00007fabcc15b800 JavaThread "Executor task launch worker for task 4" daemon [_thread_blocked, id=27577, stack(0x00007fabab3b3000,0x00007fabab4b4000)]
  0x00007fabc82a7800 JavaThread "IPC Parameter Sending Thread #0" daemon [_thread_blocked, id=27571, stack(0x00007fabab2b2000,0x00007fabab3b3000)]
  0x00007fabc8af8000 JavaThread "org.apache.hadoop.fs.FileSystem$Statistics$StatisticsDataReferenceCleaner" daemon [_thread_blocked, id=27569, stack(0x00007fabab8b4000,0x00007fabab9b5000)]
  0x00007fabc89be800 JavaThread "spark-listener-group-streams" daemon [_thread_blocked, id=27568, stack(0x00007fababdb5000,0x00007fababeb6000)]
  0x0000000001ca3800 JavaThread "element-tracking-store-worker" daemon [_thread_blocked, id=27566, stack(0x00007fabac6b6000,0x00007fabac7b7000)]
  0x00007fabc8d85000 JavaThread "spark-listener-group-executorManagement" daemon [_thread_blocked, id=27565, stack(0x00007fabac7b7000,0x00007fabac8b8000)]
  0x00007fabc8d82800 JavaThread "spark-listener-group-appStatus" daemon [_thread_blocked, id=27564, stack(0x00007fabac8b8000,0x00007fabac9b9000)]
  0x00007fabc8d81000 JavaThread "context-cleaner-periodic-gc" daemon [_thread_blocked, id=27563, stack(0x00007fabac9b9000,0x00007fabacaba000)]
  0x00007fabc8d7f800 JavaThread "Spark Context Cleaner" daemon [_thread_blocked, id=27562, stack(0x00007fabacaba000,0x00007fabacbbb000)]
  0x00007fabc8c4c000 JavaThread "shuffle-server-5-1" daemon [_thread_blocked, id=27561, stack(0x00007fabacfbb000,0x00007fabad0bc000)]
  0x00007fabc8c13000 JavaThread "driver-heartbeater" daemon [_thread_blocked, id=27560, stack(0x00007fabad0bc000,0x00007fabad1bd000)]
  0x00007fabc8bd1800 JavaThread "dag-scheduler-event-loop" daemon [_thread_blocked, id=27559, stack(0x00007fabad1bd000,0x00007fabad2be000)]
  0x0000000001c82000 JavaThread "netty-rpc-env-timeout" daemon [_thread_blocked, id=27558, stack(0x00007fabad2be000,0x00007fabad3bf000)]
  0x00007fabc815c000 JavaThread "Timer-1" daemon [_thread_blocked, id=27557, stack(0x00007fabad3bf000,0x00007fabad4c0000)]
  0x00007fabc815a800 JavaThread "Timer-0" daemon [_thread_blocked, id=27556, stack(0x00007fabad4c0000,0x00007fabad5c1000)]
  0x00007fabcc065000 JavaThread "heartbeat-receiver-event-loop-thread" daemon [_thread_blocked, id=27555, stack(0x00007fabad5c1000,0x00007fabad6c2000)]
  0x00007fabc831f000 JavaThread "SparkUI-36" daemon [_thread_blocked, id=27554, stack(0x00007fabad8c2000,0x00007fabad9c3000)]
  0x00007fabc831d000 JavaThread "SparkUI-35" daemon [_thread_blocked, id=27553, stack(0x00007fabad9c3000,0x00007fabadac4000)]
  0x00007fabc831b000 JavaThread "SparkUI-34" daemon [_thread_blocked, id=27552, stack(0x00007fabadac4000,0x00007fabadbc5000)]
  0x00007fabc8319800 JavaThread "SparkUI-33" daemon [_thread_blocked, id=27551, stack(0x00007fabadbc5000,0x00007fabadcc6000)]
  0x00007fabc8318000 JavaThread "SparkUI-32" daemon [_thread_blocked, id=27550, stack(0x00007fabadcc6000,0x00007fabaddc7000)]
  0x00007fabc8316000 JavaThread "SparkUI-31" daemon [_thread_blocked, id=27549, stack(0x00007fabaddc7000,0x00007fabadec8000)]
  0x00007fabc8314800 JavaThread "SparkUI-30-acceptor-0@229c50c1-ServerConnector@2c5bbae2{HTTP/1.1,[http/1.1]}{0.0.0.0:4041}" daemon [_thread_in_native, id=27548, stack(0x00007fabadec8000,0x00007fabadfc9000)]
  0x00007fabc830d000 JavaThread "SparkUI-29" daemon [_thread_in_native, id=27547, stack(0x00007fabadfc9000,0x00007fabae0ca000)]
  0x00007fabc895d000 JavaThread "refresh progress" daemon [_thread_blocked, id=27546, stack(0x00007fabae2ca000,0x00007fabae3cb000)]
  0x00007fabc8944800 JavaThread "RemoteBlock-temp-file-clean-thread" daemon [_thread_blocked, id=27545, stack(0x00007fabae444000,0x00007fabae545000)]
  0x00007fabc85d8800 JavaThread "map-output-dispatcher-7" daemon [_thread_blocked, id=27544, stack(0x00007fabae545000,0x00007fabae646000)]
  0x00007fabc85d6000 JavaThread "map-output-dispatcher-6" daemon [_thread_blocked, id=27543, stack(0x00007fabae646000,0x00007fabae747000)]
  0x00007fabc85d4800 JavaThread "map-output-dispatcher-5" daemon [_thread_blocked, id=27542, stack(0x00007fabae747000,0x00007fabae848000)]
  0x00007fabc85d3000 JavaThread "map-output-dispatcher-4" daemon [_thread_blocked, id=27541, stack(0x00007fabae848000,0x00007fabae949000)]
  0x00007fabc85db800 JavaThread "map-output-dispatcher-3" daemon [_thread_blocked, id=27540, stack(0x00007fabae949000,0x00007fabaea4a000)]
  0x00007fabc85da000 JavaThread "map-output-dispatcher-2" daemon [_thread_blocked, id=27539, stack(0x00007fabaea4a000,0x00007fabaeb4b000)]
  0x00007fabc85c8800 JavaThread "map-output-dispatcher-1" daemon [_thread_blocked, id=27538, stack(0x00007fabaeb4b000,0x00007fabaec4c000)]
  0x00007fabc85cc000 JavaThread "map-output-dispatcher-0" daemon [_thread_blocked, id=27537, stack(0x00007fabaec4c000,0x00007fabaed4d000)]
  0x00007fabc8598800 JavaThread "rpc-server-3-1" daemon [_thread_blocked, id=27536, stack(0x00007fabaef4d000,0x00007fabaf04e000)]
  0x00007fabc84aa000 JavaThread "dispatcher-event-loop-1" daemon [_thread_blocked, id=27535, stack(0x00007fabaf24e000,0x00007fabaf34f000)]
  0x00007fabc84a8000 JavaThread "dispatcher-event-loop-0" daemon [_thread_blocked, id=27534, stack(0x00007fabaf34f000,0x00007fabaf450000)]
  0x00007fabbc005800 JavaThread "Thread-4" [_thread_blocked, id=27533, stack(0x00007fabaf650000,0x00007fabaf751000)]
  0x00007fabe0c5d000 JavaThread "Thread-3" [_thread_in_native, id=27532, stack(0x00007fabaf968000,0x00007fabafa69000)]
  0x00007fabe0c4d800 JavaThread "pool-1-thread-1" [_thread_blocked, id=27531, stack(0x00007fabafe6f000,0x00007fabaff70000)]
  0x00007fabe00b3800 JavaThread "Service Thread" daemon [_thread_blocked, id=27522, stack(0x00007fabe402d000,0x00007fabe412e000)]
  0x00007fabe00b0800 JavaThread "C1 CompilerThread1" daemon [_thread_blocked, id=27521, stack(0x00007fabe412e000,0x00007fabe422f000)]
  0x00007fabe00ae800 JavaThread "C2 CompilerThread0" daemon [_thread_blocked, id=27520, stack(0x00007fabe422f000,0x00007fabe4330000)]
  0x00007fabe00ac800 JavaThread "Signal Dispatcher" daemon [_thread_blocked, id=27519, stack(0x00007fabe4330000,0x00007fabe4431000)]
  0x00007fabe0084800 JavaThread "Finalizer" daemon [_thread_blocked, id=27518, stack(0x00007fabe45c9000,0x00007fabe46ca000)]
  0x00007fabe0082000 JavaThread "Reference Handler" daemon [_thread_blocked, id=27517, stack(0x00007fabe46ca000,0x00007fabe47cb000)]
  0x00007fabe0014800 JavaThread "main" [_thread_in_native, id=27515, stack(0x00007fabe9028000,0x00007fabe9129000)]

Other Threads:
=>0x00007fabe0078800 VMThread [stack: 0x00007fabe47cb000,0x00007fabe48cc000] [id=27516]
  0x00007fabe00c3000 WatcherThread [stack: 0x00007fabd0eff000,0x00007fabd1000000] [id=27523]

VM state:at safepoint (normal execution)

VM Mutex/Monitor currently owned by a thread:  ([mutex/lock_event])
[0x00007fabe0010a50] Threads_lock - owner thread: 0x00007fabe0078800
[0x00007fabe0010f50] Heap_lock - owner thread: 0x00007fabc401d000

Heap:
 def new generation   total 185920K, used 9910K [0x00000000c0000000, 0x00000000cc9b0000, 0x00000000d5550000)
  eden space 165312K,   5% used [0x00000000c0000000, 0x00000000c09ad928, 0x00000000ca170000)
  from space 20608K,   0% used [0x00000000cb590000, 0x00000000cb590000, 0x00000000cc9b0000)
  to   space 20608K,   0% used [0x00000000ca170000, 0x00000000ca170000, 0x00000000cb590000)
 tenured generation   total 413156K, used 413155K [0x00000000d5550000, 0x00000000ee8c9000, 0x0000000100000000)
   the space 413156K,  99% used [0x00000000d5550000, 0x00000000ee8c8ff8, 0x00000000ee8c9000, 0x00000000ee8c9000)
 Metaspace       used 92784K, capacity 102468K, committed 102656K, reserved 1138688K
  class space    used 12630K, capacity 13548K, committed 13568K, reserved 1048576K

Card table byte_map: [0x00007fabe5468000,0x00007fabe5669000] byte_map_base: 0x00007fabe4e68000

Polling page: 0x00007fabe9027000

CodeCache: size=245760Kb used=18172Kb max_used=18200Kb free=227587Kb
 bounds [0x00007fabd1000000, 0x00007fabd21e0000, 0x00007fabe0000000]
 total_blobs=7701 nmethods=6880 adapters=734
 compilation: enabled

Compilation events (10 events):
Event: 251.403 Thread 0x00007fabe00b0800 8276       3       scala.concurrent.impl.Promise$DefaultPromise::onComplete (19 bytes)
Event: 251.404 Thread 0x00007fabe00b0800 nmethod 8276 0x00007fabd138b110 code [0x00007fabd138b2a0, 0x00007fabd138b650]
Event: 251.405 Thread 0x00007fabe00b0800 8277       3       scala.concurrent.impl.Promise$DefaultPromise::dispatchOrAddCallback (91 bytes)
Event: 251.406 Thread 0x00007fabe00b0800 nmethod 8277 0x00007fabd21daa90 code [0x00007fabd21daca0, 0x00007fabd21dbad0]
Event: 251.407 Thread 0x00007fabe00b0800 8281       3       scala.math.Ordering$$anon$2::compare (30 bytes)
Event: 251.407 Thread 0x00007fabe00b0800 nmethod 8281 0x00007fabd1353190 code [0x00007fabd1353320, 0x00007fabd13536e0]
Event: 251.420 Thread 0x00007fabe00b0800 8280       1       org.apache.spark.executor.TaskMetrics::outputMetrics (5 bytes)
Event: 251.420 Thread 0x00007fabe00b0800 nmethod 8280 0x00007fabd21c1b10 code [0x00007fabd21c1c60, 0x00007fabd21c1d70]
Event: 251.421 Thread 0x00007fabe00b0800 8279       1       org.apache.spark.InternalAccumulator$::RESULT_SIZE (5 bytes)
Event: 251.421 Thread 0x00007fabe00b0800 nmethod 8279 0x00007fabd1352ed0 code [0x00007fabd1353020, 0x00007fabd1353130]

GC Heap History (10 events):
Event: 247.457 GC heap after
Heap after GC invocations=530 (full 18):
 def new generation   total 185920K, used 10570K [0x00000000c0000000, 0x00000000cc9b0000, 0x00000000d5550000)
  eden space 165312K,   0% used [0x00000000c0000000, 0x00000000c0000000, 0x00000000ca170000)
  from space 20608K,  51% used [0x00000000ca170000, 0x00000000cabc29e0, 0x00000000cb590000)
  to   space 20608K,   0% used [0x00000000cb590000, 0x00000000cb590000, 0x00000000cc9b0000)
 tenured generation   total 412964K, used 403315K [0x00000000d5550000, 0x00000000ee899000, 0x0000000100000000)
   the space 412964K,  97% used [0x00000000d5550000, 0x00000000edf2ce98, 0x00000000edf2d000, 0x00000000ee899000)
 Metaspace       used 92779K, capacity 102468K, committed 102656K, reserved 1138688K
  class space    used 12630K, capacity 13548K, committed 13568K, reserved 1048576K
}
Event: 248.302 GC heap before
{Heap before GC invocations=530 (full 18):
 def new generation   total 185920K, used 175882K [0x00000000c0000000, 0x00000000cc9b0000, 0x00000000d5550000)
  eden space 165312K, 100% used [0x00000000c0000000, 0x00000000ca170000, 0x00000000ca170000)
  from space 20608K,  51% used [0x00000000ca170000, 0x00000000cabc29e0, 0x00000000cb590000)
  to   space 20608K,   0% used [0x00000000cb590000, 0x00000000cb590000, 0x00000000cc9b0000)
 tenured generation   total 412964K, used 403315K [0x00000000d5550000, 0x00000000ee899000, 0x0000000100000000)
   the space 412964K,  97% used [0x00000000d5550000, 0x00000000edf2ce98, 0x00000000edf2d000, 0x00000000ee899000)
 Metaspace       used 92779K, capacity 102468K, committed 102656K, reserved 1138688K
  class space    used 12630K, capacity 13548K, committed 13568K, reserved 1048576K
Event: 248.356 GC heap after
Heap after GC invocations=531 (full 18):
 def new generation   total 185920K, used 10634K [0x00000000c0000000, 0x00000000cc9b0000, 0x00000000d5550000)
  eden space 165312K,   0% used [0x00000000c0000000, 0x00000000c0000000, 0x00000000ca170000)
  from space 20608K,  51% used [0x00000000cb590000, 0x00000000cbff2af8, 0x00000000cc9b0000)
  to   space 20608K,   0% used [0x00000000ca170000, 0x00000000ca170000, 0x00000000cb590000)
 tenured generation   total 412964K, used 405090K [0x00000000d5550000, 0x00000000ee899000, 0x0000000100000000)
   the space 412964K,  98% used [0x00000000d5550000, 0x00000000ee0e8a60, 0x00000000ee0e8c00, 0x00000000ee899000)
 Metaspace       used 92779K, capacity 102468K, committed 102656K, reserved 1138688K
  class space    used 12630K, capacity 13548K, committed 13568K, reserved 1048576K
}
Event: 249.184 GC heap before
{Heap before GC invocations=531 (full 18):
 def new generation   total 185920K, used 175946K [0x00000000c0000000, 0x00000000cc9b0000, 0x00000000d5550000)
  eden space 165312K, 100% used [0x00000000c0000000, 0x00000000ca170000, 0x00000000ca170000)
  from space 20608K,  51% used [0x00000000cb590000, 0x00000000cbff2af8, 0x00000000cc9b0000)
  to   space 20608K,   0% used [0x00000000ca170000, 0x00000000ca170000, 0x00000000cb590000)
 tenured generation   total 412964K, used 405090K [0x00000000d5550000, 0x00000000ee899000, 0x0000000100000000)
   the space 412964K,  98% used [0x00000000d5550000, 0x00000000ee0e8a60, 0x00000000ee0e8c00, 0x00000000ee899000)
 Metaspace       used 92779K, capacity 102468K, committed 102656K, reserved 1138688K
  class space    used 12630K, capacity 13548K, committed 13568K, reserved 1048576K
Event: 249.227 GC heap after
Heap after GC invocations=532 (full 18):
 def new generation   total 185920K, used 10083K [0x00000000c0000000, 0x00000000cc9b0000, 0x00000000d5550000)
  eden space 165312K,   0% used [0x00000000c0000000, 0x00000000c0000000, 0x00000000ca170000)
  from space 20608K,  48% used [0x00000000ca170000, 0x00000000cab48c90, 0x00000000cb590000)
  to   space 20608K,   0% used [0x00000000cb590000, 0x00000000cb590000, 0x00000000cc9b0000)
 tenured generation   total 412964K, used 406974K [0x00000000d5550000, 0x00000000ee899000, 0x0000000100000000)
   the space 412964K,  98% used [0x00000000d5550000, 0x00000000ee2bfa08, 0x00000000ee2bfc00, 0x00000000ee899000)
 Metaspace       used 92779K, capacity 102468K, committed 102656K, reserved 1138688K
  class space    used 12630K, capacity 13548K, committed 13568K, reserved 1048576K
}
Event: 250.080 GC heap before
{Heap before GC invocations=532 (full 18):
 def new generation   total 185920K, used 175395K [0x00000000c0000000, 0x00000000cc9b0000, 0x00000000d5550000)
  eden space 165312K, 100% used [0x00000000c0000000, 0x00000000ca170000, 0x00000000ca170000)
  from space 20608K,  48% used [0x00000000ca170000, 0x00000000cab48c90, 0x00000000cb590000)
  to   space 20608K,   0% used [0x00000000cb590000, 0x00000000cb590000, 0x00000000cc9b0000)
 tenured generation   total 412964K, used 406974K [0x00000000d5550000, 0x00000000ee899000, 0x0000000100000000)
   the space 412964K,  98% used [0x00000000d5550000, 0x00000000ee2bfa08, 0x00000000ee2bfc00, 0x00000000ee899000)
 Metaspace       used 92779K, capacity 102468K, committed 102656K, reserved 1138688K
  class space    used 12630K, capacity 13548K, committed 13568K, reserved 1048576K
Event: 250.122 GC heap after
Heap after GC invocations=533 (full 18):
 def new generation   total 185920K, used 12483K [0x00000000c0000000, 0x00000000cc9b0000, 0x00000000d5550000)
  eden space 165312K,   0% used [0x00000000c0000000, 0x00000000c0000000, 0x00000000ca170000)
  from space 20608K,  60% used [0x00000000cb590000, 0x00000000cc1c0db0, 0x00000000cc9b0000)
  to   space 20608K,   0% used [0x00000000ca170000, 0x00000000ca170000, 0x00000000cb590000)
 tenured generation   total 412964K, used 406974K [0x00000000d5550000, 0x00000000ee899000, 0x0000000100000000)
   the space 412964K,  98% used [0x00000000d5550000, 0x00000000ee2bfa08, 0x00000000ee2bfc00, 0x00000000ee899000)
 Metaspace       used 92779K, capacity 102468K, committed 102656K, reserved 1138688K
  class space    used 12630K, capacity 13548K, committed 13568K, reserved 1048576K
}
Event: 251.000 GC heap before
{Heap before GC invocations=533 (full 18):
 def new generation   total 185920K, used 177795K [0x00000000c0000000, 0x00000000cc9b0000, 0x00000000d5550000)
  eden space 165312K, 100% used [0x00000000c0000000, 0x00000000ca170000, 0x00000000ca170000)
  from space 20608K,  60% used [0x00000000cb590000, 0x00000000cc1c0db0, 0x00000000cc9b0000)
  to   space 20608K,   0% used [0x00000000ca170000, 0x00000000ca170000, 0x00000000cb590000)
 tenured generation   total 412964K, used 406974K [0x00000000d5550000, 0x00000000ee899000, 0x0000000100000000)
   the space 412964K,  98% used [0x00000000d5550000, 0x00000000ee2bfa08, 0x00000000ee2bfc00, 0x00000000ee899000)
 Metaspace       used 92779K, capacity 102468K, committed 102656K, reserved 1138688K
  class space    used 12630K, capacity 13548K, committed 13568K, reserved 1048576K
Event: 251.065 GC heap after
Heap after GC invocations=534 (full 18):
 def new generation   total 185920K, used 10362K [0x00000000c0000000, 0x00000000cc9b0000, 0x00000000d5550000)
  eden space 165312K,   0% used [0x00000000c0000000, 0x00000000c0000000, 0x00000000ca170000)
  from space 20608K,  50% used [0x00000000ca170000, 0x00000000cab8e968, 0x00000000cb590000)
  to   space 20608K,   0% used [0x00000000cb590000, 0x00000000cb590000, 0x00000000cc9b0000)
 tenured generation   total 412964K, used 410873K [0x00000000d5550000, 0x00000000ee899000, 0x0000000100000000)
   the space 412964K,  99% used [0x00000000d5550000, 0x00000000ee68e770, 0x00000000ee68e800, 0x00000000ee899000)
 Metaspace       used 92779K, capacity 102468K, committed 102656K, reserved 1138688K
  class space    used 12630K, capacity 13548K, committed 13568K, reserved 1048576K
}
Event: 251.934 GC heap before
{Heap before GC invocations=534 (full 18):
 def new generation   total 185920K, used 175674K [0x00000000c0000000, 0x00000000cc9b0000, 0x00000000d5550000)
  eden space 165312K, 100% used [0x00000000c0000000, 0x00000000ca170000, 0x00000000ca170000)
  from space 20608K,  50% used [0x00000000ca170000, 0x00000000cab8e968, 0x00000000cb590000)
  to   space 20608K,   0% used [0x00000000cb590000, 0x00000000cb590000, 0x00000000cc9b0000)
 tenured generation   total 412964K, used 410873K [0x00000000d5550000, 0x00000000ee899000, 0x0000000100000000)
   the space 412964K,  99% used [0x00000000d5550000, 0x00000000ee68e770, 0x00000000ee68e800, 0x00000000ee899000)
 Metaspace       used 92784K, capacity 102468K, committed 102656K, reserved 1138688K
  class space    used 12630K, capacity 13548K, committed 13568K, reserved 1048576K

Deoptimization events (10 events):
Event: 141.417 Thread 0x00007fabc8d82800 Uncommon trap: reason=speculate_class_check action=maybe_recompile pc=0x00007fabd1b564b8 method=org.spark_project.guava.base.Equivalence.hash(Ljava/lang/Object;)I @ 8
Event: 141.417 Thread 0x00007fabc8d82800 Uncommon trap: reason=speculate_class_check action=maybe_recompile pc=0x00007fabd1b564b8 method=org.spark_project.guava.base.Equivalence.hash(Ljava/lang/Object;)I @ 8
Event: 148.664 Thread 0x00007fabcc15b800 Uncommon trap: reason=null_check action=make_not_entrant pc=0x00007fabd20ed78c method=java.util.Arrays.fill([Ljava/lang/Object;Ljava/lang/Object;)V @ 13
Event: 148.672 Thread 0x00007fabcc15b800 Uncommon trap: reason=null_check action=make_not_entrant pc=0x00007fabd1f07e04 method=java.util.Arrays.fill([Ljava/lang/Object;Ljava/lang/Object;)V @ 13
Event: 148.681 Thread 0x00007fabc84aa000 Uncommon trap: reason=class_check action=maybe_recompile pc=0x00007fabd202ee1c method=java.lang.Throwable.<init>()V @ 24
Event: 194.686 Thread 0x00007fabc84a8000 Uncommon trap: reason=class_check action=maybe_recompile pc=0x00007fabd202ee1c method=java.lang.Throwable.<init>()V @ 24
Event: 237.533 Thread 0x00007fabc84a8000 Uncommon trap: reason=class_check action=maybe_recompile pc=0x00007fabd202ee1c method=java.lang.Throwable.<init>()V @ 24
Event: 237.545 Thread 0x00007fabc401d000 Uncommon trap: reason=class_check action=maybe_recompile pc=0x00007fabd1bd1714 method=java.lang.ThreadLocal.set(Ljava/lang/Object;)V @ 26
Event: 237.589 Thread 0x00007fabc401d000 Uncommon trap: reason=null_check action=make_not_entrant pc=0x00007fabd214a588 method=org.apache.hadoop.fs.FileSystem$Statistics.getThreadStatistics()Lorg/apache/hadoop/fs/FileSystem$Statistics$StatisticsData; @ 7
Event: 237.590 Thread 0x00007fabc401d000 Uncommon trap: reason=class_check action=maybe_recompile pc=0x00007fabd1bd1714 method=java.lang.ThreadLocal.set(Ljava/lang/Object;)V @ 26

Classes redefined (0 events):
No events

Internal exceptions (10 events):
Event: 45.103 Thread 0x00007fabcc15b800 Exception <a 'java/lang/NoSuchMethodError': java.lang.Object.$anonfun$build$1$adapted(Lorg/apache/spark/sql/execution/columnar/compression/Encoder;)Ljava/lang/Object;> (0x00000000c139dca8) thrown at [/build/openjdk-8-6jqSe7/openjdk-8-8u191-b12/src/hotspot
Event: 45.112 Thread 0x00007fabcc15b800 Exception <a 'java/lang/NoSuchMethodError': java.lang.Object.$anonfun$minBy$1$adapted(Lscala/Function1;Lscala/runtime/BooleanRef;Lscala/math/Ordering;Lscala/runtime/ObjectRef;Lscala/runtime/ObjectRef;Ljava/lang/Object;)Ljava/lang/Object;> (0x00000000c13a2
Event: 45.114 Thread 0x00007fabcc15b800 Exception <a 'java/lang/NoSuchMethodError': java.lang.Object.$anonfun$build$2(Lorg/apache/spark/sql/execution/columnar/compression/CompressibleColumnBuilder;Lorg/apache/spark/sql/execution/columnar/compression/Encoder;)Ljava/lang/String;> (0x00000000c13f3
Event: 49.156 Thread 0x00007fabcc15b800 Implicit null exception at 0x00007fabd1b5dbc1 to 0x00007fabd1b5ea6d
Event: 49.492 Thread 0x00007fabcc15b800 Implicit null exception at 0x00007fabd20497f1 to 0x00007fabd204ac75
Event: 101.949 Thread 0x00007fabcc15b800 Exception <a 'java/lang/NoSuchMethodError': <clinit>> (0x00000000c1b90610) thrown at [/build/openjdk-8-6jqSe7/openjdk-8-8u191-b12/src/hotspot/src/share/vm/prims/jni.cpp, line 1613]
Event: 102.145 Thread 0x00007fabcc15b800 Implicit null exception at 0x00007fabd203f3d5 to 0x00007fabd20403a1
Event: 148.664 Thread 0x00007fabcc15b800 Implicit null exception at 0x00007fabd20ed4c8 to 0x00007fabd20ed779
Event: 148.672 Thread 0x00007fabcc15b800 Implicit null exception at 0x00007fabd1f07996 to 0x00007fabd1f07ded
Event: 237.589 Thread 0x00007fabc401d000 Implicit null exception at 0x00007fabd214a4d1 to 0x00007fabd214a579

Events (10 events):
Event: 251.408 Thread 0x00007fabe00b0800 flushing nmethod 0x00007fabd17d8090
Event: 251.422 Thread 0x00007fabe00b0800 flushing nmethod 0x00007fabd1972c50
Event: 251.422 Thread 0x00007fabe00b0800 flushing nmethod 0x00007fabd1980110
Event: 251.422 Thread 0x00007fabe00b0800 flushing nmethod 0x00007fabd1984990
Event: 251.422 Thread 0x00007fabe00b0800 flushing nmethod 0x00007fabd1985ad0
Event: 251.422 Thread 0x00007fabe00b0800 flushing nmethod 0x00007fabd19873d0
Event: 251.422 Thread 0x00007fabe00b0800 flushing nmethod 0x00007fabd198ed90
Event: 251.422 Thread 0x00007fabe00b0800 flushing nmethod 0x00007fabd1999750
Event: 251.422 Thread 0x00007fabe00b0800 flushing nmethod 0x00007fabd199a610
Event: 251.934 Executing VM operation: GenCollectForAllocation


Dynamic libraries:
00400000-00401000 r-xp 00000000 fd:01 256478                             /usr/lib/jvm/java-8-openjdk-amd64/jre/bin/java
00600000-00601000 r--p 00000000 fd:01 256478                             /usr/lib/jvm/java-8-openjdk-amd64/jre/bin/java
00601000-00602000 rw-p 00001000 fd:01 256478                             /usr/lib/jvm/java-8-openjdk-amd64/jre/bin/java
01c47000-01d2e000 rw-p 00000000 00:00 0                                  [heap]
c0000000-cc9b0000 rw-p 00000000 00:00 0 
cc9b0000-d5550000 ---p 00000000 00:00 0 
d5550000-ee8c9000 rw-p 00000000 00:00 0 
ff5c5000-100000000 ---p 00000000 00:00 0 
100000000-100d40000 rw-p 00000000 00:00 0 
100d40000-140000000 ---p 00000000 00:00 0 
7faba74b4000-7faba74b7000 ---p 00000000 00:00 0 
7faba74b7000-7faba75b5000 rw-p 00000000 00:00 0 
7faba75b5000-7faba75b8000 ---p 00000000 00:00 0 
7faba75b8000-7faba77b6000 rw-p 00000000 00:00 0 
7faba77b6000-7faba78b6000 ---p 00000000 00:00 0 
7faba78b6000-7faba78b9000 ---p 00000000 00:00 0 
7faba78b9000-7faba79b7000 rw-p 00000000 00:00 0 
7faba79b7000-7faba79ba000 ---p 00000000 00:00 0 
7faba79ba000-7faba7ab8000 rw-p 00000000 00:00 0 
7faba7ab8000-7faba7abb000 ---p 00000000 00:00 0 
7faba7abb000-7faba7bb9000 rw-p 00000000 00:00 0 
7faba7bb9000-7faba7bbc000 ---p 00000000 00:00 0 
7faba7bbc000-7faba7cba000 rw-p 00000000 00:00 0 
7faba7cba000-7faba7cbd000 ---p 00000000 00:00 0 
7faba7cbd000-7faba7dbb000 rw-p 00000000 00:00 0 
7faba7dbb000-7faba7dbe000 ---p 00000000 00:00 0 
7faba7dbe000-7faba7ebc000 rw-p 00000000 00:00 0 
7faba7ebc000-7faba7ebf000 ---p 00000000 00:00 0 
7faba7ebf000-7faba7fbd000 rw-p 00000000 00:00 0 
7faba7fbd000-7faba7fc0000 ---p 00000000 00:00 0 
7faba7fc0000-7faba80be000 rw-p 00000000 00:00 0 
7faba80be000-7faba80c1000 ---p 00000000 00:00 0 
7faba80c1000-7faba81bf000 rw-p 00000000 00:00 0 
7faba81bf000-7faba81c2000 ---p 00000000 00:00 0 
7faba81c2000-7faba82c0000 rw-p 00000000 00:00 0 
7faba82c0000-7faba82c3000 ---p 00000000 00:00 0 
7faba82c3000-7faba83c1000 rw-p 00000000 00:00 0 
7faba83c1000-7faba83c4000 ---p 00000000 00:00 0 
7faba83c4000-7faba84c2000 rw-p 00000000 00:00 0 
7faba84c2000-7faba84c5000 ---p 00000000 00:00 0 
7faba84c5000-7faba85c3000 rw-p 00000000 00:00 0 
7faba85c3000-7faba85c6000 ---p 00000000 00:00 0 
7faba85c6000-7faba88c4000 rw-p 00000000 00:00 0 
7faba899e000-7faba89a1000 ---p 00000000 00:00 0 
7faba89a1000-7faba8c9f000 rw-p 00000000 00:00 0 
7faba8c9f000-7faba8ca2000 ---p 00000000 00:00 0 
7faba8ca2000-7faba8da0000 rw-p 00000000 00:00 0 
7faba8da0000-7faba8da3000 ---p 00000000 00:00 0 
7faba8da3000-7faba90a1000 rw-p 00000000 00:00 0 
7faba90a1000-7faba92a1000 rw-p 00000000 00:00 0 
7faba92a1000-7faba94a1000 rw-p 00000000 00:00 0 
7faba94a1000-7faba96a1000 rw-p 00000000 00:00 0 
7faba96a1000-7faba96ae000 r-xp 00000000 fd:01 2304947                    /tmp/liblz4-java8649917410895210716.so
7faba96ae000-7faba98ad000 ---p 0000d000 fd:01 2304947                    /tmp/liblz4-java8649917410895210716.so
7faba98ad000-7faba98ae000 rw-p 0000c000 fd:01 2304947                    /tmp/liblz4-java8649917410895210716.so
7faba98b2000-7faba9ab2000 rw-p 00000000 00:00 0 
7faba9ab2000-7faba9cb2000 rw-p 00000000 00:00 0 
7faba9cb2000-7faba9eb2000 rw-p 00000000 00:00 0 
7faba9eb2000-7fabaa0b2000 rw-p 00000000 00:00 0 
7fabaa0b2000-7fabaa2b2000 rw-p 00000000 00:00 0 
7fabaa2b2000-7fabaa4b2000 rw-p 00000000 00:00 0 
7fabaa4b2000-7fabaa6b2000 rw-p 00000000 00:00 0 
7fabaa6b2000-7fabaa8b2000 rw-p 00000000 00:00 0 
7fabaa8b2000-7fabaaab2000 rw-p 00000000 00:00 0 
7fabaaab2000-7fabaacb2000 rw-p 00000000 00:00 0 
7fabaacb2000-7fabaaeb2000 rw-p 00000000 00:00 0 
7fabaaeb2000-7fabab0b2000 rw-p 00000000 00:00 0 
7fabab0b2000-7fabab2b2000 rw-p 00000000 00:00 0 
7fabab2b2000-7fabab2b5000 ---p 00000000 00:00 0 
7fabab2b5000-7fabab3b3000 rw-p 00000000 00:00 0 
7fabab3b3000-7fabab3b6000 ---p 00000000 00:00 0 
7fabab3b6000-7fabab6b4000 rw-p 00000000 00:00 0 
7fabab6b4000-7fabab8b4000 rw-p 00000000 00:00 0 
7fabab8b4000-7fabab8b7000 ---p 00000000 00:00 0 
7fabab8b7000-7fababbb5000 rw-p 00000000 00:00 0 
7fababbb5000-7fababdb5000 rw-p 00000000 00:00 0 
7fababdb5000-7fababdb8000 ---p 00000000 00:00 0 
7fababdb8000-7fabac0b6000 rw-p 00000000 00:00 0 
7fabac0b6000-7fabac2b6000 rw-p 00000000 00:00 0 
7fabac2b6000-7fabac4b6000 rw-p 00000000 00:00 0 
7fabac4b6000-7fabac6b6000 rw-p 00000000 00:00 0 
7fabac6b6000-7fabac6b9000 ---p 00000000 00:00 0 
7fabac6b9000-7fabac7b7000 rw-p 00000000 00:00 0 
7fabac7b7000-7fabac7ba000 ---p 00000000 00:00 0 
7fabac7ba000-7fabac8b8000 rw-p 00000000 00:00 0 
7fabac8b8000-7fabac8bb000 ---p 00000000 00:00 0 
7fabac8bb000-7fabac9b9000 rw-p 00000000 00:00 0 
7fabac9b9000-7fabac9bc000 ---p 00000000 00:00 0 
7fabac9bc000-7fabacaba000 rw-p 00000000 00:00 0 
7fabacaba000-7fabacabd000 ---p 00000000 00:00 0 
7fabacabd000-7fabacdbb000 rw-p 00000000 00:00 0 
7fabacdbb000-7fabacfbb000 rw-p 00000000 00:00 0 
7fabacfbb000-7fabacfbe000 ---p 00000000 00:00 0 
7fabacfbe000-7fabad0bc000 rw-p 00000000 00:00 0 
7fabad0bc000-7fabad0bf000 ---p 00000000 00:00 0 
7fabad0bf000-7fabad1bd000 rw-p 00000000 00:00 0 
7fabad1bd000-7fabad1c0000 ---p 00000000 00:00 0 
7fabad1c0000-7fabad2be000 rw-p 00000000 00:00 0 
7fabad2be000-7fabad2c1000 ---p 00000000 00:00 0 
7fabad2c1000-7fabad3bf000 rw-p 00000000 00:00 0 
7fabad3bf000-7fabad3c2000 ---p 00000000 00:00 0 
7fabad3c2000-7fabad4c0000 rw-p 00000000 00:00 0 
7fabad4c0000-7fabad4c3000 ---p 00000000 00:00 0 
7fabad4c3000-7fabad5c1000 rw-p 00000000 00:00 0 
7fabad5c1000-7fabad5c4000 ---p 00000000 00:00 0 
7fabad5c4000-7fabad8c2000 rw-p 00000000 00:00 0 
7fabad8c2000-7fabad8c5000 ---p 00000000 00:00 0 
7fabad8c5000-7fabad9c3000 rw-p 00000000 00:00 0 
7fabad9c3000-7fabad9c6000 ---p 00000000 00:00 0 
7fabad9c6000-7fabadac4000 rw-p 00000000 00:00 0 
7fabadac4000-7fabadac7000 ---p 00000000 00:00 0 
7fabadac7000-7fabadbc5000 rw-p 00000000 00:00 0 
7fabadbc5000-7fabadbc8000 ---p 00000000 00:00 0 
7fabadbc8000-7fabadcc6000 rw-p 00000000 00:00 0 
7fabadcc6000-7fabadcc9000 ---p 00000000 00:00 0 
7fabadcc9000-7fabaddc7000 rw-p 00000000 00:00 0 
7fabaddc7000-7fabaddca000 ---p 00000000 00:00 0 
7fabaddca000-7fabadec8000 rw-p 00000000 00:00 0 
7fabadec8000-7fabadecb000 ---p 00000000 00:00 0 
7fabadecb000-7fabadfc9000 rw-p 00000000 00:00 0 
7fabadfc9000-7fabadfcc000 ---p 00000000 00:00 0 
7fabadfcc000-7fabae2ca000 rw-p 00000000 00:00 0 
7fabae2ca000-7fabae2cd000 ---p 00000000 00:00 0 
7fabae2cd000-7fabae3cb000 rw-p 00000000 00:00 0 
7fabae444000-7fabae447000 ---p 00000000 00:00 0 
7fabae447000-7fabae545000 rw-p 00000000 00:00 0 
7fabae545000-7fabae548000 ---p 00000000 00:00 0 
7fabae548000-7fabae646000 rw-p 00000000 00:00 0 
7fabae646000-7fabae649000 ---p 00000000 00:00 0 
7fabae649000-7fabae747000 rw-p 00000000 00:00 0 
7fabae747000-7fabae74a000 ---p 00000000 00:00 0 
7fabae74a000-7fabae848000 rw-p 00000000 00:00 0 
7fabae848000-7fabae84b000 ---p 00000000 00:00 0 
7fabae84b000-7fabae949000 rw-p 00000000 00:00 0 
7fabae949000-7fabae94c000 ---p 00000000 00:00 0 
7fabae94c000-7fabaea4a000 rw-p 00000000 00:00 0 
7fabaea4a000-7fabaea4d000 ---p 00000000 00:00 0 
7fabaea4d000-7fabaeb4b000 rw-p 00000000 00:00 0 
7fabaeb4b000-7fabaeb4e000 ---p 00000000 00:00 0 
7fabaeb4e000-7fabaec4c000 rw-p 00000000 00:00 0 
7fabaec4c000-7fabaec4f000 ---p 00000000 00:00 0 
7fabaec4f000-7fabaef4d000 rw-p 00000000 00:00 0 
7fabaef4d000-7fabaef50000 ---p 00000000 00:00 0 
7fabaef50000-7fabaf24e000 rw-p 00000000 00:00 0 
7fabaf24e000-7fabaf251000 ---p 00000000 00:00 0 
7fabaf251000-7fabaf34f000 rw-p 00000000 00:00 0 
7fabaf34f000-7fabaf352000 ---p 00000000 00:00 0 
7fabaf352000-7fabaf650000 rw-p 00000000 00:00 0 
7fabaf650000-7fabaf653000 ---p 00000000 00:00 0 
7fabaf653000-7fabaf751000 rw-p 00000000 00:00 0 
7fabaf751000-7fabaf762000 r-xp 00000000 fd:01 256468                     /usr/lib/jvm/java-8-openjdk-amd64/jre/lib/amd64/libnio.so
7fabaf762000-7fabaf962000 ---p 00011000 fd:01 256468                     /usr/lib/jvm/java-8-openjdk-amd64/jre/lib/amd64/libnio.so
7fabaf962000-7fabaf963000 r--p 00011000 fd:01 256468                     /usr/lib/jvm/java-8-openjdk-amd64/jre/lib/amd64/libnio.so
7fabaf963000-7fabaf964000 rw-p 00012000 fd:01 256468                     /usr/lib/jvm/java-8-openjdk-amd64/jre/lib/amd64/libnio.so
7fabaf968000-7fabaf96b000 ---p 00000000 00:00 0 
7fabaf96b000-7fabafa69000 rw-p 00000000 00:00 0 
7fabafa69000-7fabafa6a000 r-xp 00000000 fd:01 256442                     /usr/lib/jvm/java-8-openjdk-amd64/jre/lib/amd64/libjaas_unix.so
7fabafa6a000-7fabafc69000 ---p 00001000 fd:01 256442                     /usr/lib/jvm/java-8-openjdk-amd64/jre/lib/amd64/libjaas_unix.so
7fabafc69000-7fabafc6a000 r--p 00000000 fd:01 256442                     /usr/lib/jvm/java-8-openjdk-amd64/jre/lib/amd64/libjaas_unix.so
7fabafc6a000-7fabafc6b000 rw-p 00001000 fd:01 256442                     /usr/lib/jvm/java-8-openjdk-amd64/jre/lib/amd64/libjaas_unix.so
7fabafc6f000-7fabafe6f000 rw-p 00000000 00:00 0 
7fabafe6f000-7fabafe72000 ---p 00000000 00:00 0 
7fabafe72000-7fabaff70000 rw-p 00000000 00:00 0 
7fabaff70000-7fabaff73000 ---p 00000000 00:00 0 
7fabaff73000-7fabaffa9000 rw-p 00000000 00:00 0 
7fabaffa9000-7fabaffb2000 r-xp 00000000 fd:01 256440                     /usr/lib/jvm/java-8-openjdk-amd64/jre/lib/amd64/libmanagement.so
7fabaffb2000-7fabb01b1000 ---p 00009000 fd:01 256440                     /usr/lib/jvm/java-8-openjdk-amd64/jre/lib/amd64/libmanagement.so
7fabb01b1000-7fabb01b2000 r--p 00008000 fd:01 256440                     /usr/lib/jvm/java-8-openjdk-amd64/jre/lib/amd64/libmanagement.so
7fabb01b2000-7fabb01b3000 rw-p 00009000 fd:01 256440                     /usr/lib/jvm/java-8-openjdk-amd64/jre/lib/amd64/libmanagement.so
7fabb01b9000-7fabb03b9000 rw-p 00000000 00:00 0 
7fabb03b9000-7fabb03d0000 r-xp 00000000 fd:01 2074                       /lib/x86_64-linux-gnu/libresolv-2.23.so
7fabb03d0000-7fabb05d0000 ---p 00017000 fd:01 2074                       /lib/x86_64-linux-gnu/libresolv-2.23.so
7fabb05d0000-7fabb05d1000 r--p 00017000 fd:01 2074                       /lib/x86_64-linux-gnu/libresolv-2.23.so
7fabb05d1000-7fabb05d2000 rw-p 00018000 fd:01 2074                       /lib/x86_64-linux-gnu/libresolv-2.23.so
7fabb05d2000-7fabb05d4000 rw-p 00000000 00:00 0 
7fabb05d9000-7fabb05de000 r-xp 00000000 fd:01 2070                       /lib/x86_64-linux-gnu/libnss_dns-2.23.so
7fabb05de000-7fabb07de000 ---p 00005000 fd:01 2070                       /lib/x86_64-linux-gnu/libnss_dns-2.23.so
7fabb07de000-7fabb07df000 r--p 00005000 fd:01 2070                       /lib/x86_64-linux-gnu/libnss_dns-2.23.so
7fabb07df000-7fabb07e0000 rw-p 00006000 fd:01 2070                       /lib/x86_64-linux-gnu/libnss_dns-2.23.so
7fabb07e0000-7fabb09e0000 rw-p 00000000 00:00 0 
7fabb09e0000-7fabb39e1000 rw-p 00000000 00:00 0 
7fabb39e1000-7fabb39f8000 r-xp 00000000 fd:01 256437                     /usr/lib/jvm/java-8-openjdk-amd64/jre/lib/amd64/libnet.so
7fabb39f8000-7fabb3bf7000 ---p 00017000 fd:01 256437                     /usr/lib/jvm/java-8-openjdk-amd64/jre/lib/amd64/libnet.so
7fabb3bf7000-7fabb3bf8000 r--p 00016000 fd:01 256437                     /usr/lib/jvm/java-8-openjdk-amd64/jre/lib/amd64/libnet.so
7fabb3bf8000-7fabb3bf9000 rw-p 00017000 fd:01 256437                     /usr/lib/jvm/java-8-openjdk-amd64/jre/lib/amd64/libnet.so
7fabb3c00000-7fabb3e00000 rw-p 00000000 00:00 0 
7fabb3e00000-7fabb4000000 rw-p 00000000 00:00 0 
7fabb4000000-7fabb4b64000 rw-p 00000000 00:00 0 
7fabb4b64000-7fabb8000000 ---p 00000000 00:00 0 
7fabb8000000-7fabb8021000 rw-p 00000000 00:00 0 
7fabb8021000-7fabbc000000 ---p 00000000 00:00 0 
7fabbc000000-7fabbc3bb000 rw-p 00000000 00:00 0 
7fabbc3bb000-7fabc0000000 ---p 00000000 00:00 0 
7fabc0000000-7fabc114e000 rw-p 00000000 00:00 0 
7fabc114e000-7fabc4000000 ---p 00000000 00:00 0 
7fabc4000000-7fabc4023000 rw-p 00000000 00:00 0 
7fabc4023000-7fabc8000000 ---p 00000000 00:00 0 
7fabc8000000-7fabca4e8000 rw-p 00000000 00:00 0 
7fabca4e8000-7fabcc000000 ---p 00000000 00:00 0 
7fabcc000000-7fabcc3b2000 rw-p 00000000 00:00 0 
7fabcc3b2000-7fabd0000000 ---p 00000000 00:00 0 
7fabd0007000-7fabd0009000 r--s 00016000 fd:01 256422                     /usr/lib/jvm/java-8-openjdk-amd64/jre/lib/jce.jar
7fabd0009000-7fabd000e000 r--s 000a0000 fd:01 256472                     /usr/lib/jvm/java-8-openjdk-amd64/jre/lib/jsse.jar
7fabd0012000-7fabd0014000 r--s 00011000 fd:01 273491                     /home/ubuntu/.local/lib/python3.5/site-packages/pyspark/jars/spark-launcher_2.12-2.4.2.jar
7fabd001a000-7fabd001f000 r--s 00041000 fd:01 273490                     /home/ubuntu/.local/lib/python3.5/site-packages/pyspark/jars/parquet-hadoop-1.10.1.jar
7fabd0021000-7fabd0024000 r--s 00028000 fd:01 273489                     /home/ubuntu/.local/lib/python3.5/site-packages/pyspark/jars/stream-2.7.0.jar
7fabd0027000-7fabd002a000 r--s 00016000 fd:01 273488                     /home/ubuntu/.local/lib/python3.5/site-packages/pyspark/jars/jsp-api-2.1.jar
7fabd002d000-7fabd0033000 r--s 0002c000 fd:01 273487                     /home/ubuntu/.local/lib/python3.5/site-packages/pyspark/jars/jdo-api-3.0.1.jar
7fabd0038000-7fabd003d000 r--s 00027000 fd:01 273486                     /home/ubuntu/.local/lib/python3.5/site-packages/pyspark/jars/hk2-api-2.4.0-b34.jar
7fabd003d000-7fabd0040000 r--s 00014000 fd:01 273485                     /home/ubuntu/.local/lib/python3.5/site-packages/pyspark/jars/super-csv-2.2.0.jar
7fabd0047000-7fabd005f000 r--s 000d6000 fd:01 273484                     /home/ubuntu/.local/lib/python3.5/site-packages/pyspark/jars/jersey-guava-2.22.2.jar
7fabd0062000-7fabd0064000 r--s 00009000 fd:01 273483                     /home/ubuntu/.local/lib/python3.5/site-packages/pyspark/jars/jackson-module-paranamer-2.7.9.jar
7fabd0065000-7fabd0066000 r--s 00004000 fd:01 273482                     /home/ubuntu/.local/lib/python3.5/site-packages/pyspark/jars/opencsv-2.3.jar
7fabd0069000-7fabd006f000 r--s 00028000 fd:01 273481                     /home/ubuntu/.local/lib/python3.5/site-packages/pyspark/jars/curator-framework-2.7.1.jar
7fabd0071000-7fabd0073000 r--s 00008000 fd:01 273480                     /home/ubuntu/.local/lib/python3.5/site-packages/pyspark/jars/metrics-jvm-3.1.5.jar
7fabd0078000-7fabd007a000 r--s 00017000 fd:01 273479                     /home/ubuntu/.local/lib/python3.5/site-packages/pyspark/jars/hive-jdbc-1.2.1.spark2.jar
7fabd007d000-7fabd0096000 r--s 00164000 fd:01 273478                     /home/ubuntu/.local/lib/python3.5/site-packages/pyspark/jars/hadoop-mapreduce-client-core-2.7.3.jar
7fabd009b000-7fabd00d8000 r--s 008fa000 fd:01 273477                     /home/ubuntu/.local/lib/python3.5/site-packages/pyspark/jars/spire_2.12-0.13.0.jar
7fabd00db000-7fabd00dd000 r--s 00002000 fd:01 273476                     /home/ubuntu/.local/lib/python3.5/site-packages/pyspark/jars/aopalliance-repackaged-2.4.0-b34.jar
7fabd00e3000-7fabd00e4000 r--s 00002000 fd:01 273475                     /home/ubuntu/.local/lib/python3.5/site-packages/pyspark/jars/slf4j-log4j12-1.7.16.jar
7fabd00e5000-7fabd00fe000 r--s 000f4000 fd:01 273474                     /home/ubuntu/.local/lib/python3.5/site-packages/pyspark/jars/parquet-column-1.10.1.jar
7fabd0101000-7fabd011a000 r--s 00150000 fd:01 273473                     /home/ubuntu/.local/lib/python3.5/site-packages/pyspark/jars/htrace-core-3.1.0-incubating.jar
7fabd011a000-7fabd0128000 r--s 000b1000 fd:01 273472                     /home/ubuntu/.local/lib/python3.5/site-packages/pyspark/jars/jackson-mapper-asl-1.9.13.jar
7fabd012c000-7fabd0134000 r--s 0003b000 fd:01 273471                     /home/ubuntu/.local/lib/python3.5/site-packages/pyspark/jars/curator-recipes-2.7.1.jar
7fabd0135000-7fabd0136000 r--s 00004000 fd:01 273470                     /home/ubuntu/.local/lib/python3.5/site-packages/pyspark/jars/eigenbase-properties-1.1.5.jar
7fabd013b000-7fabd0159000 r--s 0018a000 fd:01 273469                     /home/ubuntu/.local/lib/python3.5/site-packages/pyspark/jars/spark-hive-thriftserver_2.12-2.4.2.jar
7fabd015f000-7fabd0162000 r--s 0001e000 fd:01 273468                     /home/ubuntu/.local/lib/python3.5/site-packages/pyspark/jars/aircompressor-0.10.jar
7fabd0166000-7fabd016a000 r--s 00035000 fd:01 273467                     /home/ubuntu/.local/lib/python3.5/site-packages/pyspark/jars/jackson-core-asl-1.9.13.jar
7fabd016e000-7fabd0170000 r--s 0001d000 fd:01 273466                     /home/ubuntu/.local/lib/python3.5/site-packages/pyspark/jars/breeze-macros_2.12-0.13.2.jar
7fabd0170000-7fabd0172000 r--s 0000f000 fd:01 273465                     /home/ubuntu/.local/lib/python3.5/site-packages/pyspark/jars/curator-client-2.7.1.jar
7fabd0179000-7fabd017a000 r--s 00000000 fd:01 273464                     /home/ubuntu/.local/lib/python3.5/site-packages/pyspark/jars/shims-0.7.45.jar
7fabd017f000-7fabd018b000 r--s 000b6000 fd:01 273463                     /home/ubuntu/.local/lib/python3.5/site-packages/pyspark/jars/zookeeper-3.4.6.jar
7fabd018e000-7fabd0191000 r--s 000fd000 fd:01 273462                     /home/ubuntu/.local/lib/python3.5/site-packages/pyspark/jars/leveldbjni-all-1.8.jar
7fabd0192000-7fabd0196000 r--s 00051000 fd:01 273461                     /home/ubuntu/.local/lib/python3.5/site-packages/pyspark/jars/json4s-scalap_2.12-3.5.3.jar
7fabd019b000-7fabd019d000 r--s 00002000 fd:01 273460                     /home/ubuntu/.local/lib/python3.5/site-packages/pyspark/jars/logging-interceptor-3.12.0.jar
7fabd01a3000-7fabd01a7000 r--s 0001a000 fd:01 273459                     /home/ubuntu/.local/lib/python3.5/site-packages/pyspark/jars/hk2-utils-2.4.0-b34.jar
7fabd01ad000-7fabd0218000 r--s 00784000 fd:01 273458                     /home/ubuntu/.local/lib/python3.5/site-packages/pyspark/jars/hadoop-hdfs-2.7.3.jar
7fabd021d000-7fabd0228000 r--s 000bc000 fd:01 273457                     /home/ubuntu/.local/lib/python3.5/site-packages/pyspark/jars/orc-mapreduce-1.5.5-nohive.jar
7fabd0229000-7fabd022b000 r--s 00000000 fd:01 273456                     /home/ubuntu/.local/lib/python3.5/site-packages/pyspark/jars/jul-to-slf4j-1.7.16.jar
7fabd022f000-7fabd0230000 r--s 00006000 fd:01 273455                     /home/ubuntu/.local/lib/python3.5/site-packages/pyspark/jars/hadoop-client-2.7.3.jar
7fabd0234000-7fabd0248000 r--s 0016b000 fd:01 273454                     /home/ubuntu/.local/lib/python3.5/site-packages/pyspark/jars/orc-core-1.5.5-nohive.jar
7fabd024d000-7fabd0251000 r--s 00014000 fd:01 273453                     /home/ubuntu/.local/lib/python3.5/site-packages/pyspark/jars/parquet-common-1.10.1.jar
7fabd0258000-7fabd025c000 r--s 0002f000 fd:01 273452                     /home/ubuntu/.local/lib/python3.5/site-packages/pyspark/jars/commons-beanutils-core-1.8.0.jar
7fabd025e000-7fabd0261000 r--s 0004d000 fd:01 273451                     /home/ubuntu/.local/lib/python3.5/site-packages/pyspark/jars/spark-yarn_2.12-2.4.2.jar
7fabd0261000-7fabd02a2000 r--s 006c0000 fd:01 273450                     /home/ubuntu/.local/lib/python3.5/site-packages/pyspark/jars/mesos-1.4.0-shaded-protobuf.jar
7fabd02a6000-7fabd02b1000 r--s 000c5000 fd:01 273449                     /home/ubuntu/.local/lib/python3.5/site-packages/pyspark/jars/parquet-encoding-1.10.1.jar
7fabd02b3000-7fabd02b7000 r--s 0002a000 fd:01 273448                     /home/ubuntu/.local/lib/python3.5/site-packages/pyspark/jars/commons-io-2.4.jar
7fabd02bd000-7fabd02c1000 r--s 0003c000 fd:01 273447                     /home/ubuntu/.local/lib/python3.5/site-packages/pyspark/jars/jackson-core-2.6.7.jar
7fabd02c8000-7fabd0371000 r--s 00a4f000 fd:01 273446                     /home/ubuntu/.local/lib/python3.5/site-packages/pyspark/jars/hive-exec-1.2.1.spark2.jar
7fabd0375000-7fabd0377000 r--s 00004000 fd:01 273445                     /home/ubuntu/.local/lib/python3.5/site-packages/pyspark/jars/metrics-graphite-3.1.5.jar
7fabd037c000-7fabd0392000 r--s 000d3000 fd:01 273444                     /home/ubuntu/.local/lib/python3.5/site-packages/pyspark/jars/jersey-server-2.22.2.jar
7fabd0393000-7fabd0397000 r--s 0001a000 fd:01 273443                     /home/ubuntu/.local/lib/python3.5/site-packages/pyspark/jars/metrics-core-3.1.5.jar
7fabd039d000-7fabd041d000 r--s 00c34000 fd:01 273442                     /home/ubuntu/.local/lib/python3.5/site-packages/pyspark/jars/breeze_2.12-0.13.2.jar
7fabd0424000-7fabd0425000 r--s 00003000 fd:01 273441                     /home/ubuntu/.local/lib/python3.5/site-packages/pyspark/jars/xmlenc-0.52.jar
7fabd0429000-7fabd042b000 r--s 00008000 fd:01 273440                     /home/ubuntu/.local/lib/python3.5/site-packages/pyspark/jars/commons-compiler-3.0.9.jar
7fabd0430000-7fabd043f000 r--s 0009f000 fd:01 273439                     /home/ubuntu/.local/lib/python3.5/site-packages/pyspark/jars/guice-3.0.jar
7fabd0442000-7fabd0444000 r--s 00009000 fd:01 273438                     /home/ubuntu/.local/lib/python3.5/site-packages/pyspark/jars/commons-cli-1.2.jar
7fabd044b000-7fabd0456000 r--s 00062000 fd:01 273437                     /home/ubuntu/.local/lib/python3.5/site-packages/pyspark/jars/calcite-linq4j-1.2.0-incubating.jar
7fabd045c000-7fabd0464000 r--s 0007b000 fd:01 273436                     /home/ubuntu/.local/lib/python3.5/site-packages/pyspark/jars/protobuf-java-2.5.0.jar
7fabd046b000-7fabd0470000 r--s 0002a000 fd:01 273435                     /home/ubuntu/.local/lib/python3.5/site-packages/pyspark/jars/gson-2.2.4.jar
7fabd0471000-7fabd04a9000 r--s 004d0000 fd:01 273434                     /home/ubuntu/.local/lib/python3.5/site-packages/pyspark/jars/scala-library-2.12.8.jar
7fabd04b0000-7fabd04b1000 r--s 00007000 fd:01 273433                     /home/ubuntu/.local/lib/python3.5/site-packages/pyspark/jars/jackson-module-jaxb-annotations-2.6.7.jar
7fabd04b7000-7fabd04b9000 r--s 0000e000 fd:01 273432                     /home/ubuntu/.local/lib/python3.5/site-packages/pyspark/jars/guice-servlet-3.0.jar
7fabd04bf000-7fabd04c3000 r--s 00036000 fd:01 273431                     /home/ubuntu/.local/lib/python3.5/site-packages/pyspark/jars/ST4-4.0.4.jar
7fabd04c6000-7fabd04ca000 r--s 00015000 fd:01 273430                     /home/ubuntu/.local/lib/python3.5/site-packages/pyspark/jars/xz-1.5.jar
7fabd04cd000-7fabd04d0000 r--s 00034000 fd:01 273429                     /home/ubuntu/.local/lib/python3.5/site-packages/pyspark/jars/scala-parser-combinators_2.12-1.1.0.jar
7fabd04d1000-7fabd04d3000 r--s 00020000 fd:01 273428                     /home/ubuntu/.local/lib/python3.5/site-packages/pyspark/jars/hive-beeline-1.2.1.spark2.jar
7fabd04da000-7fabd04db000 r--s 00001000 fd:01 273427                     /home/ubuntu/.local/lib/python3.5/site-packages/pyspark/jars/javax.inject-2.4.0-b34.jar
7fabd04db000-7fabd04dc000 r--s 00002000 fd:01 273426                     /home/ubuntu/.local/lib/python3.5/site-packages/pyspark/jars/flatbuffers-1.2.0-3f79e055.jar
7fabd04e0000-7fabd04e2000 r--s 00027000 fd:01 273425                     /home/ubuntu/.local/lib/python3.5/site-packages/pyspark/jars/core-1.1.2.jar
7fabd04e6000-7fabd04ed000 r--s 0007d000 fd:01 273424                     /home/ubuntu/.local/lib/python3.5/site-packages/pyspark/jars/jetty-6.1.26.jar
7fabd04f4000-7fabd04f6000 r--s 00003000 fd:01 273423                     /home/ubuntu/.local/lib/python3.5/site-packages/pyspark/jars/jersey-container-servlet-2.22.2.jar
7fabd04fb000-7fabd053c000 r--s 0035a000 fd:01 273422                     /home/ubuntu/.local/lib/python3.5/site-packages/pyspark/jars/netty-all-4.1.17.Final.jar
7fabd0540000-7fabd0545000 r--s 00027000 fd:01 273421                     /home/ubuntu/.local/lib/python3.5/site-packages/pyspark/jars/automaton-1.11-8.jar
7fabd054c000-7fabd054e000 r--s 00003000 fd:01 273420                     /home/ubuntu/.local/lib/python3.5/site-packages/pyspark/jars/api-asn1-api-1.0.0-M20.jar
7fabd0554000-7fabd0564000 r--s 00133000 fd:01 273419                     /home/ubuntu/.local/lib/python3.5/site-packages/pyspark/jars/arrow-vector-0.10.0.jar
7fabd0566000-7fabd056a000 r--s 00025000 fd:01 273418                     /home/ubuntu/.local/lib/python3.5/site-packages/pyspark/jars/antlr-runtime-3.4.jar
7fabd0570000-7fabd0579000 r--s 0006f000 fd:01 273417                     /home/ubuntu/.local/lib/python3.5/site-packages/pyspark/jars/log4j-1.2.17.jar
7fabd057f000-7fabd0582000 r--s 00006000 fd:01 273416                     /home/ubuntu/.local/lib/python3.5/site-packages/pyspark/jars/jsr305-1.3.9.jar
7fabd0589000-7fabd058c000 r--s 00058000 fd:01 273415                     /home/ubuntu/.local/lib/python3.5/site-packages/pyspark/jars/lz4-java-1.4.0.jar
7fabd058d000-7fabd058f000 r--s 00004000 fd:01 273414                     /home/ubuntu/.local/lib/python3.5/site-packages/pyspark/jars/stax-api-1.0-2.jar
7fabd058f000-7fabd0594000 r--s 0003e000 fd:01 273413                     /home/ubuntu/.local/lib/python3.5/site-packages/pyspark/jars/commons-net-3.1.jar
7fabd0595000-7fabd0599000 r--s 0004c000 fd:01 273412                     /home/ubuntu/.local/lib/python3.5/site-packages/pyspark/jars/RoaringBitmap-0.7.45.jar
7fabd059f000-7fabd05a2000 r--s 0001e000 fd:01 273411                     /home/ubuntu/.local/lib/python3.5/site-packages/pyspark/jars/avro-ipc-1.8.2.jar
7fabd05a2000-7fabd05b3000 r--s 00089000 fd:01 273410                     /home/ubuntu/.local/lib/python3.5/site-packages/pyspark/jars/joda-time-2.9.3.jar
7fabd05b8000-7fabd060b000 r--s 007ef000 fd:01 273409                     /home/ubuntu/.local/lib/python3.5/site-packages/pyspark/jars/spark-core_2.12-2.4.2.jar
7fabd0611000-7fabd0615000 r--s 00028000 fd:01 273408                     /home/ubuntu/.local/lib/python3.5/site-packages/pyspark/jars/jetty-util-6.1.26.jar
7fabd0619000-7fabd061b000 r--s 00010000 fd:01 273407                     /home/ubuntu/.local/lib/python3.5/site-packages/pyspark/jars/spire-macros_2.12-0.13.0.jar
7fabd061d000-7fabd0633000 r--s 00124000 fd:01 273406                     /home/ubuntu/.local/lib/python3.5/site-packages/pyspark/jars/ivy-2.4.0.jar
7fabd0634000-7fabd0636000 r--s 00003000 fd:01 273405                     /home/ubuntu/.local/lib/python3.5/site-packages/pyspark/jars/jcl-over-slf4j-1.7.16.jar
7fabd0639000-7fabd0644000 r--s 000b0000 fd:01 273404                     /home/ubuntu/.local/lib/python3.5/site-packages/pyspark/jars/jtransforms-2.4.0.jar
7fabd0647000-7fabd0649000 r--s 0000e000 fd:01 273403                     /home/ubuntu/.local/lib/python3.5/site-packages/pyspark/jars/oro-2.0.8.jar
7fabd064c000-7fabd0654000 r--s 0005b000 fd:01 273402                     /home/ubuntu/.local/lib/python3.5/site-packages/pyspark/jars/univocity-parsers-2.7.3.jar
7fabd0658000-7fabd065a000 r--s 0000f000 fd:01 273401                     /home/ubuntu/.local/lib/python3.5/site-packages/pyspark/jars/activation-1.1.1.jar
7fabd065c000-7fabd0662000 r--s 00043000 fd:01 273400                     /home/ubuntu/.local/lib/python3.5/site-packages/pyspark/jars/commons-configuration-1.6.jar
7fabd0662000-7fabd0667000 r--s 00041000 fd:01 273399                     /home/ubuntu/.local/lib/python3.5/site-packages/pyspark/jars/xbean-asm6-shaded-4.8.jar
7fabd0669000-7fabd066b000 r--s 00238000 fd:01 273398                     /home/ubuntu/.local/lib/python3.5/site-packages/pyspark/jars/zstd-jni-1.3.2-2.jar
7fabd0672000-7fabd0673000 r--s 00009000 fd:01 273397                     /home/ubuntu/.local/lib/python3.5/site-packages/pyspark/jars/slf4j-api-1.7.16.jar
7fabd0678000-7fabd0685000 r--s 000af000 fd:01 273396                     /home/ubuntu/.local/lib/python3.5/site-packages/pyspark/jars/httpclient-4.5.6.jar
7fabd0686000-7fabd0690000 r--s 000a5000 fd:01 273395                     /home/ubuntu/.local/lib/python3.5/site-packages/pyspark/jars/javassist-3.18.1-GA.jar
7fabd0691000-7fabd0692000 r--s 00000000 fd:01 273394                     /home/ubuntu/.local/lib/python3.5/site-packages/pyspark/jars/kubernetes-model-common-4.1.2.jar
7fabd0696000-7fabd069c000 r--s 00045000 fd:01 273393                     /home/ubuntu/.local/lib/python3.5/site-packages/pyspark/jars/commons-httpclient-3.1.jar
7fabd06a0000-7fabd06b2000 r--s 00097000 fd:01 273392                     /home/ubuntu/.local/lib/python3.5/site-packages/pyspark/jars/apacheds-kerberos-codec-2.0.0-M15.jar
7fabd06b4000-7fabd06b6000 r--s 0000b000 fd:01 273391                     /home/ubuntu/.local/lib/python3.5/site-packages/pyspark/jars/spark-kvstore_2.12-2.4.2.jar
7fabd06b6000-7fabd06ba000 r--s 00065000 fd:01 273390                     /home/ubuntu/.local/lib/python3.5/site-packages/pyspark/jars/spark-graphx_2.12-2.4.2.jar
7fabd06bb000-7fabd06f1000 r--s 004da000 fd:01 273389                     /home/ubuntu/.local/lib/python3.5/site-packages/pyspark/jars/spark-mllib_2.12-2.4.2.jar
7fabd06f2000-7fabd06f9000 r--s 00049000 fd:01 273388                     /home/ubuntu/.local/lib/python3.5/site-packages/pyspark/jars/httpcore-4.4.10.jar
7fabd06fb000-7fabd070d000 r--s 00112000 fd:01 273387                     /home/ubuntu/.local/lib/python3.5/site-packages/pyspark/jars/arpack_combined_all-0.1.jar
7fabd070d000-7fabd0713000 r--s 00034000 fd:01 273386                     /home/ubuntu/.local/lib/python3.5/site-packages/pyspark/jars/libthrift-0.9.3.jar
7fabd0715000-7fabd0719000 r--s 0000c000 fd:01 273385                     /home/ubuntu/.local/lib/python3.5/site-packages/pyspark/jars/validation-api-1.1.0.Final.jar
7fabd0719000-7fabd07f5000 r--s 00818000 fd:01 273384                     /home/ubuntu/.local/lib/python3.5/site-packages/pyspark/jars/kubernetes-model-4.1.2.jar
7fabd07f6000-7fabd07f9000 r--s 0002d000 fd:01 273383                     /home/ubuntu/.local/lib/python3.5/site-packages/pyspark/jars/chill_2.12-0.9.3.jar
7fabd07ff000-7fabd0800000 r--s 00006000 fd:01 273382                     /home/ubuntu/.local/lib/python3.5/site-packages/pyspark/jars/jackson-xc-1.9.13.jar
7fabd0803000-7fabd0805000 r--s 00012000 fd:01 273381                     /home/ubuntu/.local/lib/python3.5/site-packages/pyspark/jars/api-util-1.0.0-M20.jar
7fabd0807000-7fabd0830000 r--s 001ee000 fd:01 273380                     /home/ubuntu/.local/lib/python3.5/site-packages/pyspark/jars/guava-14.0.1.jar
7fabd0834000-7fabd0838000 r--s 0004b000 fd:01 273379                     /home/ubuntu/.local/lib/python3.5/site-packages/pyspark/jars/spark-kubernetes_2.12-2.4.2.jar
7fabd0839000-7fabd0864000 r--s 00288000 fd:01 273378                     /home/ubuntu/.local/lib/python3.5/site-packages/pyspark/jars/shapeless_2.12-2.3.2.jar
7fabd0867000-7fabd086f000 r--s 0006e000 fd:01 273377                     /home/ubuntu/.local/lib/python3.5/site-packages/pyspark/jars/commons-lang3-3.5.jar
7fabd0875000-7fabd0879000 r--s 00044000 fd:01 273376                     /home/ubuntu/.local/lib/python3.5/site-packages/pyspark/jars/spark-mesos_2.12-2.4.2.jar
7fabd0880000-7fabd08a3000 r--s 00357000 fd:01 273375                     /home/ubuntu/.local/lib/python3.5/site-packages/pyspark/jars/scala-reflect-2.12.8.jar
7fabd08aa000-7fabd08ad000 r--s 00009000 fd:01 273374                     /home/ubuntu/.local/lib/python3.5/site-packages/pyspark/jars/jackson-annotations-2.6.7.jar
7fabd08b4000-7fabd08c2000 r--s 000a3000 fd:01 273373                     /home/ubuntu/.local/lib/python3.5/site-packages/pyspark/jars/parquet-format-2.4.0.jar
7fabd08c8000-7fabd08e9000 r--s 00177000 fd:01 273372                     /home/ubuntu/.local/lib/python3.5/site-packages/pyspark/jars/hppc-0.7.2.jar
7fabd08ed000-7fabd08fe000 r--s 0010c000 fd:01 273371                     /home/ubuntu/.local/lib/python3.5/site-packages/pyspark/jars/jackson-databind-2.6.7.1.jar
7fabd0904000-7fabd0906000 r--s 00003000 fd:01 273370                     /home/ubuntu/.local/lib/python3.5/site-packages/pyspark/jars/JavaEWAH-0.3.2.jar
7fabd0909000-7fabd090a000 r--s 00000000 fd:01 273369                     /home/ubuntu/.local/lib/python3.5/site-packages/pyspark/jars/macro-compat_2.12-1.1.1.jar
7fabd090a000-7fabd090b000 r--s 00009000 fd:01 273368                     /home/ubuntu/.local/lib/python3.5/site-packages/pyspark/jars/hadoop-annotations-2.7.3.jar
7fabd0910000-7fabd095f000 r--s 009b7000 fd:01 273367                     /home/ubuntu/.local/lib/python3.5/site-packages/pyspark/jars/scala-compiler-2.12.8.jar
7fabd095f000-7fabd0961000 r--s 00006000 fd:01 273366                     /home/ubuntu/.local/lib/python3.5/site-packages/pyspark/jars/spark-sketch_2.12-2.4.2.jar
7fabd0968000-7fabd096a000 r--s 00017000 fd:01 273365                     /home/ubuntu/.local/lib/python3.5/site-packages/pyspark/jars/spark-mllib-local_2.12-2.4.2.jar
7fabd096e000-7fabd099d000 r--s 002e5000 fd:01 273364                     /home/ubuntu/.local/lib/python3.5/site-packages/pyspark/jars/derby-10.12.1.1.jar
7fabd09a4000-7fabd09a5000 r--s 00003000 fd:01 273363                     /home/ubuntu/.local/lib/python3.5/site-packages/pyspark/jars/jta-1.1.jar
7fabd09a6000-7fabd09ae000 r--s 0005d000 fd:01 273362                     /home/ubuntu/.local/lib/python3.5/site-packages/pyspark/jars/kryo-shaded-4.0.2.jar
7fabd09b5000-7fabd09b6000 r--s 00004000 fd:01 273361                     /home/ubuntu/.local/lib/python3.5/site-packages/pyspark/jars/jackson-jaxrs-1.9.13.jar
7fabd09bc000-7fabd09c6000 r--s 0007b000 fd:01 273360                     /home/ubuntu/.local/lib/python3.5/site-packages/pyspark/jars/hadoop-mapreduce-client-app-2.7.3.jar
7fabd09c6000-7fabd09d4000 r--s 0009d000 fd:01 273359                     /home/ubuntu/.local/lib/python3.5/site-packages/pyspark/jars/jersey-common-2.22.2.jar
7fabd09d4000-7fabd09d6000 r--s 0000b000 fd:01 273358                     /home/ubuntu/.local/lib/python3.5/site-packages/pyspark/jars/spark-repl_2.12-2.4.2.jar
7fabd09da000-7fabd09e2000 r--s 00059000 fd:01 273357                     /home/ubuntu/.local/lib/python3.5/site-packages/pyspark/jars/javolution-5.5.1.jar
7fabd09e3000-7fabd09e4000 r--s 00002000 fd:01 273356                     /home/ubuntu/.local/lib/python3.5/site-packages/pyspark/jars/jpam-1.1.jar
7fabd09e5000-7fabd09fe000 r--s 0012c000 fd:01 273355                     /home/ubuntu/.local/lib/python3.5/site-packages/pyspark/jars/netty-3.9.9.Final.jar
7fabd09fe000-7fabd0a00000 r--s 00015000 fd:01 273354                     /home/ubuntu/.local/lib/python3.5/site-packages/pyspark/jars/hadoop-auth-2.7.3.jar
7fabd0a04000-7fabd0a0b000 r--s 00053000 fd:01 273353                     /home/ubuntu/.local/lib/python3.5/site-packages/pyspark/jars/commons-compress-1.8.1.jar
7fabd0a0c000-7fabd0a12000 r--s 00063000 fd:01 273352                     /home/ubuntu/.local/lib/python3.5/site-packages/pyspark/jars/jodd-core-3.5.2.jar
7fabd0a17000-7fabd0a7a000 r--s 004de000 fd:01 273351                     /home/ubuntu/.local/lib/python3.5/site-packages/pyspark/jars/hive-metastore-1.2.1.spark2.jar
7fabd0a80000-7fabd0a8c000 r--s 0010f000 fd:01 273350                     /home/ubuntu/.local/lib/python3.5/site-packages/pyspark/jars/spark-streaming_2.12-2.4.2.jar
7fabd0a91000-7fabd0a95000 r--s 00020000 fd:01 273349                     /home/ubuntu/.local/lib/python3.5/site-packages/pyspark/jars/commons-digester-1.8.jar
7fabd0a9c000-7fabd0a9f000 r--s 001eb000 fd:01 273348                     /home/ubuntu/.local/lib/python3.5/site-packages/pyspark/jars/snappy-java-1.1.7.3.jar
7fabd0aa2000-7fabd0aad000 r--s 000b9000 fd:01 273347                     /home/ubuntu/.local/lib/python3.5/site-packages/pyspark/jars/janino-3.0.9.jar
7fabd0aaf000-7fabd0ab6000 r--s 00046000 fd:01 273346                     /home/ubuntu/.local/lib/python3.5/site-packages/pyspark/jars/libfb303-0.9.3.jar
7fabd0ab6000-7fabd0ab9000 r--s 00015000 fd:01 273345                     /home/ubuntu/.local/lib/python3.5/site-packages/pyspark/jars/pyrolite-4.13.jar
7fabd0abc000-7fabd0abe000 r--s 0000b000 fd:01 273344                     /home/ubuntu/.local/lib/python3.5/site-packages/pyspark/jars/arrow-format-0.10.0.jar
7fabd0ac0000-7fabd0ac2000 r--s 0001f000 fd:01 273343                     /home/ubuntu/.local/lib/python3.5/site-packages/pyspark/jars/commons-crypto-1.0.0.jar
7fabd0ac4000-7fabd0ac6000 r--s 00013000 fd:01 273342                     /home/ubuntu/.local/lib/python3.5/site-packages/pyspark/jars/json4s-ast_2.12-3.5.3.jar
7fabd0ac8000-7fabd0aca000 r--s 00007000 fd:01 273341                     /home/ubuntu/.local/lib/python3.5/site-packages/pyspark/jars/paranamer-2.8.jar
7fabd0ad1000-7fabd0b1c000 r--s 00678000 fd:01 273340                     /home/ubuntu/.local/lib/python3.5/site-packages/pyspark/jars/spark-catalyst_2.12-2.4.2.jar
7fabd0b1e000-7fabd0b20000 r--s 0000d000 fd:01 273339                     /home/ubuntu/.local/lib/python3.5/site-packages/pyspark/jars/chill-java-0.9.3.jar
7fabd0b23000-7fabd0b25000 r--s 00012000 fd:01 273338                     /home/ubuntu/.local/lib/python3.5/site-packages/pyspark/jars/compress-lzf-1.0.3.jar
7fabd0b25000-7fabd0b46000 r--s 0015c000 fd:01 273337                     /home/ubuntu/.local/lib/python3.5/site-packages/pyspark/jars/avro-1.8.2.jar
7fabd0b4a000-7fabd0b57000 r--s 000b1000 fd:01 273336                     /home/ubuntu/.local/lib/python3.5/site-packages/pyspark/jars/hadoop-mapreduce-client-common-2.7.3.jar
7fabd0b5e000-7fabd0b61000 r--s 00025000 fd:01 273335                     /home/ubuntu/.local/lib/python3.5/site-packages/pyspark/jars/commons-dbcp-1.4.jar
7fabd0b65000-7fabd0b6b000 r--s 0004c000 fd:01 273334                     /home/ubuntu/.local/lib/python3.5/site-packages/pyspark/jars/antlr4-runtime-4.7.jar
7fabd0b70000-7fabd0b72000 r--s 00007000 fd:01 273333                     /home/ubuntu/.local/lib/python3.5/site-packages/pyspark/jars/machinist_2.12-0.6.1.jar
7fabd0b72000-7fabd0b76000 r--s 00019000 fd:01 273332                     /home/ubuntu/.local/lib/python3.5/site-packages/pyspark/jars/javax.ws.rs-api-2.0.1.jar
7fabd0b7a000-7fabd0b7d000 r--s 00019000 fd:01 273331                     /home/ubuntu/.local/lib/python3.5/site-packages/pyspark/jars/bonecp-0.8.0.RELEASE.jar
7fabd0b83000-7fabd0bb1000 r--s 0021a000 fd:01 273330                     /home/ubuntu/.local/lib/python3.5/site-packages/pyspark/jars/spark-network-common_2.12-2.4.2.jar
7fabd0bb5000-7fabd0bc9000 r--s 000ec000 fd:01 273329                     /home/ubuntu/.local/lib/python3.5/site-packages/pyspark/jars/parquet-jackson-1.10.1.jar
7fabd0bcc000-7fabd0bcd000 r--s 00003000 fd:01 273328                     /home/ubuntu/.local/lib/python3.5/site-packages/pyspark/jars/spark-tags_2.12-2.4.2.jar
7fabd0bcd000-7fabd0bd3000 r--s 0005c000 fd:01 273327                     /home/ubuntu/.local/lib/python3.5/site-packages/pyspark/jars/okhttp-3.8.1.jar
7fabd0bd7000-7fabd0bdf000 r--s 00066000 fd:01 273326                     /home/ubuntu/.local/lib/python3.5/site-packages/pyspark/jars/apache-log4j-extras-1.2.17.jar
7fabd0be2000-7fabd0be3000 r--s 00001000 fd:01 273325                     /home/ubuntu/.local/lib/python3.5/site-packages/pyspark/jars/minlog-1.3.0.jar
7fabd0be4000-7fabd0be5000 r--s 0000b000 fd:01 273324                     /home/ubuntu/.local/lib/python3.5/site-packages/pyspark/jars/snappy-0.2.jar
7fabd0be6000-7fabd0be9000 r--s 00015000 fd:01 273323                     /home/ubuntu/.local/lib/python3.5/site-packages/pyspark/jars/commons-pool-1.5.4.jar
7fabd0beb000-7fabd0bf1000 r--s 00072000 fd:01 273322                     /home/ubuntu/.local/lib/python3.5/site-packages/pyspark/jars/json4s-core_2.12-3.5.3.jar
7fabd0bf2000-7fabd0bf3000 r--s 00009000 fd:01 273321                     /home/ubuntu/.local/lib/python3.5/site-packages/pyspark/jars/json4s-jackson_2.12-3.5.3.jar
7fabd0bf9000-7fabd0c00000 r--s 00058000 fd:01 273320                     /home/ubuntu/.local/lib/python3.5/site-packages/pyspark/jars/hadoop-yarn-server-common-2.7.3.jar
7fabd0c05000-7fabd0c06000 r--s 00004000 fd:01 273319                     /home/ubuntu/.local/lib/python3.5/site-packages/pyspark/jars/osgi-resource-locator-1.0.1.jar
7fabd0c09000-7fabd0c0b000 r--s 00010000 fd:01 273318                     /home/ubuntu/.local/lib/python3.5/site-packages/pyspark/jars/jersey-media-jaxb-2.22.2.jar
7fabd0c0b000-7fabd0c0e000 r--s 00022000 fd:01 273317                     /home/ubuntu/.local/lib/python3.5/site-packages/pyspark/jars/stringtemplate-3.2.1.jar
7fabd0c14000-7fabd0c15000 r--s 00003000 fd:01 273316                     /home/ubuntu/.local/lib/python3.5/site-packages/pyspark/jars/metrics-json-3.1.5.jar
7fabd0c17000-7fabd0c1b000 r--s 0003e000 fd:01 273315                     /home/ubuntu/.local/lib/python3.5/site-packages/pyspark/jars/jline-2.14.6.jar
7fabd0c1b000-7fabd0c1d000 r--s 00012000 fd:01 273314                     /home/ubuntu/.local/lib/python3.5/site-packages/pyspark/jars/arrow-memory-0.10.0.jar
7fabd0c1e000-7fabd0c20000 r--s 00005000 fd:01 273313                     /home/ubuntu/.local/lib/python3.5/site-packages/pyspark/jars/stax-api-1.0.1.jar
7fabd0c22000-7fabd0c27000 r--s 00081000 fd:01 273312                     /home/ubuntu/.local/lib/python3.5/site-packages/pyspark/jars/scala-xml_2.12-1.0.5.jar
7fabd0c28000-7fabd0c2b000 r--s 0000f000 fd:01 273311                     /home/ubuntu/.local/lib/python3.5/site-packages/pyspark/jars/spark-network-shuffle_2.12-2.4.2.jar
7fabd0c2f000-7fabd0c30000 r--s 00006000 fd:01 273310                     /home/ubuntu/.local/lib/python3.5/site-packages/pyspark/jars/orc-shims-1.5.5.jar
7fabd0c32000-7fabd0c37000 r--s 00041000 fd:01 273309                     /home/ubuntu/.local/lib/python3.5/site-packages/pyspark/jars/commons-lang-2.6.jar
7fabd0c3e000-7fabd0c5b000 r--s 001d5000 fd:01 273308                     /home/ubuntu/.local/lib/python3.5/site-packages/pyspark/jars/hadoop-yarn-api-2.7.3.jar
7fabd0c5f000-7fabd0c62000 r--s 0000e000 fd:01 273307                     /home/ubuntu/.local/lib/python3.5/site-packages/pyspark/jars/jersey-container-servlet-core-2.22.2.jar
7fabd0c66000-7fabd0c7e000 r--s 00115000 fd:01 273306                     /home/ubuntu/.local/lib/python3.5/site-packages/pyspark/jars/xercesImpl-2.9.1.jar
7fabd0c83000-7fabd0c8e000 r--s 0007a000 fd:01 273305                     /home/ubuntu/.local/lib/python3.5/site-packages/pyspark/jars/kubernetes-client-4.1.2.jar
7fabd0c91000-7fabd0c97000 r--s 00050000 fd:01 273304                     /home/ubuntu/.local/lib/python3.5/site-packages/pyspark/jars/jackson-module-scala_2.12-2.6.7.1.jar
7fabd0c9e000-7fabd0ca3000 r--s 0009d000 fd:01 273303                     /home/ubuntu/.local/lib/python3.5/site-packages/pyspark/jars/spark-hive_2.12-2.4.2.jar
7fabd0ca4000-7fabd0ca7000 r--s 0000b000 fd:01 273302                     /home/ubuntu/.local/lib/python3.5/site-packages/pyspark/jars/objenesis-2.5.1.jar
7fabd0cad000-7fabd0caf000 r--s 0001c000 fd:01 273301                     /home/ubuntu/.local/lib/python3.5/site-packages/pyspark/jars/py4j-0.10.7.jar
7fabd0cb4000-7fabd0ccb000 r--s 00183000 fd:01 273300                     /home/ubuntu/.local/lib/python3.5/site-packages/pyspark/jars/hadoop-yarn-common-2.7.3.jar
7fabd0cd2000-7fabd0cd6000 r--s 00029000 fd:01 273299                     /home/ubuntu/.local/lib/python3.5/site-packages/pyspark/jars/hk2-locator-2.4.0-b34.jar
7fabd0cd8000-7fabd0d0c000 r--s 00277000 fd:01 273298                     /home/ubuntu/.local/lib/python3.5/site-packages/pyspark/jars/parquet-hadoop-bundle-1.6.0.jar
7fabd0d0c000-7fabd0d0d000 r--s 00013000 fd:01 273297                     /home/ubuntu/.local/lib/python3.5/site-packages/pyspark/jars/okio-1.13.0.jar
7fabd0d0f000-7fabd0d18000 r--s 00046000 fd:01 273296                     /home/ubuntu/.local/lib/python3.5/site-packages/pyspark/jars/jackson-dataformat-yaml-2.6.7.jar
7fabd0d1d000-7fabd0d23000 r--s 0003c000 fd:01 273295                     /home/ubuntu/.local/lib/python3.5/site-packages/pyspark/jars/snakeyaml-1.15.jar
7fabd0d27000-7fabd0d3f000 r--s 001b6000 fd:01 273294                     /home/ubuntu/.local/lib/python3.5/site-packages/pyspark/jars/datanucleus-core-3.2.10.jar
7fabd0d45000-7fabd0d7b000 r--s 0031c000 fd:01 273293                     /home/ubuntu/.local/lib/python3.5/site-packages/pyspark/jars/hadoop-common-2.7.3.jar
7fabd0d7c000-7fabd0d7e000 r--s 0000b000 fd:01 273292                     /home/ubuntu/.local/lib/python3.5/site-packages/pyspark/jars/spark-unsafe_2.12-2.4.2.jar
7fabd0d84000-7fabd0d91000 r--s 00083000 fd:01 273291                     /home/ubuntu/.local/lib/python3.5/site-packages/pyspark/jars/commons-collections-3.2.2.jar
7fabd0d96000-7fabd0d99000 r--s 00015000 fd:01 273290                     /home/ubuntu/.local/lib/python3.5/site-packages/pyspark/jars/javax.servlet-api-3.1.0.jar
7fabd0d9d000-7fabd0dd2000 r--s 0054c000 fd:01 273289                     /home/ubuntu/.local/lib/python3.5/site-packages/pyspark/jars/spark-sql_2.12-2.4.2.jar
7fabd0dd7000-7fabd0dd9000 r--s 0000e000 fd:01 273288                     /home/ubuntu/.local/lib/python3.5/site-packages/pyspark/jars/commons-logging-1.1.3.jar
7fabd0dd9000-7fabd0dde000 r--s 00068000 fd:01 273287                     /home/ubuntu/.local/lib/python3.5/site-packages/pyspark/jars/antlr-2.7.7.jar
7fabd0de1000-7fabd0de3000 r--s 00000000 fd:01 273286                     /home/ubuntu/.local/lib/python3.5/site-packages/pyspark/jars/aopalliance-1.0.jar
7fabd0de3000-7fabd0de8000 r--s 0002a000 fd:01 273285                     /home/ubuntu/.local/lib/python3.5/site-packages/pyspark/jars/commons-beanutils-1.7.0.jar
7fabd0de9000-7fabd0dea000 r--s 00000000 fd:01 273284                     /home/ubuntu/.local/lib/python3.5/site-packages/pyspark/jars/javax.inject-1.jar
7fabd0df0000-7fabd0df7000 r--s 0003f000 fd:01 273283                     /home/ubuntu/.local/lib/python3.5/site-packages/pyspark/jars/commons-codec-1.10.jar
7fabd0dfb000-7fabd0dfc000 r--s 0000a000 fd:01 273282                     /home/ubuntu/.local/lib/python3.5/site-packages/pyspark/jars/apacheds-i18n-2.0.0-M15.jar
7fabd0dfe000-7fabd0e00000 r--s 00005000 fd:01 273281                     /home/ubuntu/.local/lib/python3.5/site-packages/pyspark/jars/javax.annotation-api-1.2.jar
7fabd0e06000-7fabd0e3d000 r--s 00325000 fd:01 273280                     /home/ubuntu/.local/lib/python3.5/site-packages/pyspark/jars/calcite-core-1.2.0-incubating.jar
7fabd0e3e000-7fabd0e40000 r--s 0000d000 fd:01 273279                     /home/ubuntu/.local/lib/python3.5/site-packages/pyspark/jars/hadoop-yarn-server-web-proxy-2.7.3.jar
7fabd0e47000-7fabd0e49000 r--s 0000e000 fd:01 273278                     /home/ubuntu/.local/lib/python3.5/site-packages/pyspark/jars/hadoop-mapreduce-client-jobclient-2.7.3.jar
7fabd0e4a000-7fabd0e4c000 r--s 00001000 fd:01 273277                     /home/ubuntu/.local/lib/python3.5/site-packages/pyspark/jars/spark-tags_2.12-2.4.2-tests.jar
7fabd0e50000-7fabd0e52000 r--s 00007000 fd:01 273276                     /home/ubuntu/.local/lib/python3.5/site-packages/pyspark/jars/zjsonpatch-0.3.0.jar
7fabd0e58000-7fabd0e5b000 r--s 00017000 fd:01 273275                     /home/ubuntu/.local/lib/python3.5/site-packages/pyspark/jars/jaxb-api-2.2.2.jar
7fabd0e5f000-7fabd0e62000 r--s 00026000 fd:01 273274                     /home/ubuntu/.local/lib/python3.5/site-packages/pyspark/jars/hadoop-yarn-client-2.7.3.jar
7fabd0e62000-7fabd0e69000 r--s 00039000 fd:01 273273                     /home/ubuntu/.local/lib/python3.5/site-packages/pyspark/jars/calcite-avatica-1.2.0-incubating.jar
7fabd0e6c000-7fabd0e6d000 r--s 00003000 fd:01 273272                     /home/ubuntu/.local/lib/python3.5/site-packages/pyspark/jars/generex-1.0.1.jar
7fabd0e6e000-7fabd0e72000 r--s 00025000 fd:01 273271                     /home/ubuntu/.local/lib/python3.5/site-packages/pyspark/jars/jersey-client-2.22.2.jar
7fabd0e75000-7fabd0e8b000 r--s 001a4000 fd:01 273270                     /home/ubuntu/.local/lib/python3.5/site-packages/pyspark/jars/datanucleus-rdbms-3.2.9.jar
7fabd0e8f000-7fabd0e94000 r--s 0004e000 fd:01 273269                     /home/ubuntu/.local/lib/python3.5/site-packages/pyspark/jars/datanucleus-api-jdo-3.2.6.jar
7fabd0e9b000-7fabd0e9f000 r--s 0002a000 fd:01 273268                     /home/ubuntu/.local/lib/python3.5/site-packages/pyspark/jars/avro-mapred-1.8.2-hadoop2.jar
7fabd0ea1000-7fabd0ea3000 r--s 00010000 fd:01 273266                     /home/ubuntu/.local/lib/python3.5/site-packages/pyspark/jars/hadoop-mapreduce-client-shuffle-2.7.3.jar
7fabd0ea6000-7fabd0eca000 r--s 001cd000 fd:01 273265                     /home/ubuntu/.local/lib/python3.5/site-packages/pyspark/jars/commons-math3-3.4.1.jar
7fabd0eca000-7fabd0ecc000 r--s 00001000 fd:01 256413                     /usr/lib/jvm/java-8-openjdk-amd64/jre/lib/ext/dnsns.jar
7fabd0ecc000-7fabd0ed2000 r--s 0003b000 fd:01 256416                     /usr/lib/jvm/java-8-openjdk-amd64/jre/lib/ext/sunjce_provider.jar
7fabd0ed9000-7fabd0edb000 r--s 00008000 fd:01 256411                     /usr/lib/jvm/java-8-openjdk-amd64/jre/lib/ext/sunec.jar
7fabd0edd000-7fabd0ef8000 r--s 00394000 fd:01 256415                     /usr/lib/jvm/java-8-openjdk-amd64/jre/lib/ext/cldrdata.jar
7fabd0eff000-7fabd0f00000 ---p 00000000 00:00 0 
7fabd0f00000-7fabd1000000 rw-p 00000000 00:00 0 
7fabd1000000-7fabd21e0000 rwxp 00000000 00:00 0 
7fabd21e0000-7fabe0000000 ---p 00000000 00:00 0 
7fabe0000000-7fabe2a86000 rw-p 00000000 00:00 0 
7fabe2a86000-7fabe4000000 ---p 00000000 00:00 0 
7fabe4002000-7fabe4003000 r--s 00009000 fd:01 273267                     /home/ubuntu/.local/lib/python3.5/site-packages/pyspark/jars/hive-cli-1.2.1.spark2.jar
7fabe4008000-7fabe400b000 r--s 0000f000 fd:01 256417                     /usr/lib/jvm/java-8-openjdk-amd64/jre/lib/ext/icedtea-sound.jar
7fabe400b000-7fabe400c000 r--s 0000a000 fd:01 256414                     /usr/lib/jvm/java-8-openjdk-amd64/jre/lib/ext/jaccess.jar
7fabe400f000-7fabe402a000 r--s 001d6000 fd:01 256409                     /usr/lib/jvm/java-8-openjdk-amd64/jre/lib/ext/nashorn.jar
7fabe402d000-7fabe4030000 ---p 00000000 00:00 0 
7fabe4030000-7fabe412e000 rw-p 00000000 00:00 0 
7fabe412e000-7fabe4131000 ---p 00000000 00:00 0 
7fabe4131000-7fabe422f000 rw-p 00000000 00:00 0 
7fabe422f000-7fabe4232000 ---p 00000000 00:00 0 
7fabe4232000-7fabe4330000 rw-p 00000000 00:00 0 
7fabe4330000-7fabe4333000 ---p 00000000 00:00 0 
7fabe4333000-7fabe4431000 rw-p 00000000 00:00 0 
7fabe4431000-7fabe45c9000 r--p 00000000 fd:01 2482                       /usr/lib/locale/locale-archive
7fabe45c9000-7fabe45cc000 ---p 00000000 00:00 0 
7fabe45cc000-7fabe46ca000 rw-p 00000000 00:00 0 
7fabe46ca000-7fabe46cd000 ---p 00000000 00:00 0 
7fabe46cd000-7fabe47cb000 rw-p 00000000 00:00 0 
7fabe47cb000-7fabe47cc000 ---p 00000000 00:00 0 
7fabe47cc000-7fabe48cc000 rw-p 00000000 00:00 0 
7fabe48cc000-7fabe4a9b000 r--s 03c33000 fd:01 256429                     /usr/lib/jvm/java-8-openjdk-amd64/jre/lib/rt.jar
7fabe4a9c000-7fabe5312000 rw-p 00000000 00:00 0 
7fabe5312000-7fabe53dc000 rw-p 00000000 00:00 0 
7fabe53dc000-7fabe5468000 ---p 00000000 00:00 0 
7fabe5468000-7fabe54cd000 rw-p 00000000 00:00 0 
7fabe54cd000-7fabe5512000 ---p 00000000 00:00 0 
7fabe5512000-7fabe55dd000 rw-p 00000000 00:00 0 
7fabe55dd000-7fabe5668000 ---p 00000000 00:00 0 
7fabe5668000-7fabe56b1000 rw-p 00000000 00:00 0 
7fabe56b1000-7fabe5a29000 ---p 00000000 00:00 0 
7fabe5a29000-7fabe5a31000 r-xp 00000000 fd:01 256447                     /usr/lib/jvm/java-8-openjdk-amd64/jre/lib/amd64/libzip.so
7fabe5a31000-7fabe5c30000 ---p 00008000 fd:01 256447                     /usr/lib/jvm/java-8-openjdk-amd64/jre/lib/amd64/libzip.so
7fabe5c30000-7fabe5c31000 r--p 00007000 fd:01 256447                     /usr/lib/jvm/java-8-openjdk-amd64/jre/lib/amd64/libzip.so
7fabe5c31000-7fabe5c32000 rw-p 00008000 fd:01 256447                     /usr/lib/jvm/java-8-openjdk-amd64/jre/lib/amd64/libzip.so
7fabe5c39000-7fabe5c44000 r-xp 00000000 fd:01 2079                       /lib/x86_64-linux-gnu/libnss_files-2.23.so
7fabe5c44000-7fabe5e43000 ---p 0000b000 fd:01 2079                       /lib/x86_64-linux-gnu/libnss_files-2.23.so
7fabe5e43000-7fabe5e44000 r--p 0000a000 fd:01 2079                       /lib/x86_64-linux-gnu/libnss_files-2.23.so
7fabe5e44000-7fabe5e45000 rw-p 0000b000 fd:01 2079                       /lib/x86_64-linux-gnu/libnss_files-2.23.so
7fabe5e45000-7fabe5e4b000 rw-p 00000000 00:00 0 
7fabe5e51000-7fabe5e5c000 r-xp 00000000 fd:01 2071                       /lib/x86_64-linux-gnu/libnss_nis-2.23.so
7fabe5e5c000-7fabe605b000 ---p 0000b000 fd:01 2071                       /lib/x86_64-linux-gnu/libnss_nis-2.23.so
7fabe605b000-7fabe605c000 r--p 0000a000 fd:01 2071                       /lib/x86_64-linux-gnu/libnss_nis-2.23.so
7fabe605c000-7fabe605d000 rw-p 0000b000 fd:01 2071                       /lib/x86_64-linux-gnu/libnss_nis-2.23.so
7fabe6061000-7fabe6077000 r-xp 00000000 fd:01 2076                       /lib/x86_64-linux-gnu/libnsl-2.23.so
7fabe6077000-7fabe6276000 ---p 00016000 fd:01 2076                       /lib/x86_64-linux-gnu/libnsl-2.23.so
7fabe6276000-7fabe6277000 r--p 00015000 fd:01 2076                       /lib/x86_64-linux-gnu/libnsl-2.23.so
7fabe6277000-7fabe6278000 rw-p 00016000 fd:01 2076                       /lib/x86_64-linux-gnu/libnsl-2.23.so
7fabe6278000-7fabe627a000 rw-p 00000000 00:00 0 
7fabe6281000-7fabe6289000 r-xp 00000000 fd:01 2083                       /lib/x86_64-linux-gnu/libnss_compat-2.23.so
7fabe6289000-7fabe6488000 ---p 00008000 fd:01 2083                       /lib/x86_64-linux-gnu/libnss_compat-2.23.so
7fabe6488000-7fabe6489000 r--p 00007000 fd:01 2083                       /lib/x86_64-linux-gnu/libnss_compat-2.23.so
7fabe6489000-7fabe648a000 rw-p 00008000 fd:01 2083                       /lib/x86_64-linux-gnu/libnss_compat-2.23.so
7fabe6491000-7fabe64be000 r-xp 00000000 fd:01 256451                     /usr/lib/jvm/java-8-openjdk-amd64/jre/lib/amd64/libjava.so
7fabe64be000-7fabe66bd000 ---p 0002d000 fd:01 256451                     /usr/lib/jvm/java-8-openjdk-amd64/jre/lib/amd64/libjava.so
7fabe66bd000-7fabe66be000 r--p 0002c000 fd:01 256451                     /usr/lib/jvm/java-8-openjdk-amd64/jre/lib/amd64/libjava.so
7fabe66be000-7fabe66c0000 rw-p 0002d000 fd:01 256451                     /usr/lib/jvm/java-8-openjdk-amd64/jre/lib/amd64/libjava.so
7fabe66c1000-7fabe66d0000 r-xp 00000000 fd:01 256456                     /usr/lib/jvm/java-8-openjdk-amd64/jre/lib/amd64/libverify.so
7fabe66d0000-7fabe68cf000 ---p 0000f000 fd:01 256456                     /usr/lib/jvm/java-8-openjdk-amd64/jre/lib/amd64/libverify.so
7fabe68cf000-7fabe68d1000 r--p 0000e000 fd:01 256456                     /usr/lib/jvm/java-8-openjdk-amd64/jre/lib/amd64/libverify.so
7fabe68d1000-7fabe68d2000 rw-p 00010000 fd:01 256456                     /usr/lib/jvm/java-8-openjdk-amd64/jre/lib/amd64/libverify.so
7fabe68d9000-7fabe68e0000 r-xp 00000000 fd:01 2062                       /lib/x86_64-linux-gnu/librt-2.23.so
7fabe68e0000-7fabe6adf000 ---p 00007000 fd:01 2062                       /lib/x86_64-linux-gnu/librt-2.23.so
7fabe6adf000-7fabe6ae0000 r--p 00006000 fd:01 2062                       /lib/x86_64-linux-gnu/librt-2.23.so
7fabe6ae0000-7fabe6ae1000 rw-p 00007000 fd:01 2062                       /lib/x86_64-linux-gnu/librt-2.23.so
7fabe6ae1000-7fabe6af7000 r-xp 00000000 fd:01 1990                       /lib/x86_64-linux-gnu/libgcc_s.so.1
7fabe6af7000-7fabe6cf6000 ---p 00016000 fd:01 1990                       /lib/x86_64-linux-gnu/libgcc_s.so.1
7fabe6cf6000-7fabe6cf7000 rw-p 00015000 fd:01 1990                       /lib/x86_64-linux-gnu/libgcc_s.so.1
7fabe6cf9000-7fabe6e01000 r-xp 00000000 fd:01 2085                       /lib/x86_64-linux-gnu/libm-2.23.so
7fabe6e01000-7fabe7000000 ---p 00108000 fd:01 2085                       /lib/x86_64-linux-gnu/libm-2.23.so
7fabe7000000-7fabe7001000 r--p 00107000 fd:01 2085                       /lib/x86_64-linux-gnu/libm-2.23.so
7fabe7001000-7fabe7002000 rw-p 00108000 fd:01 2085                       /lib/x86_64-linux-gnu/libm-2.23.so
7fabe7009000-7fabe717b000 r-xp 00000000 fd:01 25942                      /usr/lib/x86_64-linux-gnu/libstdc++.so.6.0.21
7fabe717b000-7fabe737b000 ---p 00172000 fd:01 25942                      /usr/lib/x86_64-linux-gnu/libstdc++.so.6.0.21
7fabe737b000-7fabe7385000 r--p 00172000 fd:01 25942                      /usr/lib/x86_64-linux-gnu/libstdc++.so.6.0.21
7fabe7385000-7fabe7387000 rw-p 0017c000 fd:01 25942                      /usr/lib/x86_64-linux-gnu/libstdc++.so.6.0.21
7fabe7387000-7fabe738b000 rw-p 00000000 00:00 0 
7fabe7391000-7fabe7ff2000 r-xp 00000000 fd:01 256462                     /usr/lib/jvm/java-8-openjdk-amd64/jre/lib/amd64/server/libjvm.so
7fabe7ff2000-7fabe81f2000 ---p 00c61000 fd:01 256462                     /usr/lib/jvm/java-8-openjdk-amd64/jre/lib/amd64/server/libjvm.so
7fabe81f2000-7fabe8286000 r--p 00c61000 fd:01 256462                     /usr/lib/jvm/java-8-openjdk-amd64/jre/lib/amd64/server/libjvm.so
7fabe8286000-7fabe82af000 rw-p 00cf5000 fd:01 256462                     /usr/lib/jvm/java-8-openjdk-amd64/jre/lib/amd64/server/libjvm.so
7fabe82af000-7fabe82df000 rw-p 00000000 00:00 0 
7fabe82e1000-7fabe82f9000 r-xp 00000000 fd:01 2068                       /lib/x86_64-linux-gnu/libpthread-2.23.so
7fabe82f9000-7fabe84f8000 ---p 00018000 fd:01 2068                       /lib/x86_64-linux-gnu/libpthread-2.23.so
7fabe84f8000-7fabe84f9000 r--p 00017000 fd:01 2068                       /lib/x86_64-linux-gnu/libpthread-2.23.so
7fabe84f9000-7fabe84fa000 rw-p 00018000 fd:01 2068                       /lib/x86_64-linux-gnu/libpthread-2.23.so
7fabe84fa000-7fabe84fe000 rw-p 00000000 00:00 0 
7fabe8501000-7fabe8504000 r-xp 00000000 fd:01 2064                       /lib/x86_64-linux-gnu/libdl-2.23.so
7fabe8504000-7fabe8703000 ---p 00003000 fd:01 2064                       /lib/x86_64-linux-gnu/libdl-2.23.so
7fabe8703000-7fabe8704000 r--p 00002000 fd:01 2064                       /lib/x86_64-linux-gnu/libdl-2.23.so
7fabe8704000-7fabe8705000 rw-p 00003000 fd:01 2064                       /lib/x86_64-linux-gnu/libdl-2.23.so
7fabe8709000-7fabe8722000 r-xp 00000000 fd:01 2151                       /lib/x86_64-linux-gnu/libz.so.1.2.8
7fabe8722000-7fabe8921000 ---p 00019000 fd:01 2151                       /lib/x86_64-linux-gnu/libz.so.1.2.8
7fabe8921000-7fabe8922000 r--p 00018000 fd:01 2151                       /lib/x86_64-linux-gnu/libz.so.1.2.8
7fabe8922000-7fabe8923000 rw-p 00019000 fd:01 2151                       /lib/x86_64-linux-gnu/libz.so.1.2.8
7fabe8929000-7fabe8ae9000 r-xp 00000000 fd:01 2082                       /lib/x86_64-linux-gnu/libc-2.23.so
7fabe8ae9000-7fabe8ce9000 ---p 001c0000 fd:01 2082                       /lib/x86_64-linux-gnu/libc-2.23.so
7fabe8ce9000-7fabe8ced000 r--p 001c0000 fd:01 2082                       /lib/x86_64-linux-gnu/libc-2.23.so
7fabe8ced000-7fabe8cef000 rw-p 001c4000 fd:01 2082                       /lib/x86_64-linux-gnu/libc-2.23.so
7fabe8cef000-7fabe8cf3000 rw-p 00000000 00:00 0 
7fabe8cf9000-7fabe8d06000 r-xp 00000000 fd:01 256453                     /usr/lib/jvm/java-8-openjdk-amd64/jre/lib/amd64/jli/libjli.so
7fabe8d06000-7fabe8f06000 ---p 0000d000 fd:01 256453                     /usr/lib/jvm/java-8-openjdk-amd64/jre/lib/amd64/jli/libjli.so
7fabe8f06000-7fabe8f07000 r--p 0000d000 fd:01 256453                     /usr/lib/jvm/java-8-openjdk-amd64/jre/lib/amd64/jli/libjli.so
7fabe8f07000-7fabe8f08000 rw-p 0000e000 fd:01 256453                     /usr/lib/jvm/java-8-openjdk-amd64/jre/lib/amd64/jli/libjli.so
7fabe8f09000-7fabe8f2f000 r-xp 00000000 fd:01 2065                       /lib/x86_64-linux-gnu/ld-2.23.so
7fabe8f31000-7fabe8f32000 r--s 00010000 fd:01 256412                     /usr/lib/jvm/java-8-openjdk-amd64/jre/lib/ext/zipfs.jar
7fabe8f37000-7fabe8f41000 r--s 00116000 fd:01 256418                     /usr/lib/jvm/java-8-openjdk-amd64/jre/lib/ext/localedata.jar
7fabe8f41000-7fabe8f44000 r--s 00038000 fd:01 256410                     /usr/lib/jvm/java-8-openjdk-amd64/jre/lib/ext/sunpkcs11.jar
7fabe8f48000-7fabe9019000 rw-p 00000000 00:00 0 
7fabe9019000-7fabe9021000 rw-s 00000000 fd:01 2304946                    /tmp/hsperfdata_ubuntu/27496
7fabe9026000-7fabe9027000 rw-p 00000000 00:00 0 
7fabe9027000-7fabe9028000 ---p 00000000 00:00 0 
7fabe9028000-7fabe902b000 ---p 00000000 00:00 0 
7fabe902b000-7fabe912e000 rw-p 00000000 00:00 0 
7fabe912e000-7fabe912f000 r--p 00025000 fd:01 2065                       /lib/x86_64-linux-gnu/ld-2.23.so
7fabe912f000-7fabe9130000 rw-p 00026000 fd:01 2065                       /lib/x86_64-linux-gnu/ld-2.23.so
7fabe9130000-7fabe9131000 rw-p 00000000 00:00 0 
7ffecc9fe000-7ffecca1f000 rw-p 00000000 00:00 0                          [stack]
7ffeccb61000-7ffeccb64000 r--p 00000000 00:00 0                          [vvar]
7ffeccb64000-7ffeccb66000 r-xp 00000000 00:00 0                          [vdso]
ffffffffff600000-ffffffffff601000 r-xp 00000000 00:00 0                  [vsyscall]

VM Arguments:
jvm_args: -Xmx1g 
java_command: org.apache.spark.deploy.SparkSubmit --conf spark.master=local[1] --conf spark.executor.cores=4 --conf spark.app.name=Part-B-Hamza_Imran_Saeed --conf spark.shuffle.service.enabled=True --conf spark.dynamicAllocation.executorIdleTimeout=30s --conf spark.dynamicAllocation.enabled=True pyspark-shell
java_class_path (initial): /home/ubuntu/.local/lib/python3.5/site-packages/pyspark/conf:/home/ubuntu/.local/lib/python3.5/site-packages/pyspark/jars/commons-math3-3.4.1.jar:/home/ubuntu/.local/lib/python3.5/site-packages/pyspark/jars/hadoop-mapreduce-client-shuffle-2.7.3.jar:/home/ubuntu/.local/lib/python3.5/site-packages/pyspark/jars/hive-cli-1.2.1.spark2.jar:/home/ubuntu/.local/lib/python3.5/site-packages/pyspark/jars/avro-mapred-1.8.2-hadoop2.jar:/home/ubuntu/.local/lib/python3.5/site-packages/pyspark/jars/datanucleus-api-jdo-3.2.6.jar:/home/ubuntu/.local/lib/python3.5/site-packages/pyspark/jars/datanucleus-rdbms-3.2.9.jar:/home/ubuntu/.local/lib/python3.5/site-packages/pyspark/jars/jersey-client-2.22.2.jar:/home/ubuntu/.local/lib/python3.5/site-packages/pyspark/jars/generex-1.0.1.jar:/home/ubuntu/.local/lib/python3.5/site-packages/pyspark/jars/calcite-avatica-1.2.0-incubating.jar:/home/ubuntu/.local/lib/python3.5/site-packages/pyspark/jars/hadoop-yarn-client-2.7.3.jar:/home/ubuntu/.local/lib/python3.5/site-packages/pyspark/jars/jaxb-api-2.2.2.jar:/home/ubuntu/.local/lib/python3.5/site-packages/pyspark/jars/zjsonpatch-0.3.0.jar:/home/ubuntu/.local/lib/python3.5/site-packages/pyspark/jars/spark-tags_2.12-2.4.2-tests.jar:/home/ubuntu/.local/lib/python3.5/site-packages/pyspark/jars/hadoop-mapreduce-client-jobclient-2.7.3.jar:/home/ubuntu/.local/lib/python3.5/site-packages/pyspark/jars/hadoop-yarn-server-web-proxy-2.7.3.jar:/home/ubuntu/.local/lib/python3.5/site-packages/pyspark/jars/calcite-core-1.2.0-incubating.jar:/home/ubuntu/.local/lib/python3.5/site-packages/pyspark/jars/javax.annotation-api-1.2.jar:/home/ubuntu/.local/lib/python3.5/site-packages/pyspark/jars/apacheds-i18n-2.0.0-M15.jar:/home/ubuntu/.local/lib/python3.5/site-packages/pyspark/jars/commons-codec-1.10.jar:/home/ubuntu/.local/lib/python3.5/site-packages/pyspark/jars/javax.inject-1.jar:/home/ubuntu/.local/lib/python3.5/site-packages/pyspark/jars/commons-beanutils-1.7.0.jar:/home/ubuntu/.local/lib/
Launcher Type: SUN_STANDARD

Environment Variables:
JAVA_HOME=/usr/lib/jvm/default-java
PATH=/usr/local/bin:/home/ubuntu/bin:/home/ubuntu/.local/bin:/usr/local/apache-hive-2.3.4-bin/bin:/usr/local/sbin:/usr/local/bin:/usr/sbin:/usr/bin:/sbin:/bin:/usr/games:/usr/local/games:/snap/bin:/usr/local/hadoop/bin
SHELL=/bin/bash

Signal Handlers:
SIGSEGV: [libjvm.so+0xa74ca0], sa_mask[0]=11111111011111111101111111111110, sa_flags=SA_RESTART|SA_SIGINFO
SIGBUS: [libjvm.so+0xa74ca0], sa_mask[0]=11111111011111111101111111111110, sa_flags=SA_RESTART|SA_SIGINFO
SIGFPE: [libjvm.so+0x8bbcf0], sa_mask[0]=11111111011111111101111111111110, sa_flags=SA_RESTART|SA_SIGINFO
SIGPIPE: [libjvm.so+0x8bbcf0], sa_mask[0]=11111111011111111101111111111110, sa_flags=SA_RESTART|SA_SIGINFO
SIGXFSZ: [libjvm.so+0x8bbcf0], sa_mask[0]=11111111011111111101111111111110, sa_flags=SA_RESTART|SA_SIGINFO
SIGILL: [libjvm.so+0x8bbcf0], sa_mask[0]=11111111011111111101111111111110, sa_flags=SA_RESTART|SA_SIGINFO
SIGUSR1: SIG_DFL, sa_mask[0]=00000000000000000000000000000000, sa_flags=none
SIGUSR2: [libjvm.so+0x8bbba0], sa_mask[0]=00000000000000000000000000000000, sa_flags=SA_RESTART|SA_SIGINFO
SIGHUP: [libjvm.so+0x8bc230], sa_mask[0]=11111111011111111101111111111110, sa_flags=SA_RESTART|SA_SIGINFO
SIGINT: SIG_IGN, sa_mask[0]=00000000000000000000000000000000, sa_flags=none
SIGTERM: [libjvm.so+0x8bc230], sa_mask[0]=11111111011111111101111111111110, sa_flags=SA_RESTART|SA_SIGINFO
SIGQUIT: [libjvm.so+0x8bc230], sa_mask[0]=11111111011111111101111111111110, sa_flags=SA_RESTART|SA_SIGINFO


---------------  S Y S T E M  ---------------

OS:DISTRIB_ID=Ubuntu
DISTRIB_RELEASE=16.04
DISTRIB_CODENAME=xenial
DISTRIB_DESCRIPTION="Ubuntu 16.04.6 LTS"

uname:Linux 4.4.0-143-generic #169-Ubuntu SMP Thu Feb 7 07:56:38 UTC 2019 x86_64
libc:glibc 2.23 NPTL 2.23 
rlimit: STACK 8192k, CORE 0k, NPROC 7929, NOFILE 1048576, AS infinity
load average:2.17 1.51 0.72

/proc/meminfo:
MemTotal:        2048020 kB
MemFree:           72188 kB
MemAvailable:     138240 kB
Buffers:           13332 kB
Cached:           196824 kB
SwapCached:            0 kB
Active:          1802240 kB
Inactive:          92852 kB
Active(anon):    1687924 kB
Inactive(anon):    20720 kB
Active(file):     114316 kB
Inactive(file):    72132 kB
Unevictable:        3652 kB
Mlocked:            3652 kB
SwapTotal:             0 kB
SwapFree:              0 kB
Dirty:               212 kB
Writeback:             0 kB
AnonPages:       1688668 kB
Mapped:            56580 kB
Shmem:             21224 kB
Slab:              38964 kB
SReclaimable:      22708 kB
SUnreclaim:        16256 kB
KernelStack:        5744 kB
PageTables:         9004 kB
NFS_Unstable:          0 kB
Bounce:                0 kB
WritebackTmp:          0 kB
CommitLimit:     1024008 kB
Committed_AS:    2329108 kB
VmallocTotal:   34359738367 kB
VmallocUsed:           0 kB
VmallocChunk:          0 kB
HardwareCorrupted:     0 kB
AnonHugePages:         0 kB
CmaTotal:              0 kB
CmaFree:               0 kB
HugePages_Total:       0
HugePages_Free:        0
HugePages_Rsvd:        0
HugePages_Surp:        0
Hugepagesize:       2048 kB
DirectMap4k:       51072 kB
DirectMap2M:     2045952 kB
DirectMap1G:           0 kB

container (cgroup) information:
container_type: cgroupv1
cpu_cpuset_cpus: 0
cpu_memory_nodes: 0
active_processor_count: 1
cpu_quota: -1
cpu_period: 100000
cpu_shares: -1
memory_limit_in_bytes: -1
memory_and_swap_limit_in_bytes: -2
memory_soft_limit_in_bytes: -1
memory_usage_in_bytes: 1842237440
memory_max_usage_in_bytes: 1911275520


CPU:total 1 (initial active 1) (1 cores per cpu, 1 threads per core) family 21 model 1 stepping 2, cmov, cx8, fxsr, mmx, sse, sse2, sse3, ssse3, sse4.1, sse4.2, popcnt, avx, aes, clmul, mmxext, 3dnowpref, lzcnt, sse4a, tsc

/proc/cpuinfo:
processor	: 0
vendor_id	: AuthenticAMD
cpu family	: 21
model		: 1
model name	: AMD Opteron 62xx class CPU
stepping	: 2
microcode	: 0x1000065
cpu MHz		: 2999.998
cache size	: 512 KB
physical id	: 0
siblings	: 1
core id		: 0
cpu cores	: 1
apicid		: 0
initial apicid	: 0
fpu		: yes
fpu_exception	: yes
cpuid level	: 13
wp		: yes
flags		: fpu vme de pse tsc msr pae mce cx8 apic sep mtrr pge mca cmov pat pse36 clflush mmx fxsr sse sse2 syscall nx mmxext fxsr_opt pdpe1gb lm rep_good nopl extd_apicid pni pclmulqdq ssse3 cx16 sse4_1 sse4_2 x2apic popcnt aes xsave avx hypervisor lahf_lm cmp_legacy cr8_legacy abm sse4a misalignsse 3dnowprefetch osvw xop fma4 ibpb vmmcall arat
bugs		: fxsave_leak sysret_ss_attrs spectre_v1 spectre_v2 spec_store_bypass
bogomips	: 5999.99
TLB size	: 1024 4K pages
clflush size	: 64
cache_alignment	: 64
address sizes	: 40 bits physical, 48 bits virtual
power management:



Memory: 4k page, physical 2048020k(72188k free), swap 0k(0k free)

vm_info: OpenJDK 64-Bit Server VM (25.191-b12) for linux-amd64 JRE (1.8.0_191-8u191-b12-2ubuntu0.16.04.1-b12), built on Jan 14 2019 21:59:52 by "buildd" with gcc 5.4.0 20160609

time: Sun Apr 28 11:52:36 2019
elapsed time: 252 seconds (0d 0h 4m 12s)

