#
# There is insufficient memory for the Java Runtime Environment to continue.
# Native memory allocation (mmap) failed to map 167284736 bytes for committing reserved memory.
# Possible reasons:
#   The system is out of physical RAM or swap space
#   In 32 bit mode, the process size limit was hit
# Possible solutions:
#   Reduce memory load on the system
#   Increase physical memory or swap space
#   Check if swap backing store is full
#   Use 64 bit Java on a 64 bit OS
#   Decrease Java heap size (-Xmx/-Xms)
#   Decrease number of Java threads
#   Decrease Java thread stack sizes (-Xss)
#   Set larger code cache with -XX:ReservedCodeCacheSize=
# This output file may be truncated or incomplete.
#
#  Out of Memory Error (os_linux.cpp:2746), pid=13921, tid=0x00007f6397c43700
#
# JRE version: OpenJDK Runtime Environment (8.0_191-b12) (build 1.8.0_191-8u191-b12-2ubuntu0.16.04.1-b12)
# Java VM: OpenJDK 64-Bit Server VM (25.191-b12 mixed mode linux-amd64 compressed oops)
# Failed to write core dump. Core dumps have been disabled. To enable core dumping, try "ulimit -c unlimited" before starting Java again
#

---------------  T H R E A D  ---------------

Current thread (0x00007f63a8078800):  VMThread [stack: 0x00007f6397b43000,0x00007f6397c44000] [id=13941]

Stack: [0x00007f6397b43000,0x00007f6397c44000],  sp=0x00007f6397c42520,  free space=1021k
Native frames: (J=compiled Java code, j=interpreted, Vv=VM code, C=native code)
V  [libjvm.so+0xa7414b]
V  [libjvm.so+0x4c8ebc]
V  [libjvm.so+0x8c0c98]
V  [libjvm.so+0x8b82ce]
V  [libjvm.so+0xa70a34]
V  [libjvm.so+0x5cef47]
V  [libjvm.so+0x5cee7e]
V  [libjvm.so+0x5bb838]
V  [libjvm.so+0x45082f]
V  [libjvm.so+0xa75251]
V  [libjvm.so+0xa7af97]
V  [libjvm.so+0xa78697]
V  [libjvm.so+0xa79b1f]
V  [libjvm.so+0xa7a011]
V  [libjvm.so+0x8be002]

VM_Operation (0x00007f63717dcd80): GenCollectForAllocation, mode: safepoint, requested by thread 0x00007f6390262000


---------------  P R O C E S S  ---------------

Java Threads: ( => current thread )
  0x00007f637c025800 JavaThread "org.apache.hadoop.hdfs.PeerCache@2d17c365" daemon [_thread_blocked, id=14017, stack(0x00007f63715dd000,0x00007f63716de000)]
  0x00007f63aaabf000 JavaThread "block-manager-ask-thread-pool-5" daemon [_thread_blocked, id=14016, stack(0x00007f636dcb8000,0x00007f636ddb9000)]
  0x00007f6390240800 JavaThread "block-manager-ask-thread-pool-4" daemon [_thread_blocked, id=14015, stack(0x00007f636ddb9000,0x00007f636deba000)]
  0x00007f638c69c000 JavaThread "block-manager-slave-async-thread-pool-8" daemon [_thread_blocked, id=14014, stack(0x00007f636deba000,0x00007f636dfbb000)]
  0x00007f638c7bf800 JavaThread "block-manager-slave-async-thread-pool-7" daemon [_thread_blocked, id=14013, stack(0x00007f636dfbb000,0x00007f636e0bc000)]
  0x00007f6388019000 JavaThread "block-manager-slave-async-thread-pool-6" daemon [_thread_blocked, id=14012, stack(0x00007f636e0bc000,0x00007f636e1bd000)]
  0x00007f6384a28000 JavaThread "block-manager-ask-thread-pool-3" daemon [_thread_blocked, id=14011, stack(0x00007f636e1bd000,0x00007f636e2be000)]
  0x00007f6378183800 JavaThread "block-manager-ask-thread-pool-2" daemon [_thread_blocked, id=14010, stack(0x00007f636e2be000,0x00007f636e3bf000)]
  0x0000000000a27800 JavaThread "block-manager-slave-async-thread-pool-5" daemon [_thread_blocked, id=14009, stack(0x00007f636e3bf000,0x00007f636e4c0000)]
  0x0000000000a25800 JavaThread "block-manager-slave-async-thread-pool-4" daemon [_thread_blocked, id=14008, stack(0x00007f636e4c0000,0x00007f636e5c1000)]
  0x00007f6388018000 JavaThread "block-manager-slave-async-thread-pool-3" daemon [_thread_blocked, id=14007, stack(0x00007f636e5c1000,0x00007f636e6c2000)]
  0x00007f639023d800 JavaThread "block-manager-ask-thread-pool-1" daemon [_thread_blocked, id=14006, stack(0x00007f636e6c2000,0x00007f636e7c3000)]
  0x00007f6388016000 JavaThread "block-manager-ask-thread-pool-0" daemon [_thread_blocked, id=14005, stack(0x00007f636e7c3000,0x00007f636e8c4000)]
  0x00007f638009d000 JavaThread "block-manager-slave-async-thread-pool-2" daemon [_thread_blocked, id=14004, stack(0x00007f636e8c4000,0x00007f636e9c5000)]
  0x00007f638009b800 JavaThread "block-manager-slave-async-thread-pool-1" daemon [_thread_blocked, id=14003, stack(0x00007f636e9c5000,0x00007f636eac6000)]
  0x00007f63900fc000 JavaThread "block-manager-slave-async-thread-pool-0" daemon [_thread_blocked, id=14002, stack(0x00007f636eac6000,0x00007f636ebc7000)]
  0x00007f637c026800 JavaThread "IPC Parameter Sending Thread #1" daemon [_thread_blocked, id=14001, stack(0x00007f636f0c8000,0x00007f636f1c9000)]
  0x00007f6390262000 JavaThread "Executor task launch worker for task 1" daemon [_thread_blocked, id=13999, stack(0x00007f63716de000,0x00007f63717df000)]
  0x00007f6390259800 JavaThread "task-result-getter-0" daemon [_thread_blocked, id=13998, stack(0x00007f636efc7000,0x00007f636f0c8000)]
  0x00007f638d0c6800 JavaThread "org.apache.hadoop.fs.FileSystem$Statistics$StatisticsDataReferenceCleaner" daemon [_thread_blocked, id=13993, stack(0x00007f6371bdf000,0x00007f6371ce0000)]
  0x00007f638d4e2000 JavaThread "spark-listener-group-streams" daemon [_thread_blocked, id=13992, stack(0x00007f63720e0000,0x00007f63721e1000)]
  0x00000000009b8800 JavaThread "element-tracking-store-worker" daemon [_thread_blocked, id=13990, stack(0x00007f63729e1000,0x00007f6372ae2000)]
  0x00007f638cfe5000 JavaThread "spark-listener-group-executorManagement" daemon [_thread_blocked, id=13989, stack(0x00007f6372ae2000,0x00007f6372be3000)]
  0x00007f638cfe2800 JavaThread "spark-listener-group-appStatus" daemon [_thread_blocked, id=13988, stack(0x00007f6372be3000,0x00007f6372ce4000)]
  0x00007f638cfe0800 JavaThread "context-cleaner-periodic-gc" daemon [_thread_blocked, id=13987, stack(0x00007f6372ce4000,0x00007f6372de5000)]
  0x00007f638cfdf800 JavaThread "Spark Context Cleaner" daemon [_thread_blocked, id=13986, stack(0x00007f6372de5000,0x00007f6372ee6000)]
  0x00007f638ceac000 JavaThread "shuffle-server-5-1" daemon [_thread_in_native, id=13985, stack(0x00007f63732e6000,0x00007f63733e7000)]
  0x00007f638ce73000 JavaThread "driver-heartbeater" daemon [_thread_blocked, id=13984, stack(0x00007f63733e7000,0x00007f63734e8000)]
  0x00007f638ce31800 JavaThread "dag-scheduler-event-loop" daemon [_thread_blocked, id=13983, stack(0x00007f63734e8000,0x00007f63735e9000)]
  0x0000000000992000 JavaThread "netty-rpc-env-timeout" daemon [_thread_blocked, id=13982, stack(0x00007f63735e9000,0x00007f63736ea000)]
  0x00007f638cbea800 JavaThread "Timer-1" daemon [_thread_blocked, id=13981, stack(0x00007f63736ea000,0x00007f63737eb000)]
  0x00007f638cbe9800 JavaThread "Timer-0" daemon [_thread_blocked, id=13980, stack(0x00007f63737eb000,0x00007f63738ec000)]
  0x00007f6390063000 JavaThread "heartbeat-receiver-event-loop-thread" daemon [_thread_blocked, id=13979, stack(0x00007f63738ec000,0x00007f63739ed000)]
  0x00007f638cb95000 JavaThread "SparkUI-36" daemon [_thread_blocked, id=13978, stack(0x00007f6373bed000,0x00007f6373cee000)]
  0x00007f638cb93800 JavaThread "SparkUI-35" daemon [_thread_blocked, id=13977, stack(0x00007f6373cee000,0x00007f6373def000)]
  0x00007f638cb91800 JavaThread "SparkUI-34" daemon [_thread_blocked, id=13976, stack(0x00007f6373def000,0x00007f6373ef0000)]
  0x00007f638cb90000 JavaThread "SparkUI-33" daemon [_thread_blocked, id=13975, stack(0x00007f6373ef0000,0x00007f6373ff1000)]
  0x00007f638cb8e000 JavaThread "SparkUI-32" daemon [_thread_blocked, id=13974, stack(0x00007f6373ff1000,0x00007f63740f2000)]
  0x00007f638cb8c800 JavaThread "SparkUI-31" daemon [_thread_blocked, id=13973, stack(0x00007f63740f2000,0x00007f63741f3000)]
  0x00007f638cb8b000 JavaThread "SparkUI-30-acceptor-0@50bcf591-ServerConnector@5e7b11f6{HTTP/1.1,[http/1.1]}{0.0.0.0:4041}" daemon [_thread_in_native, id=13972, stack(0x00007f63741f3000,0x00007f63742f4000)]
  0x00007f638cb83800 JavaThread "SparkUI-29" daemon [_thread_in_native, id=13971, stack(0x00007f63742f4000,0x00007f63743f5000)]
  0x00007f638caab000 JavaThread "refresh progress" daemon [_thread_blocked, id=13970, stack(0x00007f63745f5000,0x00007f63746f6000)]
  0x00007f638ca92000 JavaThread "RemoteBlock-temp-file-clean-thread" daemon [_thread_blocked, id=13969, stack(0x00007f63746f6000,0x00007f63747f7000)]
  0x00007f638c297000 JavaThread "map-output-dispatcher-7" daemon [_thread_blocked, id=13968, stack(0x00007f63747f7000,0x00007f63748f8000)]
  0x00007f638c294800 JavaThread "map-output-dispatcher-6" daemon [_thread_blocked, id=13967, stack(0x00007f63748f8000,0x00007f63749f9000)]
  0x00007f638c293000 JavaThread "map-output-dispatcher-5" daemon [_thread_blocked, id=13966, stack(0x00007f63749f9000,0x00007f6374afa000)]
  0x00007f638c291000 JavaThread "map-output-dispatcher-4" daemon [_thread_blocked, id=13965, stack(0x00007f6374afa000,0x00007f6374bfb000)]
  0x00007f638c29a000 JavaThread "map-output-dispatcher-3" daemon [_thread_blocked, id=13964, stack(0x00007f6374bfb000,0x00007f6374cfc000)]
  0x00007f638c298800 JavaThread "map-output-dispatcher-2" daemon [_thread_blocked, id=13963, stack(0x00007f6374cfc000,0x00007f6374dfd000)]
  0x00007f638c287000 JavaThread "map-output-dispatcher-1" daemon [_thread_blocked, id=13962, stack(0x00007f6374dfd000,0x00007f6374efe000)]
  0x00007f638c28a800 JavaThread "map-output-dispatcher-0" daemon [_thread_blocked, id=13961, stack(0x00007f6374efe000,0x00007f6374fff000)]
  0x00007f638c258800 JavaThread "rpc-server-3-1" daemon [_thread_in_native, id=13960, stack(0x00007f63942d5000,0x00007f63943d6000)]
  0x00007f638c15a800 JavaThread "dispatcher-event-loop-1" daemon [_thread_blocked, id=13959, stack(0x00007f63945d6000,0x00007f63946d7000)]
  0x00007f638c158800 JavaThread "dispatcher-event-loop-0" daemon [_thread_blocked, id=13958, stack(0x00007f63946d7000,0x00007f63947d8000)]
  0x00007f6380005800 JavaThread "Thread-4" [_thread_blocked, id=13957, stack(0x00007f63949d8000,0x00007f6394ad9000)]
  0x00007f63aab64800 JavaThread "Thread-3" [_thread_in_native, id=13956, stack(0x00007f6394cf0000,0x00007f6394df1000)]
  0x00007f63aab55800 JavaThread "pool-1-thread-1" [_thread_blocked, id=13955, stack(0x00007f63951f7000,0x00007f63952f8000)]
  0x00007f63a80b3800 JavaThread "Service Thread" daemon [_thread_blocked, id=13947, stack(0x00007f63973a5000,0x00007f63974a6000)]
  0x00007f63a80b0800 JavaThread "C1 CompilerThread1" daemon [_thread_blocked, id=13946, stack(0x00007f63974a6000,0x00007f63975a7000)]
  0x00007f63a80ae800 JavaThread "C2 CompilerThread0" daemon [_thread_blocked, id=13945, stack(0x00007f63975a7000,0x00007f63976a8000)]
  0x00007f63a80ac800 JavaThread "Signal Dispatcher" daemon [_thread_blocked, id=13944, stack(0x00007f63976a8000,0x00007f63977a9000)]
  0x00007f63a8084800 JavaThread "Finalizer" daemon [_thread_blocked, id=13943, stack(0x00007f6397941000,0x00007f6397a42000)]
  0x00007f63a8082000 JavaThread "Reference Handler" daemon [_thread_blocked, id=13942, stack(0x00007f6397a42000,0x00007f6397b43000)]
  0x00007f63a8014800 JavaThread "main" [_thread_in_native, id=13940, stack(0x00007f63af3ab000,0x00007f63af4ac000)]

Other Threads:
=>0x00007f63a8078800 VMThread [stack: 0x00007f6397b43000,0x00007f6397c44000] [id=13941]
  0x00007f63a80c3000 WatcherThread [stack: 0x00007f63972a4000,0x00007f63973a5000] [id=13948]

VM state:at safepoint (normal execution)

VM Mutex/Monitor currently owned by a thread:  ([mutex/lock_event])
[0x00007f63a8010a50] Threads_lock - owner thread: 0x00007f63a8078800
[0x00007f63a8010f50] Heap_lock - owner thread: 0x00007f6390262000

Heap:
 def new generation   total 209664K, used 0K [0x00000000c0000000, 0x00000000ce380000, 0x00000000d5550000)
  eden space 186368K,   0% used [0x00000000c0000000, 0x00000000c0000000, 0x00000000cb600000)
  from space 23296K,   0% used [0x00000000cb600000, 0x00000000cb600000, 0x00000000cccc0000)
  to   space 23296K,   0% used [0x00000000cccc0000, 0x00000000cccc0000, 0x00000000ce380000)
 tenured generation   total 535708K, used 419977K [0x00000000d5550000, 0x00000000f6077000, 0x0000000100000000)
   the space 535708K,  78% used [0x00000000d5550000, 0x00000000eef72648, 0x00000000eef72800, 0x00000000f6077000)
 Metaspace       used 91562K, capacity 100716K, committed 100864K, reserved 1136640K
  class space    used 12398K, capacity 13293K, committed 13312K, reserved 1048576K

Card table byte_map: [0x00007f6398618000,0x00007f6398819000] byte_map_base: 0x00007f6398018000

Polling page: 0x00007f63af3aa000

CodeCache: size=245760Kb used=17682Kb max_used=17696Kb free=228077Kb
 bounds [0x00007f6398bd9000, 0x00007f6399d39000, 0x00007f63a7bd9000]
 total_blobs=7312 nmethods=6494 adapters=730
 compilation: enabled

Compilation events (10 events):
Event: 126.951 Thread 0x00007f63a80b0800 7705       3       java.util.concurrent.ThreadPoolExecutor::workerCountOf (5 bytes)
Event: 126.952 Thread 0x00007f63a80b0800 nmethod 7705 0x00007f6399d25bd0 code [0x00007f6399d25d20, 0x00007f6399d25e50]
Event: 126.952 Thread 0x00007f63a80b0800 7704       3       scala.concurrent.impl.Promise$DefaultPromise::future (5 bytes)
Event: 126.952 Thread 0x00007f63a80b0800 nmethod 7704 0x00007f6399d26b10 code [0x00007f6399d26c80, 0x00007f6399d26e90]
Event: 127.030 Thread 0x00007f63a80b0800 7706       1       org.apache.spark.executor.TaskMetrics::shuffleReadMetrics (5 bytes)
Event: 127.031 Thread 0x00007f63a80b0800 nmethod 7706 0x00007f6399d22390 code [0x00007f6399d224e0, 0x00007f6399d225f0]
Event: 127.031 Thread 0x00007f63a80b0800 7707       3       java.io.ObjectOutputStream$BlockDataOutputStream::writeBlockHeader (70 bytes)
Event: 127.032 Thread 0x00007f63a80b0800 nmethod 7707 0x00007f6399d26350 code [0x00007f6399d26500, 0x00007f6399d26900]
Event: 127.048 Thread 0x00007f63a80ae800 7708       4       java.io.ObjectOutputStream$BlockDataOutputStream::writeBlockHeader (70 bytes)
Event: 127.168 Thread 0x00007f63a80ae800 nmethod 7708 0x00007f6399d31050 code [0x00007f6399d31220, 0x00007f6399d31d58]

GC Heap History (10 events):
Event: 124.872 GC heap after
Heap after GC invocations=327 (full 18):
 def new generation   total 141696K, used 0K [0x00000000c0000000, 0x00000000c99b0000, 0x00000000d5550000)
  eden space 126016K,   0% used [0x00000000c0000000, 0x00000000c0000000, 0x00000000c7b10000)
  from space 15680K,   0% used [0x00000000c7b10000, 0x00000000c7b10000, 0x00000000c8a60000)
  to   space 15680K,   0% used [0x00000000c8a60000, 0x00000000c8a60000, 0x00000000c99b0000)
 tenured generation   total 314660K, used 188795K [0x00000000d5550000, 0x00000000e8899000, 0x0000000100000000)
   the space 314660K,  59% used [0x00000000d5550000, 0x00000000e0daecc0, 0x00000000e0daee00, 0x00000000e8899000)
 Metaspace       used 91551K, capacity 100710K, committed 100864K, reserved 1136640K
  class space    used 12398K, capacity 13292K, committed 13312K, reserved 1048576K
}
Event: 125.877 GC heap before
{Heap before GC invocations=327 (full 18):
 def new generation   total 141696K, used 111434K [0x00000000c0000000, 0x00000000c99b0000, 0x00000000d5550000)
  eden space 126016K,  88% used [0x00000000c0000000, 0x00000000c6cd2b00, 0x00000000c7b10000)
  from space 15680K,   0% used [0x00000000c7b10000, 0x00000000c7b10000, 0x00000000c8a60000)
  to   space 15680K,   0% used [0x00000000c8a60000, 0x00000000c8a60000, 0x00000000c99b0000)
 tenured generation   total 454904K, used 329035K [0x00000000d5550000, 0x00000000f118e000, 0x0000000100000000)
   the space 454904K,  72% used [0x00000000d5550000, 0x00000000e96a2cd0, 0x00000000e96a2e00, 0x00000000f118e000)
 Metaspace       used 91559K, capacity 100716K, committed 100864K, reserved 1136640K
  class space    used 12398K, capacity 13293K, committed 13312K, reserved 1048576K
Event: 126.190 GC heap after
Heap after GC invocations=328 (full 18):
 def new generation   total 141696K, used 10038K [0x00000000c0000000, 0x00000000c99b0000, 0x00000000d5550000)
  eden space 126016K,   0% used [0x00000000c0000000, 0x00000000c0000000, 0x00000000c7b10000)
  from space 15680K,  64% used [0x00000000c8a60000, 0x00000000c942d970, 0x00000000c99b0000)
  to   space 15680K,   0% used [0x00000000c7b10000, 0x00000000c7b10000, 0x00000000c8a60000)
 tenured generation   total 454904K, used 411887K [0x00000000d5550000, 0x00000000f118e000, 0x0000000100000000)
   the space 454904K,  90% used [0x00000000d5550000, 0x00000000ee78bf38, 0x00000000ee78c000, 0x00000000f118e000)
 Metaspace       used 91559K, capacity 100716K, committed 100864K, reserved 1136640K
  class space    used 12398K, capacity 13293K, committed 13312K, reserved 1048576K
}
Event: 126.225 GC heap before
{Heap before GC invocations=328 (full 18):
 def new generation   total 141696K, used 71302K [0x00000000c0000000, 0x00000000c99b0000, 0x00000000d5550000)
  eden space 126016K,  48% used [0x00000000c0000000, 0x00000000c3bd4078, 0x00000000c7b10000)
  from space 15680K,  64% used [0x00000000c8a60000, 0x00000000c942d970, 0x00000000c99b0000)
  to   space 15680K,   0% used [0x00000000c7b10000, 0x00000000c7b10000, 0x00000000c8a60000)
 tenured generation   total 454904K, used 411887K [0x00000000d5550000, 0x00000000f118e000, 0x0000000100000000)
   the space 454904K,  90% used [0x00000000d5550000, 0x00000000ee78bf38, 0x00000000ee78c000, 0x00000000f118e000)
 Metaspace       used 91561K, capacity 100716K, committed 100864K, reserved 1136640K
  class space    used 12398K, capacity 13293K, committed 13312K, reserved 1048576K
Event: 126.358 GC heap after
Heap after GC invocations=329 (full 18):
 def new generation   total 141696K, used 0K [0x00000000c0000000, 0x00000000c99b0000, 0x00000000d5550000)
  eden space 126016K,   0% used [0x00000000c0000000, 0x00000000c0000000, 0x00000000c7b10000)
  from space 15680K,   0% used [0x00000000c7b10000, 0x00000000c7b10188, 0x00000000c8a60000)
  to   space 15680K,   0% used [0x00000000c8a60000, 0x00000000c8a60000, 0x00000000c99b0000)
 tenured generation   total 454904K, used 451301K [0x00000000d5550000, 0x00000000f118e000, 0x0000000100000000)
   the space 454904K,  99% used [0x00000000d5550000, 0x00000000f0e097e0, 0x00000000f0e09800, 0x00000000f118e000)
 Metaspace       used 91561K, capacity 100716K, committed 100864K, reserved 1136640K
  class space    used 12398K, capacity 13293K, committed 13312K, reserved 1048576K
}
Event: 126.398 GC heap before
{Heap before GC invocations=329 (full 18):
 def new generation   total 141696K, used 78342K [0x00000000c0000000, 0x00000000c99b0000, 0x00000000d5550000)
  eden space 126016K,  62% used [0x00000000c0000000, 0x00000000c4c818d0, 0x00000000c7b10000)
  from space 15680K,   0% used [0x00000000c7b10000, 0x00000000c7b10188, 0x00000000c8a60000)
  to   space 15680K,   0% used [0x00000000c8a60000, 0x00000000c8a60000, 0x00000000c99b0000)
 tenured generation   total 454904K, used 451301K [0x00000000d5550000, 0x00000000f118e000, 0x0000000100000000)
   the space 454904K,  99% used [0x00000000d5550000, 0x00000000f0e097e0, 0x00000000f0e09800, 0x00000000f118e000)
 Metaspace       used 91561K, capacity 100716K, committed 100864K, reserved 1136640K
  class space    used 12398K, capacity 13293K, committed 13312K, reserved 1048576K
Event: 126.950 GC heap after
Heap after GC invocations=330 (full 19):
 def new generation   total 209664K, used 0K [0x00000000c0000000, 0x00000000ce380000, 0x00000000d5550000)
  eden space 186368K,   0% used [0x00000000c0000000, 0x00000000c0000000, 0x00000000cb600000)
  from space 23296K,   0% used [0x00000000cb600000, 0x00000000cb600000, 0x00000000cccc0000)
  to   space 23296K,   0% used [0x00000000cccc0000, 0x00000000cccc0000, 0x00000000ce380000)
 tenured generation   total 465752K, used 279450K [0x00000000d5550000, 0x00000000f1c26000, 0x0000000100000000)
   the space 465752K,  59% used [0x00000000d5550000, 0x00000000e6636b40, 0x00000000e6636c00, 0x00000000f1c26000)
 Metaspace       used 91561K, capacity 100716K, committed 100864K, reserved 1136640K
  class space    used 12398K, capacity 13293K, committed 13312K, reserved 1048576K
}
Event: 127.057 GC heap before
{Heap before GC invocations=330 (full 19):
 def new generation   total 209664K, used 175798K [0x00000000c0000000, 0x00000000ce380000, 0x00000000d5550000)
  eden space 186368K,  94% used [0x00000000c0000000, 0x00000000cabad9b8, 0x00000000cb600000)
  from space 23296K,   0% used [0x00000000cb600000, 0x00000000cb600000, 0x00000000cccc0000)
  to   space 23296K,   0% used [0x00000000cccc0000, 0x00000000cccc0000, 0x00000000ce380000)
 tenured generation   total 465752K, used 279450K [0x00000000d5550000, 0x00000000f1c26000, 0x0000000100000000)
   the space 465752K,  59% used [0x00000000d5550000, 0x00000000e6636b40, 0x00000000e6636c00, 0x00000000f1c26000)
 Metaspace       used 91562K, capacity 100716K, committed 100864K, reserved 1136640K
  class space    used 12398K, capacity 13293K, committed 13312K, reserved 1048576K
Event: 127.166 GC heap after
Heap after GC invocations=331 (full 19):
 def new generation   total 209664K, used 8746K [0x00000000c0000000, 0x00000000ce380000, 0x00000000d5550000)
  eden space 186368K,   0% used [0x00000000c0000000, 0x00000000c0000000, 0x00000000cb600000)
  from space 23296K,  37% used [0x00000000cccc0000, 0x00000000cd54ab88, 0x00000000ce380000)
  to   space 23296K,   0% used [0x00000000cb600000, 0x00000000cb600000, 0x00000000cccc0000)
 tenured generation   total 465752K, used 436122K [0x00000000d5550000, 0x00000000f1c26000, 0x0000000100000000)
   the space 465752K,  93% used [0x00000000d5550000, 0x00000000eff36b50, 0x00000000eff36c00, 0x00000000f1c26000)
 Metaspace       used 91562K, capacity 100716K, committed 100864K, reserved 1136640K
  class space    used 12398K, capacity 13293K, committed 13312K, reserved 1048576K
}
Event: 127.224 GC heap before
{Heap before GC invocations=331 (full 19):
 def new generation   total 209664K, used 134854K [0x00000000c0000000, 0x00000000ce380000, 0x00000000d5550000)
  eden space 186368K,  67% used [0x00000000c0000000, 0x00000000c7b26cb0, 0x00000000cb600000)
  from space 23296K,  37% used [0x00000000cccc0000, 0x00000000cd54ab88, 0x00000000ce380000)
  to   space 23296K,   0% used [0x00000000cb600000, 0x00000000cb600000, 0x00000000cccc0000)
 tenured generation   total 465752K, used 436122K [0x00000000d5550000, 0x00000000f1c26000, 0x0000000100000000)
   the space 465752K,  93% used [0x00000000d5550000, 0x00000000eff36b50, 0x00000000eff36c00, 0x00000000f1c26000)
 Metaspace       used 91562K, capacity 100716K, committed 100864K, reserved 1136640K
  class space    used 12398K, capacity 13293K, committed 13312K, reserved 1048576K

Deoptimization events (10 events):
Event: 120.746 Thread 0x00007f6390262000 Uncommon trap: reason=bimorphic action=maybe_recompile pc=0x00007f6398d2996c method=java.io.DataOutputStream.writeShort(I)V @ 12
Event: 120.751 Thread 0x00007f6390262000 Uncommon trap: reason=unstable_if action=reinterpret pc=0x00007f63993954f8 method=org.apache.hadoop.mapreduce.lib.input.LineRecordReader.nextKeyValue()Z @ 58
Event: 120.751 Thread 0x00007f6390262000 Uncommon trap: reason=unstable_if action=reinterpret pc=0x00007f639984978c method=scala.collection.Iterator$$anon$12.hasNext()Z @ 16
Event: 120.751 Thread 0x00007f6390262000 Uncommon trap: reason=unstable_if action=reinterpret pc=0x00007f6399397934 method=org.apache.spark.sql.execution.datasources.FileScanRDD$$anon$1.hasNext()Z @ 23
Event: 120.764 Thread 0x00007f6390262000 Uncommon trap: reason=unstable_if action=reinterpret pc=0x00007f6398e030b0 method=org.apache.spark.sql.execution.datasources.RecordReaderIterator.hasNext()Z @ 4
Event: 121.087 Thread 0x00007f6390262000 Uncommon trap: reason=unstable_if action=reinterpret pc=0x00007f6399077e30 method=org.apache.spark.sql.execution.columnar.DirectCopyColumnType.extract(Ljava/nio/ByteBuffer;Lorg/apache/spark/sql/catalyst/InternalRow;I)V @ 4
Event: 121.087 Thread 0x00007f6390262000 Uncommon trap: reason=unstable_if action=reinterpret pc=0x00007f6399bd5998 method=org.apache.spark.sql.catalyst.expressions.codegen.BufferHolder.grow(I)V @ 99
Event: 121.247 Thread 0x00007f6390262000 Uncommon trap: reason=unstable_if action=reinterpret pc=0x00007f6399cb4330 method=org.apache.spark.sql.execution.columnar.NullableColumnAccessor.extractTo(Lorg/apache/spark/sql/catalyst/InternalRow;I)V @ 41
Event: 121.731 Thread 0x00007f6390262000 Uncommon trap: reason=unstable_if action=reinterpret pc=0x00007f6399cd7fac method=org.apache.spark.sql.execution.columnar.NullableColumnAccessor.extractTo(Lorg/apache/spark/sql/catalyst/InternalRow;I)V @ 41
Event: 125.660 Thread 0x00007f6390262000 Uncommon trap: reason=unstable_if action=reinterpret pc=0x00007f6399ce6e70 method=org.apache.spark.sql.execution.SparkPlan.$anonfun$getByteArrayRdd$1(ILscala/collection/Iterator;)Lscala/collection/Iterator; @ 68

Classes redefined (0 events):
No events

Internal exceptions (10 events):
Event: 89.500 Thread 0x00007f6390262000 Exception <a 'java/lang/NoSuchMethodError': java.lang.Object.$anonfun$build$2(Lorg/apache/spark/sql/execution/columnar/compression/CompressibleColumnBuilder;Lorg/apache/spark/sql/execution/columnar/compression/Encoder;)Ljava/lang/String;> (0x00000000c0d77
Event: 90.011 Thread 0x00007f638c158800 Exception <a 'java/lang/NoSuchMethodError': java.lang.Object.$anonfun$zipWith$1(Lscala/concurrent/Future;Lscala/Function2;Lscala/concurrent/ExecutionContext;Ljava/lang/Object;)Lscala/concurrent/Future;> (0x00000000c02ebf88) thrown at [/build/openjdk-8-6jq
Event: 90.012 Thread 0x00007f638c158800 Exception <a 'java/lang/NoSuchMethodError': java.lang.Object.$anonfun$zipWith$2(Lscala/Function2;Ljava/lang/Object;Ljava/lang/Object;)Ljava/lang/Object;> (0x00000000c02f2448) thrown at [/build/openjdk-8-6jqSe7/openjdk-8-8u191-b12/src/hotspot/src/share/vm/
Event: 90.018 Thread 0x00007f638c15a800 Exception <a 'java/lang/NoSuchMethodError': java.lang.Object.$anonfun$foreach$1$adapted(Lscala/Function1;Lscala/util/Try;)Ljava/lang/Object;> (0x00000000c02fe1b0) thrown at [/build/openjdk-8-6jqSe7/openjdk-8-8u191-b12/src/hotspot/src/share/vm/interpreter/
Event: 90.019 Thread 0x00007f638c15a800 Exception <a 'java/lang/NoSuchMethodError': java.lang.Object.$anonfun$failed$1(Lscala/util/Try;)Lscala/util/Try;> (0x00000000c0302d48) thrown at [/build/openjdk-8-6jqSe7/openjdk-8-8u191-b12/src/hotspot/src/share/vm/interpreter/linkResolver.cpp, line 620]
Event: 92.331 Thread 0x00007f6390262000 Implicit null exception at 0x00007f6399c2515d to 0x00007f6399c27a61
Event: 92.331 Thread 0x00007f6390262000 Implicit null exception at 0x00007f6399c35ea9 to 0x00007f6399c3739d
Event: 94.349 Thread 0x00007f6390262000 Implicit null exception at 0x00007f6399c456aa to 0x00007f6399c46b9d
Event: 104.653 Thread 0x00007f638cfe2800 Implicit null exception at 0x00007f6399bb2047 to 0x00007f6399bb23d5
Event: 125.818 Thread 0x00007f6390262000 Exception <a 'java/lang/NoSuchMethodError': <clinit>> (0x00000000c0868748) thrown at [/build/openjdk-8-6jqSe7/openjdk-8-8u191-b12/src/hotspot/src/share/vm/prims/jni.cpp, line 1613]

Events (10 events):
Event: 125.660 Thread 0x00007f6390262000 DEOPT UNPACKING pc=0x00007f6398c1e47a sp=0x00007f63717dcfc8 mode 2
Event: 125.876 Executing VM operation: GenCollectForAllocation
Event: 126.192 Executing VM operation: GenCollectForAllocation done
Event: 126.224 Executing VM operation: GenCollectForAllocation
Event: 126.358 Executing VM operation: GenCollectForAllocation done
Event: 126.398 Executing VM operation: GenCollectForAllocation
Event: 126.952 Executing VM operation: GenCollectForAllocation done
Event: 127.057 Executing VM operation: GenCollectForAllocation
Event: 127.168 Executing VM operation: GenCollectForAllocation done
Event: 127.224 Executing VM operation: GenCollectForAllocation


Dynamic libraries:
00400000-00401000 r-xp 00000000 fd:01 256478                             /usr/lib/jvm/java-8-openjdk-amd64/jre/bin/java
00600000-00601000 r--p 00000000 fd:01 256478                             /usr/lib/jvm/java-8-openjdk-amd64/jre/bin/java
00601000-00602000 rw-p 00001000 fd:01 256478                             /usr/lib/jvm/java-8-openjdk-amd64/jre/bin/java
00963000-00a53000 rw-p 00000000 00:00 0                                  [heap]
c0000000-ce380000 rw-p 00000000 00:00 0 
ce380000-d5550000 ---p 00000000 00:00 0 
d5550000-f6077000 rw-p 00000000 00:00 0 
100000000-100d00000 rw-p 00000000 00:00 0 
100d00000-140000000 ---p 00000000 00:00 0 
7f636dcb8000-7f636dcbb000 ---p 00000000 00:00 0 
7f636dcbb000-7f636ddb9000 rw-p 00000000 00:00 0 
7f636ddb9000-7f636ddbc000 ---p 00000000 00:00 0 
7f636ddbc000-7f636deba000 rw-p 00000000 00:00 0 
7f636deba000-7f636debd000 ---p 00000000 00:00 0 
7f636debd000-7f636dfbb000 rw-p 00000000 00:00 0 
7f636dfbb000-7f636dfbe000 ---p 00000000 00:00 0 
7f636dfbe000-7f636e0bc000 rw-p 00000000 00:00 0 
7f636e0bc000-7f636e0bf000 ---p 00000000 00:00 0 
7f636e0bf000-7f636e1bd000 rw-p 00000000 00:00 0 
7f636e1bd000-7f636e1c0000 ---p 00000000 00:00 0 
7f636e1c0000-7f636e2be000 rw-p 00000000 00:00 0 
7f636e2be000-7f636e2c1000 ---p 00000000 00:00 0 
7f636e2c1000-7f636e3bf000 rw-p 00000000 00:00 0 
7f636e3bf000-7f636e3c2000 ---p 00000000 00:00 0 
7f636e3c2000-7f636e4c0000 rw-p 00000000 00:00 0 
7f636e4c0000-7f636e4c3000 ---p 00000000 00:00 0 
7f636e4c3000-7f636e5c1000 rw-p 00000000 00:00 0 
7f636e5c1000-7f636e5c4000 ---p 00000000 00:00 0 
7f636e5c4000-7f636e6c2000 rw-p 00000000 00:00 0 
7f636e6c2000-7f636e6c5000 ---p 00000000 00:00 0 
7f636e6c5000-7f636e7c3000 rw-p 00000000 00:00 0 
7f636e7c3000-7f636e7c6000 ---p 00000000 00:00 0 
7f636e7c6000-7f636e8c4000 rw-p 00000000 00:00 0 
7f636e8c4000-7f636e8c7000 ---p 00000000 00:00 0 
7f636e8c7000-7f636e9c5000 rw-p 00000000 00:00 0 
7f636e9c5000-7f636e9c8000 ---p 00000000 00:00 0 
7f636e9c8000-7f636eac6000 rw-p 00000000 00:00 0 
7f636eac6000-7f636eac9000 ---p 00000000 00:00 0 
7f636eac9000-7f636ed47000 rw-p 00000000 00:00 0 
7f636ed47000-7f636edc7000 ---p 00000000 00:00 0 
7f636edc7000-7f636efc7000 rw-p 00000000 00:00 0 
7f636efc7000-7f636efca000 ---p 00000000 00:00 0 
7f636efca000-7f636f0c8000 rw-p 00000000 00:00 0 
7f636f0c8000-7f636f0cb000 ---p 00000000 00:00 0 
7f636f0cb000-7f636f3c9000 rw-p 00000000 00:00 0 
7f636f3c9000-7f636f5c9000 rw-p 00000000 00:00 0 
7f636f5c9000-7f636f7c9000 rw-p 00000000 00:00 0 
7f636f7c9000-7f636f9c9000 rw-p 00000000 00:00 0 
7f636f9c9000-7f636f9d6000 r-xp 00000000 fd:01 2304955                    /tmp/liblz4-java3492813792688444034.so
7f636f9d6000-7f636fbd5000 ---p 0000d000 fd:01 2304955                    /tmp/liblz4-java3492813792688444034.so
7f636fbd5000-7f636fbd6000 rw-p 0000c000 fd:01 2304955                    /tmp/liblz4-java3492813792688444034.so
7f636fbdd000-7f636fddd000 rw-p 00000000 00:00 0 
7f636fddd000-7f636ffdd000 rw-p 00000000 00:00 0 
7f636ffdd000-7f63701dd000 rw-p 00000000 00:00 0 
7f63701dd000-7f63703dd000 rw-p 00000000 00:00 0 
7f63703dd000-7f63705dd000 rw-p 00000000 00:00 0 
7f63705dd000-7f63707dd000 rw-p 00000000 00:00 0 
7f63707dd000-7f63709dd000 rw-p 00000000 00:00 0 
7f63709dd000-7f6370bdd000 rw-p 00000000 00:00 0 
7f6370bdd000-7f6370ddd000 rw-p 00000000 00:00 0 
7f6370ddd000-7f6370fdd000 rw-p 00000000 00:00 0 
7f6370fdd000-7f63711dd000 rw-p 00000000 00:00 0 
7f63711dd000-7f63713dd000 rw-p 00000000 00:00 0 
7f63713dd000-7f63715dd000 rw-p 00000000 00:00 0 
7f63715dd000-7f63715e0000 ---p 00000000 00:00 0 
7f63715e0000-7f63716de000 rw-p 00000000 00:00 0 
7f63716de000-7f63716e1000 ---p 00000000 00:00 0 
7f63716e1000-7f63719df000 rw-p 00000000 00:00 0 
7f63719df000-7f6371bdf000 rw-p 00000000 00:00 0 
7f6371bdf000-7f6371be2000 ---p 00000000 00:00 0 
7f6371be2000-7f6371ee0000 rw-p 00000000 00:00 0 
7f6371ee0000-7f63720e0000 rw-p 00000000 00:00 0 
7f63720e0000-7f63720e3000 ---p 00000000 00:00 0 
7f63720e3000-7f63723e1000 rw-p 00000000 00:00 0 
7f63723e1000-7f63725e1000 rw-p 00000000 00:00 0 
7f63725e1000-7f63727e1000 rw-p 00000000 00:00 0 
7f63727e1000-7f63729e1000 rw-p 00000000 00:00 0 
7f63729e1000-7f63729e4000 ---p 00000000 00:00 0 
7f63729e4000-7f6372ae2000 rw-p 00000000 00:00 0 
7f6372ae2000-7f6372ae5000 ---p 00000000 00:00 0 
7f6372ae5000-7f6372be3000 rw-p 00000000 00:00 0 
7f6372be3000-7f6372be6000 ---p 00000000 00:00 0 
7f6372be6000-7f6372ce4000 rw-p 00000000 00:00 0 
7f6372ce4000-7f6372ce7000 ---p 00000000 00:00 0 
7f6372ce7000-7f6372de5000 rw-p 00000000 00:00 0 
7f6372de5000-7f6372de8000 ---p 00000000 00:00 0 
7f6372de8000-7f63730e6000 rw-p 00000000 00:00 0 
7f63730e6000-7f63732e6000 rw-p 00000000 00:00 0 
7f63732e6000-7f63732e9000 ---p 00000000 00:00 0 
7f63732e9000-7f63733e7000 rw-p 00000000 00:00 0 
7f63733e7000-7f63733ea000 ---p 00000000 00:00 0 
7f63733ea000-7f63734e8000 rw-p 00000000 00:00 0 
7f63734e8000-7f63734eb000 ---p 00000000 00:00 0 
7f63734eb000-7f63735e9000 rw-p 00000000 00:00 0 
7f63735e9000-7f63735ec000 ---p 00000000 00:00 0 
7f63735ec000-7f63736ea000 rw-p 00000000 00:00 0 
7f63736ea000-7f63736ed000 ---p 00000000 00:00 0 
7f63736ed000-7f63737eb000 rw-p 00000000 00:00 0 
7f63737eb000-7f63737ee000 ---p 00000000 00:00 0 
7f63737ee000-7f63738ec000 rw-p 00000000 00:00 0 
7f63738ec000-7f63738ef000 ---p 00000000 00:00 0 
7f63738ef000-7f6373bed000 rw-p 00000000 00:00 0 
7f6373bed000-7f6373bf0000 ---p 00000000 00:00 0 
7f6373bf0000-7f6373cee000 rw-p 00000000 00:00 0 
7f6373cee000-7f6373cf1000 ---p 00000000 00:00 0 
7f6373cf1000-7f6373def000 rw-p 00000000 00:00 0 
7f6373def000-7f6373df2000 ---p 00000000 00:00 0 
7f6373df2000-7f6373ef0000 rw-p 00000000 00:00 0 
7f6373ef0000-7f6373ef3000 ---p 00000000 00:00 0 
7f6373ef3000-7f6373ff1000 rw-p 00000000 00:00 0 
7f6373ff1000-7f6373ff4000 ---p 00000000 00:00 0 
7f6373ff4000-7f63740f2000 rw-p 00000000 00:00 0 
7f63740f2000-7f63740f5000 ---p 00000000 00:00 0 
7f63740f5000-7f63741f3000 rw-p 00000000 00:00 0 
7f63741f3000-7f63741f6000 ---p 00000000 00:00 0 
7f63741f6000-7f63742f4000 rw-p 00000000 00:00 0 
7f63742f4000-7f63742f7000 ---p 00000000 00:00 0 
7f63742f7000-7f63745f5000 rw-p 00000000 00:00 0 
7f63745f5000-7f63745f8000 ---p 00000000 00:00 0 
7f63745f8000-7f63746f6000 rw-p 00000000 00:00 0 
7f63746f6000-7f63746f9000 ---p 00000000 00:00 0 
7f63746f9000-7f63747f7000 rw-p 00000000 00:00 0 
7f63747f7000-7f63747fa000 ---p 00000000 00:00 0 
7f63747fa000-7f63748f8000 rw-p 00000000 00:00 0 
7f63748f8000-7f63748fb000 ---p 00000000 00:00 0 
7f63748fb000-7f63749f9000 rw-p 00000000 00:00 0 
7f63749f9000-7f63749fc000 ---p 00000000 00:00 0 
7f63749fc000-7f6374afa000 rw-p 00000000 00:00 0 
7f6374afa000-7f6374afd000 ---p 00000000 00:00 0 
7f6374afd000-7f6374bfb000 rw-p 00000000 00:00 0 
7f6374bfb000-7f6374bfe000 ---p 00000000 00:00 0 
7f6374bfe000-7f6374cfc000 rw-p 00000000 00:00 0 
7f6374cfc000-7f6374cff000 ---p 00000000 00:00 0 
7f6374cff000-7f6374dfd000 rw-p 00000000 00:00 0 
7f6374dfd000-7f6374e00000 ---p 00000000 00:00 0 
7f6374e00000-7f6374efe000 rw-p 00000000 00:00 0 
7f6374efe000-7f6374f01000 ---p 00000000 00:00 0 
7f6374f01000-7f6378000000 rw-p 00000000 00:00 0 
7f6378000000-7f6378bed000 rw-p 00000000 00:00 0 
7f6378bed000-7f637c000000 ---p 00000000 00:00 0 
7f637c000000-7f637c086000 rw-p 00000000 00:00 0 
7f637c086000-7f6380000000 ---p 00000000 00:00 0 
7f6380000000-7f63800a0000 rw-p 00000000 00:00 0 
7f63800a0000-7f6384000000 ---p 00000000 00:00 0 
7f6384000000-7f638543a000 rw-p 00000000 00:00 0 
7f638543a000-7f6388000000 ---p 00000000 00:00 0 
7f6388000000-7f6388021000 rw-p 00000000 00:00 0 
7f6388021000-7f638c000000 ---p 00000000 00:00 0 
7f638c000000-7f638e808000 rw-p 00000000 00:00 0 
7f638e808000-7f6390000000 ---p 00000000 00:00 0 
7f6390000000-7f639030d000 rw-p 00000000 00:00 0 
7f639030d000-7f6394000000 ---p 00000000 00:00 0 
7f63940d5000-7f63942d5000 rw-p 00000000 00:00 0 
7f63942d5000-7f63942d8000 ---p 00000000 00:00 0 
7f63942d8000-7f63945d6000 rw-p 00000000 00:00 0 
7f63945d6000-7f63945d9000 ---p 00000000 00:00 0 
7f63945d9000-7f63946d7000 rw-p 00000000 00:00 0 
7f63946d7000-7f63946da000 ---p 00000000 00:00 0 
7f63946da000-7f63949d8000 rw-p 00000000 00:00 0 
7f63949d8000-7f63949db000 ---p 00000000 00:00 0 
7f63949db000-7f6394ad9000 rw-p 00000000 00:00 0 
7f6394ad9000-7f6394aea000 r-xp 00000000 fd:01 256468                     /usr/lib/jvm/java-8-openjdk-amd64/jre/lib/amd64/libnio.so
7f6394aea000-7f6394cea000 ---p 00011000 fd:01 256468                     /usr/lib/jvm/java-8-openjdk-amd64/jre/lib/amd64/libnio.so
7f6394cea000-7f6394ceb000 r--p 00011000 fd:01 256468                     /usr/lib/jvm/java-8-openjdk-amd64/jre/lib/amd64/libnio.so
7f6394ceb000-7f6394cec000 rw-p 00012000 fd:01 256468                     /usr/lib/jvm/java-8-openjdk-amd64/jre/lib/amd64/libnio.so
7f6394cf0000-7f6394cf3000 ---p 00000000 00:00 0 
7f6394cf3000-7f6394df1000 rw-p 00000000 00:00 0 
7f6394df1000-7f6394df2000 r-xp 00000000 fd:01 256442                     /usr/lib/jvm/java-8-openjdk-amd64/jre/lib/amd64/libjaas_unix.so
7f6394df2000-7f6394ff1000 ---p 00001000 fd:01 256442                     /usr/lib/jvm/java-8-openjdk-amd64/jre/lib/amd64/libjaas_unix.so
7f6394ff1000-7f6394ff2000 r--p 00000000 fd:01 256442                     /usr/lib/jvm/java-8-openjdk-amd64/jre/lib/amd64/libjaas_unix.so
7f6394ff2000-7f6394ff3000 rw-p 00001000 fd:01 256442                     /usr/lib/jvm/java-8-openjdk-amd64/jre/lib/amd64/libjaas_unix.so
7f6394ff7000-7f63951f7000 rw-p 00000000 00:00 0 
7f63951f7000-7f63951fa000 ---p 00000000 00:00 0 
7f63951fa000-7f63952f8000 rw-p 00000000 00:00 0 
7f63952f8000-7f63952fb000 ---p 00000000 00:00 0 
7f63952fb000-7f6395331000 rw-p 00000000 00:00 0 
7f6395331000-7f639533a000 r-xp 00000000 fd:01 256440                     /usr/lib/jvm/java-8-openjdk-amd64/jre/lib/amd64/libmanagement.so
7f639533a000-7f6395539000 ---p 00009000 fd:01 256440                     /usr/lib/jvm/java-8-openjdk-amd64/jre/lib/amd64/libmanagement.so
7f6395539000-7f639553a000 r--p 00008000 fd:01 256440                     /usr/lib/jvm/java-8-openjdk-amd64/jre/lib/amd64/libmanagement.so
7f639553a000-7f639553b000 rw-p 00009000 fd:01 256440                     /usr/lib/jvm/java-8-openjdk-amd64/jre/lib/amd64/libmanagement.so
7f6395541000-7f6395546000 r--s 000a0000 fd:01 256472                     /usr/lib/jvm/java-8-openjdk-amd64/jre/lib/jsse.jar
7f6395549000-7f6395749000 rw-p 00000000 00:00 0 
7f6395749000-7f6395760000 r-xp 00000000 fd:01 2074                       /lib/x86_64-linux-gnu/libresolv-2.23.so
7f6395760000-7f6395960000 ---p 00017000 fd:01 2074                       /lib/x86_64-linux-gnu/libresolv-2.23.so
7f6395960000-7f6395961000 r--p 00017000 fd:01 2074                       /lib/x86_64-linux-gnu/libresolv-2.23.so
7f6395961000-7f6395962000 rw-p 00018000 fd:01 2074                       /lib/x86_64-linux-gnu/libresolv-2.23.so
7f6395962000-7f6395964000 rw-p 00000000 00:00 0 
7f6395969000-7f639596e000 r-xp 00000000 fd:01 2070                       /lib/x86_64-linux-gnu/libnss_dns-2.23.so
7f639596e000-7f6395b6e000 ---p 00005000 fd:01 2070                       /lib/x86_64-linux-gnu/libnss_dns-2.23.so
7f6395b6e000-7f6395b6f000 r--p 00005000 fd:01 2070                       /lib/x86_64-linux-gnu/libnss_dns-2.23.so
7f6395b6f000-7f6395b70000 rw-p 00006000 fd:01 2070                       /lib/x86_64-linux-gnu/libnss_dns-2.23.so
7f6395b77000-7f6395b79000 r--s 00016000 fd:01 256422                     /usr/lib/jvm/java-8-openjdk-amd64/jre/lib/jce.jar
7f6395b79000-7f6395d79000 rw-p 00000000 00:00 0 
7f6395d79000-7f6395d90000 r-xp 00000000 fd:01 256437                     /usr/lib/jvm/java-8-openjdk-amd64/jre/lib/amd64/libnet.so
7f6395d90000-7f6395f8f000 ---p 00017000 fd:01 256437                     /usr/lib/jvm/java-8-openjdk-amd64/jre/lib/amd64/libnet.so
7f6395f8f000-7f6395f90000 r--p 00016000 fd:01 256437                     /usr/lib/jvm/java-8-openjdk-amd64/jre/lib/amd64/libnet.so
7f6395f90000-7f6395f91000 rw-p 00017000 fd:01 256437                     /usr/lib/jvm/java-8-openjdk-amd64/jre/lib/amd64/libnet.so
7f6395f92000-7f6396192000 rw-p 00000000 00:00 0 
7f6396192000-7f6396392000 rw-p 00000000 00:00 0 
7f6396392000-7f6396394000 r--s 00011000 fd:01 273491                     /home/ubuntu/.local/lib/python3.5/site-packages/pyspark/jars/spark-launcher_2.12-2.4.2.jar
7f639639a000-7f639639f000 r--s 00041000 fd:01 273490                     /home/ubuntu/.local/lib/python3.5/site-packages/pyspark/jars/parquet-hadoop-1.10.1.jar
7f63963a1000-7f63963a4000 r--s 00028000 fd:01 273489                     /home/ubuntu/.local/lib/python3.5/site-packages/pyspark/jars/stream-2.7.0.jar
7f63963a7000-7f63963aa000 r--s 00016000 fd:01 273488                     /home/ubuntu/.local/lib/python3.5/site-packages/pyspark/jars/jsp-api-2.1.jar
7f63963ad000-7f63963b3000 r--s 0002c000 fd:01 273487                     /home/ubuntu/.local/lib/python3.5/site-packages/pyspark/jars/jdo-api-3.0.1.jar
7f63963b8000-7f63963bd000 r--s 00027000 fd:01 273486                     /home/ubuntu/.local/lib/python3.5/site-packages/pyspark/jars/hk2-api-2.4.0-b34.jar
7f63963bd000-7f63963c0000 r--s 00014000 fd:01 273485                     /home/ubuntu/.local/lib/python3.5/site-packages/pyspark/jars/super-csv-2.2.0.jar
7f63963c7000-7f63963df000 r--s 000d6000 fd:01 273484                     /home/ubuntu/.local/lib/python3.5/site-packages/pyspark/jars/jersey-guava-2.22.2.jar
7f63963e2000-7f63963e4000 r--s 00009000 fd:01 273483                     /home/ubuntu/.local/lib/python3.5/site-packages/pyspark/jars/jackson-module-paranamer-2.7.9.jar
7f63963e5000-7f63963e6000 r--s 00004000 fd:01 273482                     /home/ubuntu/.local/lib/python3.5/site-packages/pyspark/jars/opencsv-2.3.jar
7f63963e9000-7f63963ef000 r--s 00028000 fd:01 273481                     /home/ubuntu/.local/lib/python3.5/site-packages/pyspark/jars/curator-framework-2.7.1.jar
7f63963f1000-7f63963f3000 r--s 00008000 fd:01 273480                     /home/ubuntu/.local/lib/python3.5/site-packages/pyspark/jars/metrics-jvm-3.1.5.jar
7f63963f8000-7f63963fa000 r--s 00017000 fd:01 273479                     /home/ubuntu/.local/lib/python3.5/site-packages/pyspark/jars/hive-jdbc-1.2.1.spark2.jar
7f63963fd000-7f6396416000 r--s 00164000 fd:01 273478                     /home/ubuntu/.local/lib/python3.5/site-packages/pyspark/jars/hadoop-mapreduce-client-core-2.7.3.jar
7f639641b000-7f6396458000 r--s 008fa000 fd:01 273477                     /home/ubuntu/.local/lib/python3.5/site-packages/pyspark/jars/spire_2.12-0.13.0.jar
7f639645b000-7f639645d000 r--s 00002000 fd:01 273476                     /home/ubuntu/.local/lib/python3.5/site-packages/pyspark/jars/aopalliance-repackaged-2.4.0-b34.jar
7f6396463000-7f6396464000 r--s 00002000 fd:01 273475                     /home/ubuntu/.local/lib/python3.5/site-packages/pyspark/jars/slf4j-log4j12-1.7.16.jar
7f6396465000-7f639647e000 r--s 000f4000 fd:01 273474                     /home/ubuntu/.local/lib/python3.5/site-packages/pyspark/jars/parquet-column-1.10.1.jar
7f6396481000-7f639649a000 r--s 00150000 fd:01 273473                     /home/ubuntu/.local/lib/python3.5/site-packages/pyspark/jars/htrace-core-3.1.0-incubating.jar
7f639649a000-7f63964a8000 r--s 000b1000 fd:01 273472                     /home/ubuntu/.local/lib/python3.5/site-packages/pyspark/jars/jackson-mapper-asl-1.9.13.jar
7f63964ac000-7f63964b4000 r--s 0003b000 fd:01 273471                     /home/ubuntu/.local/lib/python3.5/site-packages/pyspark/jars/curator-recipes-2.7.1.jar
7f63964bb000-7f63964d9000 r--s 0018a000 fd:01 273469                     /home/ubuntu/.local/lib/python3.5/site-packages/pyspark/jars/spark-hive-thriftserver_2.12-2.4.2.jar
7f63964df000-7f63964e2000 r--s 0001e000 fd:01 273468                     /home/ubuntu/.local/lib/python3.5/site-packages/pyspark/jars/aircompressor-0.10.jar
7f63964e6000-7f63964ea000 r--s 00035000 fd:01 273467                     /home/ubuntu/.local/lib/python3.5/site-packages/pyspark/jars/jackson-core-asl-1.9.13.jar
7f63964ee000-7f63964f0000 r--s 0001d000 fd:01 273466                     /home/ubuntu/.local/lib/python3.5/site-packages/pyspark/jars/breeze-macros_2.12-0.13.2.jar
7f63964f0000-7f63964f2000 r--s 0000f000 fd:01 273465                     /home/ubuntu/.local/lib/python3.5/site-packages/pyspark/jars/curator-client-2.7.1.jar
7f63964f7000-7f6396503000 r--s 000b6000 fd:01 273463                     /home/ubuntu/.local/lib/python3.5/site-packages/pyspark/jars/zookeeper-3.4.6.jar
7f6396505000-7f6396570000 r--s 00784000 fd:01 273458                     /home/ubuntu/.local/lib/python3.5/site-packages/pyspark/jars/hadoop-hdfs-2.7.3.jar
7f6396574000-7f6396588000 r--s 0016b000 fd:01 273454                     /home/ubuntu/.local/lib/python3.5/site-packages/pyspark/jars/orc-core-1.5.5-nohive.jar
7f639658d000-7f6396591000 r--s 00014000 fd:01 273453                     /home/ubuntu/.local/lib/python3.5/site-packages/pyspark/jars/parquet-common-1.10.1.jar
7f6396598000-7f639659c000 r--s 0002f000 fd:01 273452                     /home/ubuntu/.local/lib/python3.5/site-packages/pyspark/jars/commons-beanutils-core-1.8.0.jar
7f639659e000-7f63965a1000 r--s 0004d000 fd:01 273451                     /home/ubuntu/.local/lib/python3.5/site-packages/pyspark/jars/spark-yarn_2.12-2.4.2.jar
7f63965a1000-7f63965e2000 r--s 006c0000 fd:01 273450                     /home/ubuntu/.local/lib/python3.5/site-packages/pyspark/jars/mesos-1.4.0-shaded-protobuf.jar
7f63965e6000-7f63965f1000 r--s 000c5000 fd:01 273449                     /home/ubuntu/.local/lib/python3.5/site-packages/pyspark/jars/parquet-encoding-1.10.1.jar
7f63965f3000-7f63965f7000 r--s 0002a000 fd:01 273448                     /home/ubuntu/.local/lib/python3.5/site-packages/pyspark/jars/commons-io-2.4.jar
7f63965fd000-7f6396601000 r--s 0003c000 fd:01 273447                     /home/ubuntu/.local/lib/python3.5/site-packages/pyspark/jars/jackson-core-2.6.7.jar
7f6396605000-7f6396606000 r--s 00004000 fd:01 273470                     /home/ubuntu/.local/lib/python3.5/site-packages/pyspark/jars/eigenbase-properties-1.1.5.jar
7f6396609000-7f639660a000 r--s 00000000 fd:01 273464                     /home/ubuntu/.local/lib/python3.5/site-packages/pyspark/jars/shims-0.7.45.jar
7f639660e000-7f6396611000 r--s 000fd000 fd:01 273462                     /home/ubuntu/.local/lib/python3.5/site-packages/pyspark/jars/leveldbjni-all-1.8.jar
7f6396612000-7f6396616000 r--s 00051000 fd:01 273461                     /home/ubuntu/.local/lib/python3.5/site-packages/pyspark/jars/json4s-scalap_2.12-3.5.3.jar
7f639661b000-7f639661d000 r--s 00002000 fd:01 273460                     /home/ubuntu/.local/lib/python3.5/site-packages/pyspark/jars/logging-interceptor-3.12.0.jar
7f6396623000-7f6396627000 r--s 0001a000 fd:01 273459                     /home/ubuntu/.local/lib/python3.5/site-packages/pyspark/jars/hk2-utils-2.4.0-b34.jar
7f639662d000-7f6396638000 r--s 000bc000 fd:01 273457                     /home/ubuntu/.local/lib/python3.5/site-packages/pyspark/jars/orc-mapreduce-1.5.5-nohive.jar
7f6396639000-7f639663b000 r--s 00000000 fd:01 273456                     /home/ubuntu/.local/lib/python3.5/site-packages/pyspark/jars/jul-to-slf4j-1.7.16.jar
7f639663f000-7f6396640000 r--s 00006000 fd:01 273455                     /home/ubuntu/.local/lib/python3.5/site-packages/pyspark/jars/hadoop-client-2.7.3.jar
7f6396640000-7f63966e9000 r--s 00a4f000 fd:01 273446                     /home/ubuntu/.local/lib/python3.5/site-packages/pyspark/jars/hive-exec-1.2.1.spark2.jar
7f63966ed000-7f63966ef000 r--s 00004000 fd:01 273445                     /home/ubuntu/.local/lib/python3.5/site-packages/pyspark/jars/metrics-graphite-3.1.5.jar
7f63966f4000-7f639670a000 r--s 000d3000 fd:01 273444                     /home/ubuntu/.local/lib/python3.5/site-packages/pyspark/jars/jersey-server-2.22.2.jar
7f639670b000-7f639670f000 r--s 0001a000 fd:01 273443                     /home/ubuntu/.local/lib/python3.5/site-packages/pyspark/jars/metrics-core-3.1.5.jar
7f6396715000-7f6396795000 r--s 00c34000 fd:01 273442                     /home/ubuntu/.local/lib/python3.5/site-packages/pyspark/jars/breeze_2.12-0.13.2.jar
7f639679c000-7f639679d000 r--s 00003000 fd:01 273441                     /home/ubuntu/.local/lib/python3.5/site-packages/pyspark/jars/xmlenc-0.52.jar
7f63967a1000-7f63967a3000 r--s 00008000 fd:01 273440                     /home/ubuntu/.local/lib/python3.5/site-packages/pyspark/jars/commons-compiler-3.0.9.jar
7f63967a8000-7f63967b7000 r--s 0009f000 fd:01 273439                     /home/ubuntu/.local/lib/python3.5/site-packages/pyspark/jars/guice-3.0.jar
7f63967ba000-7f63967bc000 r--s 00009000 fd:01 273438                     /home/ubuntu/.local/lib/python3.5/site-packages/pyspark/jars/commons-cli-1.2.jar
7f63967c3000-7f63967ce000 r--s 00062000 fd:01 273437                     /home/ubuntu/.local/lib/python3.5/site-packages/pyspark/jars/calcite-linq4j-1.2.0-incubating.jar
7f63967d4000-7f63967dc000 r--s 0007b000 fd:01 273436                     /home/ubuntu/.local/lib/python3.5/site-packages/pyspark/jars/protobuf-java-2.5.0.jar
7f63967e3000-7f63967e8000 r--s 0002a000 fd:01 273435                     /home/ubuntu/.local/lib/python3.5/site-packages/pyspark/jars/gson-2.2.4.jar
7f63967e9000-7f6396821000 r--s 004d0000 fd:01 273434                     /home/ubuntu/.local/lib/python3.5/site-packages/pyspark/jars/scala-library-2.12.8.jar
7f6396828000-7f6396829000 r--s 00007000 fd:01 273433                     /home/ubuntu/.local/lib/python3.5/site-packages/pyspark/jars/jackson-module-jaxb-annotations-2.6.7.jar
7f639682f000-7f6396831000 r--s 0000e000 fd:01 273432                     /home/ubuntu/.local/lib/python3.5/site-packages/pyspark/jars/guice-servlet-3.0.jar
7f6396837000-7f639683b000 r--s 00036000 fd:01 273431                     /home/ubuntu/.local/lib/python3.5/site-packages/pyspark/jars/ST4-4.0.4.jar
7f639683e000-7f6396842000 r--s 00015000 fd:01 273430                     /home/ubuntu/.local/lib/python3.5/site-packages/pyspark/jars/xz-1.5.jar
7f6396845000-7f6396848000 r--s 00034000 fd:01 273429                     /home/ubuntu/.local/lib/python3.5/site-packages/pyspark/jars/scala-parser-combinators_2.12-1.1.0.jar
7f6396849000-7f639684b000 r--s 00020000 fd:01 273428                     /home/ubuntu/.local/lib/python3.5/site-packages/pyspark/jars/hive-beeline-1.2.1.spark2.jar
7f6396852000-7f6396853000 r--s 00001000 fd:01 273427                     /home/ubuntu/.local/lib/python3.5/site-packages/pyspark/jars/javax.inject-2.4.0-b34.jar
7f6396853000-7f6396854000 r--s 00002000 fd:01 273426                     /home/ubuntu/.local/lib/python3.5/site-packages/pyspark/jars/flatbuffers-1.2.0-3f79e055.jar
7f6396858000-7f639685a000 r--s 00027000 fd:01 273425                     /home/ubuntu/.local/lib/python3.5/site-packages/pyspark/jars/core-1.1.2.jar
7f639685e000-7f6396865000 r--s 0007d000 fd:01 273424                     /home/ubuntu/.local/lib/python3.5/site-packages/pyspark/jars/jetty-6.1.26.jar
7f639686c000-7f639686e000 r--s 00003000 fd:01 273423                     /home/ubuntu/.local/lib/python3.5/site-packages/pyspark/jars/jersey-container-servlet-2.22.2.jar
7f6396873000-7f63968b4000 r--s 0035a000 fd:01 273422                     /home/ubuntu/.local/lib/python3.5/site-packages/pyspark/jars/netty-all-4.1.17.Final.jar
7f63968b8000-7f63968bd000 r--s 00027000 fd:01 273421                     /home/ubuntu/.local/lib/python3.5/site-packages/pyspark/jars/automaton-1.11-8.jar
7f63968c4000-7f63968c6000 r--s 00003000 fd:01 273420                     /home/ubuntu/.local/lib/python3.5/site-packages/pyspark/jars/api-asn1-api-1.0.0-M20.jar
7f63968cc000-7f63968dc000 r--s 00133000 fd:01 273419                     /home/ubuntu/.local/lib/python3.5/site-packages/pyspark/jars/arrow-vector-0.10.0.jar
7f63968de000-7f63968e2000 r--s 00025000 fd:01 273418                     /home/ubuntu/.local/lib/python3.5/site-packages/pyspark/jars/antlr-runtime-3.4.jar
7f63968e8000-7f63968f1000 r--s 0006f000 fd:01 273417                     /home/ubuntu/.local/lib/python3.5/site-packages/pyspark/jars/log4j-1.2.17.jar
7f63968f7000-7f63968fa000 r--s 00006000 fd:01 273416                     /home/ubuntu/.local/lib/python3.5/site-packages/pyspark/jars/jsr305-1.3.9.jar
7f6396901000-7f6396904000 r--s 00058000 fd:01 273415                     /home/ubuntu/.local/lib/python3.5/site-packages/pyspark/jars/lz4-java-1.4.0.jar
7f6396905000-7f6396907000 r--s 00004000 fd:01 273414                     /home/ubuntu/.local/lib/python3.5/site-packages/pyspark/jars/stax-api-1.0-2.jar
7f6396907000-7f639690c000 r--s 0003e000 fd:01 273413                     /home/ubuntu/.local/lib/python3.5/site-packages/pyspark/jars/commons-net-3.1.jar
7f639690d000-7f6396911000 r--s 0004c000 fd:01 273412                     /home/ubuntu/.local/lib/python3.5/site-packages/pyspark/jars/RoaringBitmap-0.7.45.jar
7f6396917000-7f639691a000 r--s 0001e000 fd:01 273411                     /home/ubuntu/.local/lib/python3.5/site-packages/pyspark/jars/avro-ipc-1.8.2.jar
7f639691a000-7f639692b000 r--s 00089000 fd:01 273410                     /home/ubuntu/.local/lib/python3.5/site-packages/pyspark/jars/joda-time-2.9.3.jar
7f6396930000-7f6396983000 r--s 007ef000 fd:01 273409                     /home/ubuntu/.local/lib/python3.5/site-packages/pyspark/jars/spark-core_2.12-2.4.2.jar
7f6396989000-7f639698d000 r--s 00028000 fd:01 273408                     /home/ubuntu/.local/lib/python3.5/site-packages/pyspark/jars/jetty-util-6.1.26.jar
7f6396991000-7f6396993000 r--s 00010000 fd:01 273407                     /home/ubuntu/.local/lib/python3.5/site-packages/pyspark/jars/spire-macros_2.12-0.13.0.jar
7f6396995000-7f63969ab000 r--s 00124000 fd:01 273406                     /home/ubuntu/.local/lib/python3.5/site-packages/pyspark/jars/ivy-2.4.0.jar
7f63969ac000-7f63969ae000 r--s 00003000 fd:01 273405                     /home/ubuntu/.local/lib/python3.5/site-packages/pyspark/jars/jcl-over-slf4j-1.7.16.jar
7f63969b1000-7f63969bc000 r--s 000b0000 fd:01 273404                     /home/ubuntu/.local/lib/python3.5/site-packages/pyspark/jars/jtransforms-2.4.0.jar
7f63969bf000-7f63969c1000 r--s 0000e000 fd:01 273403                     /home/ubuntu/.local/lib/python3.5/site-packages/pyspark/jars/oro-2.0.8.jar
7f63969c4000-7f63969cc000 r--s 0005b000 fd:01 273402                     /home/ubuntu/.local/lib/python3.5/site-packages/pyspark/jars/univocity-parsers-2.7.3.jar
7f63969d0000-7f63969d2000 r--s 0000f000 fd:01 273401                     /home/ubuntu/.local/lib/python3.5/site-packages/pyspark/jars/activation-1.1.1.jar
7f63969d4000-7f63969da000 r--s 00043000 fd:01 273400                     /home/ubuntu/.local/lib/python3.5/site-packages/pyspark/jars/commons-configuration-1.6.jar
7f63969da000-7f63969df000 r--s 00041000 fd:01 273399                     /home/ubuntu/.local/lib/python3.5/site-packages/pyspark/jars/xbean-asm6-shaded-4.8.jar
7f63969e1000-7f63969e3000 r--s 00238000 fd:01 273398                     /home/ubuntu/.local/lib/python3.5/site-packages/pyspark/jars/zstd-jni-1.3.2-2.jar
7f63969ea000-7f63969eb000 r--s 00009000 fd:01 273397                     /home/ubuntu/.local/lib/python3.5/site-packages/pyspark/jars/slf4j-api-1.7.16.jar
7f63969f0000-7f63969fd000 r--s 000af000 fd:01 273396                     /home/ubuntu/.local/lib/python3.5/site-packages/pyspark/jars/httpclient-4.5.6.jar
7f63969fe000-7f6396a08000 r--s 000a5000 fd:01 273395                     /home/ubuntu/.local/lib/python3.5/site-packages/pyspark/jars/javassist-3.18.1-GA.jar
7f6396a09000-7f6396a0a000 r--s 00000000 fd:01 273394                     /home/ubuntu/.local/lib/python3.5/site-packages/pyspark/jars/kubernetes-model-common-4.1.2.jar
7f6396a0e000-7f6396a14000 r--s 00045000 fd:01 273393                     /home/ubuntu/.local/lib/python3.5/site-packages/pyspark/jars/commons-httpclient-3.1.jar
7f6396a18000-7f6396a2a000 r--s 00097000 fd:01 273392                     /home/ubuntu/.local/lib/python3.5/site-packages/pyspark/jars/apacheds-kerberos-codec-2.0.0-M15.jar
7f6396a2c000-7f6396a2e000 r--s 0000b000 fd:01 273391                     /home/ubuntu/.local/lib/python3.5/site-packages/pyspark/jars/spark-kvstore_2.12-2.4.2.jar
7f6396a2e000-7f6396a32000 r--s 00065000 fd:01 273390                     /home/ubuntu/.local/lib/python3.5/site-packages/pyspark/jars/spark-graphx_2.12-2.4.2.jar
7f6396a33000-7f6396a69000 r--s 004da000 fd:01 273389                     /home/ubuntu/.local/lib/python3.5/site-packages/pyspark/jars/spark-mllib_2.12-2.4.2.jar
7f6396a6a000-7f6396a71000 r--s 00049000 fd:01 273388                     /home/ubuntu/.local/lib/python3.5/site-packages/pyspark/jars/httpcore-4.4.10.jar
7f6396a73000-7f6396a85000 r--s 00112000 fd:01 273387                     /home/ubuntu/.local/lib/python3.5/site-packages/pyspark/jars/arpack_combined_all-0.1.jar
7f6396a85000-7f6396a8b000 r--s 00034000 fd:01 273386                     /home/ubuntu/.local/lib/python3.5/site-packages/pyspark/jars/libthrift-0.9.3.jar
7f6396a8d000-7f6396a91000 r--s 0000c000 fd:01 273385                     /home/ubuntu/.local/lib/python3.5/site-packages/pyspark/jars/validation-api-1.1.0.Final.jar
7f6396a91000-7f6396b6d000 r--s 00818000 fd:01 273384                     /home/ubuntu/.local/lib/python3.5/site-packages/pyspark/jars/kubernetes-model-4.1.2.jar
7f6396b6e000-7f6396b71000 r--s 0002d000 fd:01 273383                     /home/ubuntu/.local/lib/python3.5/site-packages/pyspark/jars/chill_2.12-0.9.3.jar
7f6396b77000-7f6396b78000 r--s 00006000 fd:01 273382                     /home/ubuntu/.local/lib/python3.5/site-packages/pyspark/jars/jackson-xc-1.9.13.jar
7f6396b7b000-7f6396b7d000 r--s 00012000 fd:01 273381                     /home/ubuntu/.local/lib/python3.5/site-packages/pyspark/jars/api-util-1.0.0-M20.jar
7f6396b7f000-7f6396ba8000 r--s 001ee000 fd:01 273380                     /home/ubuntu/.local/lib/python3.5/site-packages/pyspark/jars/guava-14.0.1.jar
7f6396bac000-7f6396bb0000 r--s 0004b000 fd:01 273379                     /home/ubuntu/.local/lib/python3.5/site-packages/pyspark/jars/spark-kubernetes_2.12-2.4.2.jar
7f6396bb1000-7f6396bdc000 r--s 00288000 fd:01 273378                     /home/ubuntu/.local/lib/python3.5/site-packages/pyspark/jars/shapeless_2.12-2.3.2.jar
7f6396bdf000-7f6396be7000 r--s 0006e000 fd:01 273377                     /home/ubuntu/.local/lib/python3.5/site-packages/pyspark/jars/commons-lang3-3.5.jar
7f6396bed000-7f6396bf1000 r--s 00044000 fd:01 273376                     /home/ubuntu/.local/lib/python3.5/site-packages/pyspark/jars/spark-mesos_2.12-2.4.2.jar
7f6396bf8000-7f6396c1b000 r--s 00357000 fd:01 273375                     /home/ubuntu/.local/lib/python3.5/site-packages/pyspark/jars/scala-reflect-2.12.8.jar
7f6396c22000-7f6396c25000 r--s 00009000 fd:01 273374                     /home/ubuntu/.local/lib/python3.5/site-packages/pyspark/jars/jackson-annotations-2.6.7.jar
7f6396c2c000-7f6396c3a000 r--s 000a3000 fd:01 273373                     /home/ubuntu/.local/lib/python3.5/site-packages/pyspark/jars/parquet-format-2.4.0.jar
7f6396c40000-7f6396c61000 r--s 00177000 fd:01 273372                     /home/ubuntu/.local/lib/python3.5/site-packages/pyspark/jars/hppc-0.7.2.jar
7f6396c65000-7f6396c76000 r--s 0010c000 fd:01 273371                     /home/ubuntu/.local/lib/python3.5/site-packages/pyspark/jars/jackson-databind-2.6.7.1.jar
7f6396c7c000-7f6396c7e000 r--s 00003000 fd:01 273370                     /home/ubuntu/.local/lib/python3.5/site-packages/pyspark/jars/JavaEWAH-0.3.2.jar
7f6396c81000-7f6396c82000 r--s 00000000 fd:01 273369                     /home/ubuntu/.local/lib/python3.5/site-packages/pyspark/jars/macro-compat_2.12-1.1.1.jar
7f6396c82000-7f6396c83000 r--s 00009000 fd:01 273368                     /home/ubuntu/.local/lib/python3.5/site-packages/pyspark/jars/hadoop-annotations-2.7.3.jar
7f6396c88000-7f6396cd7000 r--s 009b7000 fd:01 273367                     /home/ubuntu/.local/lib/python3.5/site-packages/pyspark/jars/scala-compiler-2.12.8.jar
7f6396cd7000-7f6396cd9000 r--s 00006000 fd:01 273366                     /home/ubuntu/.local/lib/python3.5/site-packages/pyspark/jars/spark-sketch_2.12-2.4.2.jar
7f6396ce0000-7f6396ce2000 r--s 00017000 fd:01 273365                     /home/ubuntu/.local/lib/python3.5/site-packages/pyspark/jars/spark-mllib-local_2.12-2.4.2.jar
7f6396ce6000-7f6396d15000 r--s 002e5000 fd:01 273364                     /home/ubuntu/.local/lib/python3.5/site-packages/pyspark/jars/derby-10.12.1.1.jar
7f6396d1c000-7f6396d1d000 r--s 00003000 fd:01 273363                     /home/ubuntu/.local/lib/python3.5/site-packages/pyspark/jars/jta-1.1.jar
7f6396d1e000-7f6396d26000 r--s 0005d000 fd:01 273362                     /home/ubuntu/.local/lib/python3.5/site-packages/pyspark/jars/kryo-shaded-4.0.2.jar
7f6396d2d000-7f6396d2e000 r--s 00004000 fd:01 273361                     /home/ubuntu/.local/lib/python3.5/site-packages/pyspark/jars/jackson-jaxrs-1.9.13.jar
7f6396d34000-7f6396d3e000 r--s 0007b000 fd:01 273360                     /home/ubuntu/.local/lib/python3.5/site-packages/pyspark/jars/hadoop-mapreduce-client-app-2.7.3.jar
7f6396d3e000-7f6396d4c000 r--s 0009d000 fd:01 273359                     /home/ubuntu/.local/lib/python3.5/site-packages/pyspark/jars/jersey-common-2.22.2.jar
7f6396d4c000-7f6396d4e000 r--s 0000b000 fd:01 273358                     /home/ubuntu/.local/lib/python3.5/site-packages/pyspark/jars/spark-repl_2.12-2.4.2.jar
7f6396d52000-7f6396d5a000 r--s 00059000 fd:01 273357                     /home/ubuntu/.local/lib/python3.5/site-packages/pyspark/jars/javolution-5.5.1.jar
7f6396d5b000-7f6396d5c000 r--s 00002000 fd:01 273356                     /home/ubuntu/.local/lib/python3.5/site-packages/pyspark/jars/jpam-1.1.jar
7f6396d5d000-7f6396d76000 r--s 0012c000 fd:01 273355                     /home/ubuntu/.local/lib/python3.5/site-packages/pyspark/jars/netty-3.9.9.Final.jar
7f6396d76000-7f6396d78000 r--s 00015000 fd:01 273354                     /home/ubuntu/.local/lib/python3.5/site-packages/pyspark/jars/hadoop-auth-2.7.3.jar
7f6396d7c000-7f6396d83000 r--s 00053000 fd:01 273353                     /home/ubuntu/.local/lib/python3.5/site-packages/pyspark/jars/commons-compress-1.8.1.jar
7f6396d84000-7f6396d8a000 r--s 00063000 fd:01 273352                     /home/ubuntu/.local/lib/python3.5/site-packages/pyspark/jars/jodd-core-3.5.2.jar
7f6396d8f000-7f6396df2000 r--s 004de000 fd:01 273351                     /home/ubuntu/.local/lib/python3.5/site-packages/pyspark/jars/hive-metastore-1.2.1.spark2.jar
7f6396df8000-7f6396e04000 r--s 0010f000 fd:01 273350                     /home/ubuntu/.local/lib/python3.5/site-packages/pyspark/jars/spark-streaming_2.12-2.4.2.jar
7f6396e09000-7f6396e0d000 r--s 00020000 fd:01 273349                     /home/ubuntu/.local/lib/python3.5/site-packages/pyspark/jars/commons-digester-1.8.jar
7f6396e14000-7f6396e17000 r--s 001eb000 fd:01 273348                     /home/ubuntu/.local/lib/python3.5/site-packages/pyspark/jars/snappy-java-1.1.7.3.jar
7f6396e1a000-7f6396e25000 r--s 000b9000 fd:01 273347                     /home/ubuntu/.local/lib/python3.5/site-packages/pyspark/jars/janino-3.0.9.jar
7f6396e27000-7f6396e2e000 r--s 00046000 fd:01 273346                     /home/ubuntu/.local/lib/python3.5/site-packages/pyspark/jars/libfb303-0.9.3.jar
7f6396e2e000-7f6396e31000 r--s 00015000 fd:01 273345                     /home/ubuntu/.local/lib/python3.5/site-packages/pyspark/jars/pyrolite-4.13.jar
7f6396e34000-7f6396e36000 r--s 0000b000 fd:01 273344                     /home/ubuntu/.local/lib/python3.5/site-packages/pyspark/jars/arrow-format-0.10.0.jar
7f6396e38000-7f6396e3a000 r--s 0001f000 fd:01 273343                     /home/ubuntu/.local/lib/python3.5/site-packages/pyspark/jars/commons-crypto-1.0.0.jar
7f6396e3c000-7f6396e3e000 r--s 00013000 fd:01 273342                     /home/ubuntu/.local/lib/python3.5/site-packages/pyspark/jars/json4s-ast_2.12-3.5.3.jar
7f6396e40000-7f6396e42000 r--s 00007000 fd:01 273341                     /home/ubuntu/.local/lib/python3.5/site-packages/pyspark/jars/paranamer-2.8.jar
7f6396e49000-7f6396e94000 r--s 00678000 fd:01 273340                     /home/ubuntu/.local/lib/python3.5/site-packages/pyspark/jars/spark-catalyst_2.12-2.4.2.jar
7f6396e96000-7f6396e98000 r--s 0000d000 fd:01 273339                     /home/ubuntu/.local/lib/python3.5/site-packages/pyspark/jars/chill-java-0.9.3.jar
7f6396e9b000-7f6396e9d000 r--s 00012000 fd:01 273338                     /home/ubuntu/.local/lib/python3.5/site-packages/pyspark/jars/compress-lzf-1.0.3.jar
7f6396e9d000-7f6396ebe000 r--s 0015c000 fd:01 273337                     /home/ubuntu/.local/lib/python3.5/site-packages/pyspark/jars/avro-1.8.2.jar
7f6396ec2000-7f6396ecf000 r--s 000b1000 fd:01 273336                     /home/ubuntu/.local/lib/python3.5/site-packages/pyspark/jars/hadoop-mapreduce-client-common-2.7.3.jar
7f6396ed6000-7f6396ed9000 r--s 00025000 fd:01 273335                     /home/ubuntu/.local/lib/python3.5/site-packages/pyspark/jars/commons-dbcp-1.4.jar
7f6396edd000-7f6396ee3000 r--s 0004c000 fd:01 273334                     /home/ubuntu/.local/lib/python3.5/site-packages/pyspark/jars/antlr4-runtime-4.7.jar
7f6396ee8000-7f6396eea000 r--s 00007000 fd:01 273333                     /home/ubuntu/.local/lib/python3.5/site-packages/pyspark/jars/machinist_2.12-0.6.1.jar
7f6396eea000-7f6396eee000 r--s 00019000 fd:01 273332                     /home/ubuntu/.local/lib/python3.5/site-packages/pyspark/jars/javax.ws.rs-api-2.0.1.jar
7f6396ef2000-7f6396ef5000 r--s 00019000 fd:01 273331                     /home/ubuntu/.local/lib/python3.5/site-packages/pyspark/jars/bonecp-0.8.0.RELEASE.jar
7f6396efb000-7f6396f29000 r--s 0021a000 fd:01 273330                     /home/ubuntu/.local/lib/python3.5/site-packages/pyspark/jars/spark-network-common_2.12-2.4.2.jar
7f6396f2d000-7f6396f41000 r--s 000ec000 fd:01 273329                     /home/ubuntu/.local/lib/python3.5/site-packages/pyspark/jars/parquet-jackson-1.10.1.jar
7f6396f44000-7f6396f45000 r--s 00003000 fd:01 273328                     /home/ubuntu/.local/lib/python3.5/site-packages/pyspark/jars/spark-tags_2.12-2.4.2.jar
7f6396f45000-7f6396f4b000 r--s 0005c000 fd:01 273327                     /home/ubuntu/.local/lib/python3.5/site-packages/pyspark/jars/okhttp-3.8.1.jar
7f6396f4f000-7f6396f57000 r--s 00066000 fd:01 273326                     /home/ubuntu/.local/lib/python3.5/site-packages/pyspark/jars/apache-log4j-extras-1.2.17.jar
7f6396f5a000-7f6396f5b000 r--s 00001000 fd:01 273325                     /home/ubuntu/.local/lib/python3.5/site-packages/pyspark/jars/minlog-1.3.0.jar
7f6396f5c000-7f6396f5d000 r--s 0000b000 fd:01 273324                     /home/ubuntu/.local/lib/python3.5/site-packages/pyspark/jars/snappy-0.2.jar
7f6396f5e000-7f6396f61000 r--s 00015000 fd:01 273323                     /home/ubuntu/.local/lib/python3.5/site-packages/pyspark/jars/commons-pool-1.5.4.jar
7f6396f63000-7f6396f69000 r--s 00072000 fd:01 273322                     /home/ubuntu/.local/lib/python3.5/site-packages/pyspark/jars/json4s-core_2.12-3.5.3.jar
7f6396f6a000-7f6396f6b000 r--s 00009000 fd:01 273321                     /home/ubuntu/.local/lib/python3.5/site-packages/pyspark/jars/json4s-jackson_2.12-3.5.3.jar
7f6396f71000-7f6396f78000 r--s 00058000 fd:01 273320                     /home/ubuntu/.local/lib/python3.5/site-packages/pyspark/jars/hadoop-yarn-server-common-2.7.3.jar
7f6396f7d000-7f6396f7e000 r--s 00004000 fd:01 273319                     /home/ubuntu/.local/lib/python3.5/site-packages/pyspark/jars/osgi-resource-locator-1.0.1.jar
7f6396f81000-7f6396f83000 r--s 00010000 fd:01 273318                     /home/ubuntu/.local/lib/python3.5/site-packages/pyspark/jars/jersey-media-jaxb-2.22.2.jar
7f6396f83000-7f6396f86000 r--s 00022000 fd:01 273317                     /home/ubuntu/.local/lib/python3.5/site-packages/pyspark/jars/stringtemplate-3.2.1.jar
7f6396f8c000-7f6396f8d000 r--s 00003000 fd:01 273316                     /home/ubuntu/.local/lib/python3.5/site-packages/pyspark/jars/metrics-json-3.1.5.jar
7f6396f8f000-7f6396f93000 r--s 0003e000 fd:01 273315                     /home/ubuntu/.local/lib/python3.5/site-packages/pyspark/jars/jline-2.14.6.jar
7f6396f93000-7f6396f95000 r--s 00012000 fd:01 273314                     /home/ubuntu/.local/lib/python3.5/site-packages/pyspark/jars/arrow-memory-0.10.0.jar
7f6396f96000-7f6396f98000 r--s 00005000 fd:01 273313                     /home/ubuntu/.local/lib/python3.5/site-packages/pyspark/jars/stax-api-1.0.1.jar
7f6396f9a000-7f6396f9f000 r--s 00081000 fd:01 273312                     /home/ubuntu/.local/lib/python3.5/site-packages/pyspark/jars/scala-xml_2.12-1.0.5.jar
7f6396fa0000-7f6396fa3000 r--s 0000f000 fd:01 273311                     /home/ubuntu/.local/lib/python3.5/site-packages/pyspark/jars/spark-network-shuffle_2.12-2.4.2.jar
7f6396fa7000-7f6396fa8000 r--s 00006000 fd:01 273310                     /home/ubuntu/.local/lib/python3.5/site-packages/pyspark/jars/orc-shims-1.5.5.jar
7f6396faa000-7f6396faf000 r--s 00041000 fd:01 273309                     /home/ubuntu/.local/lib/python3.5/site-packages/pyspark/jars/commons-lang-2.6.jar
7f6396fb6000-7f6396fd3000 r--s 001d5000 fd:01 273308                     /home/ubuntu/.local/lib/python3.5/site-packages/pyspark/jars/hadoop-yarn-api-2.7.3.jar
7f6396fd7000-7f6396fda000 r--s 0000e000 fd:01 273307                     /home/ubuntu/.local/lib/python3.5/site-packages/pyspark/jars/jersey-container-servlet-core-2.22.2.jar
7f6396fde000-7f6396ff6000 r--s 00115000 fd:01 273306                     /home/ubuntu/.local/lib/python3.5/site-packages/pyspark/jars/xercesImpl-2.9.1.jar
7f6396ffb000-7f6397006000 r--s 0007a000 fd:01 273305                     /home/ubuntu/.local/lib/python3.5/site-packages/pyspark/jars/kubernetes-client-4.1.2.jar
7f6397009000-7f639700f000 r--s 00050000 fd:01 273304                     /home/ubuntu/.local/lib/python3.5/site-packages/pyspark/jars/jackson-module-scala_2.12-2.6.7.1.jar
7f6397016000-7f639701b000 r--s 0009d000 fd:01 273303                     /home/ubuntu/.local/lib/python3.5/site-packages/pyspark/jars/spark-hive_2.12-2.4.2.jar
7f639701c000-7f639701f000 r--s 0000b000 fd:01 273302                     /home/ubuntu/.local/lib/python3.5/site-packages/pyspark/jars/objenesis-2.5.1.jar
7f6397025000-7f6397027000 r--s 0001c000 fd:01 273301                     /home/ubuntu/.local/lib/python3.5/site-packages/pyspark/jars/py4j-0.10.7.jar
7f639702c000-7f6397043000 r--s 00183000 fd:01 273300                     /home/ubuntu/.local/lib/python3.5/site-packages/pyspark/jars/hadoop-yarn-common-2.7.3.jar
7f639704a000-7f639704e000 r--s 00029000 fd:01 273299                     /home/ubuntu/.local/lib/python3.5/site-packages/pyspark/jars/hk2-locator-2.4.0-b34.jar
7f6397050000-7f6397084000 r--s 00277000 fd:01 273298                     /home/ubuntu/.local/lib/python3.5/site-packages/pyspark/jars/parquet-hadoop-bundle-1.6.0.jar
7f6397084000-7f6397085000 r--s 00013000 fd:01 273297                     /home/ubuntu/.local/lib/python3.5/site-packages/pyspark/jars/okio-1.13.0.jar
7f6397087000-7f6397090000 r--s 00046000 fd:01 273296                     /home/ubuntu/.local/lib/python3.5/site-packages/pyspark/jars/jackson-dataformat-yaml-2.6.7.jar
7f6397095000-7f639709b000 r--s 0003c000 fd:01 273295                     /home/ubuntu/.local/lib/python3.5/site-packages/pyspark/jars/snakeyaml-1.15.jar
7f639709f000-7f63970b7000 r--s 001b6000 fd:01 273294                     /home/ubuntu/.local/lib/python3.5/site-packages/pyspark/jars/datanucleus-core-3.2.10.jar
7f63970bd000-7f63970f3000 r--s 0031c000 fd:01 273293                     /home/ubuntu/.local/lib/python3.5/site-packages/pyspark/jars/hadoop-common-2.7.3.jar
7f63970f4000-7f63970f6000 r--s 0000b000 fd:01 273292                     /home/ubuntu/.local/lib/python3.5/site-packages/pyspark/jars/spark-unsafe_2.12-2.4.2.jar
7f63970fc000-7f6397109000 r--s 00083000 fd:01 273291                     /home/ubuntu/.local/lib/python3.5/site-packages/pyspark/jars/commons-collections-3.2.2.jar
7f639710e000-7f6397111000 r--s 00015000 fd:01 273290                     /home/ubuntu/.local/lib/python3.5/site-packages/pyspark/jars/javax.servlet-api-3.1.0.jar
7f6397115000-7f639714a000 r--s 0054c000 fd:01 273289                     /home/ubuntu/.local/lib/python3.5/site-packages/pyspark/jars/spark-sql_2.12-2.4.2.jar
7f639714f000-7f6397151000 r--s 0000e000 fd:01 273288                     /home/ubuntu/.local/lib/python3.5/site-packages/pyspark/jars/commons-logging-1.1.3.jar
7f6397151000-7f6397156000 r--s 00068000 fd:01 273287                     /home/ubuntu/.local/lib/python3.5/site-packages/pyspark/jars/antlr-2.7.7.jar
7f6397159000-7f639715b000 r--s 00000000 fd:01 273286                     /home/ubuntu/.local/lib/python3.5/site-packages/pyspark/jars/aopalliance-1.0.jar
7f639715b000-7f6397160000 r--s 0002a000 fd:01 273285                     /home/ubuntu/.local/lib/python3.5/site-packages/pyspark/jars/commons-beanutils-1.7.0.jar
7f6397161000-7f6397162000 r--s 00000000 fd:01 273284                     /home/ubuntu/.local/lib/python3.5/site-packages/pyspark/jars/javax.inject-1.jar
7f6397168000-7f639716f000 r--s 0003f000 fd:01 273283                     /home/ubuntu/.local/lib/python3.5/site-packages/pyspark/jars/commons-codec-1.10.jar
7f6397173000-7f6397174000 r--s 0000a000 fd:01 273282                     /home/ubuntu/.local/lib/python3.5/site-packages/pyspark/jars/apacheds-i18n-2.0.0-M15.jar
7f6397176000-7f6397178000 r--s 00005000 fd:01 273281                     /home/ubuntu/.local/lib/python3.5/site-packages/pyspark/jars/javax.annotation-api-1.2.jar
7f639717e000-7f63971b5000 r--s 00325000 fd:01 273280                     /home/ubuntu/.local/lib/python3.5/site-packages/pyspark/jars/calcite-core-1.2.0-incubating.jar
7f63971b6000-7f63971b8000 r--s 0000d000 fd:01 273279                     /home/ubuntu/.local/lib/python3.5/site-packages/pyspark/jars/hadoop-yarn-server-web-proxy-2.7.3.jar
7f63971bf000-7f63971c1000 r--s 0000e000 fd:01 273278                     /home/ubuntu/.local/lib/python3.5/site-packages/pyspark/jars/hadoop-mapreduce-client-jobclient-2.7.3.jar
7f63971c2000-7f63971c4000 r--s 00001000 fd:01 273277                     /home/ubuntu/.local/lib/python3.5/site-packages/pyspark/jars/spark-tags_2.12-2.4.2-tests.jar
7f63971c8000-7f63971ca000 r--s 00007000 fd:01 273276                     /home/ubuntu/.local/lib/python3.5/site-packages/pyspark/jars/zjsonpatch-0.3.0.jar
7f63971d0000-7f63971d3000 r--s 00017000 fd:01 273275                     /home/ubuntu/.local/lib/python3.5/site-packages/pyspark/jars/jaxb-api-2.2.2.jar
7f63971d7000-7f63971da000 r--s 00026000 fd:01 273274                     /home/ubuntu/.local/lib/python3.5/site-packages/pyspark/jars/hadoop-yarn-client-2.7.3.jar
7f63971da000-7f63971e1000 r--s 00039000 fd:01 273273                     /home/ubuntu/.local/lib/python3.5/site-packages/pyspark/jars/calcite-avatica-1.2.0-incubating.jar
7f63971e4000-7f63971e5000 r--s 00003000 fd:01 273272                     /home/ubuntu/.local/lib/python3.5/site-packages/pyspark/jars/generex-1.0.1.jar
7f63971e6000-7f63971ea000 r--s 00025000 fd:01 273271                     /home/ubuntu/.local/lib/python3.5/site-packages/pyspark/jars/jersey-client-2.22.2.jar
7f63971ed000-7f6397203000 r--s 001a4000 fd:01 273270                     /home/ubuntu/.local/lib/python3.5/site-packages/pyspark/jars/datanucleus-rdbms-3.2.9.jar
7f6397207000-7f639720c000 r--s 0004e000 fd:01 273269                     /home/ubuntu/.local/lib/python3.5/site-packages/pyspark/jars/datanucleus-api-jdo-3.2.6.jar
7f6397213000-7f6397217000 r--s 0002a000 fd:01 273268                     /home/ubuntu/.local/lib/python3.5/site-packages/pyspark/jars/avro-mapred-1.8.2-hadoop2.jar
7f639721a000-7f639721b000 r--s 00009000 fd:01 273267                     /home/ubuntu/.local/lib/python3.5/site-packages/pyspark/jars/hive-cli-1.2.1.spark2.jar
7f6397221000-7f6397223000 r--s 00010000 fd:01 273266                     /home/ubuntu/.local/lib/python3.5/site-packages/pyspark/jars/hadoop-mapreduce-client-shuffle-2.7.3.jar
7f6397226000-7f639724a000 r--s 001cd000 fd:01 273265                     /home/ubuntu/.local/lib/python3.5/site-packages/pyspark/jars/commons-math3-3.4.1.jar
7f639724a000-7f639724c000 r--s 00001000 fd:01 256413                     /usr/lib/jvm/java-8-openjdk-amd64/jre/lib/ext/dnsns.jar
7f639724c000-7f6397252000 r--s 0003b000 fd:01 256416                     /usr/lib/jvm/java-8-openjdk-amd64/jre/lib/ext/sunjce_provider.jar
7f6397259000-7f639725b000 r--s 00008000 fd:01 256411                     /usr/lib/jvm/java-8-openjdk-amd64/jre/lib/ext/sunec.jar
7f6397260000-7f6397263000 r--s 0000f000 fd:01 256417                     /usr/lib/jvm/java-8-openjdk-amd64/jre/lib/ext/icedtea-sound.jar
7f6397265000-7f6397280000 r--s 00394000 fd:01 256415                     /usr/lib/jvm/java-8-openjdk-amd64/jre/lib/ext/cldrdata.jar
7f6397287000-7f63972a2000 r--s 001d6000 fd:01 256409                     /usr/lib/jvm/java-8-openjdk-amd64/jre/lib/ext/nashorn.jar
7f63972a4000-7f63972a5000 ---p 00000000 00:00 0 
7f63972a5000-7f63973a5000 rw-p 00000000 00:00 0 
7f63973a5000-7f63973a8000 ---p 00000000 00:00 0 
7f63973a8000-7f63974a6000 rw-p 00000000 00:00 0 
7f63974a6000-7f63974a9000 ---p 00000000 00:00 0 
7f63974a9000-7f63975a7000 rw-p 00000000 00:00 0 
7f63975a7000-7f63975aa000 ---p 00000000 00:00 0 
7f63975aa000-7f63976a8000 rw-p 00000000 00:00 0 
7f63976a8000-7f63976ab000 ---p 00000000 00:00 0 
7f63976ab000-7f63977a9000 rw-p 00000000 00:00 0 
7f63977a9000-7f6397941000 r--p 00000000 fd:01 2482                       /usr/lib/locale/locale-archive
7f6397941000-7f6397944000 ---p 00000000 00:00 0 
7f6397944000-7f6397a42000 rw-p 00000000 00:00 0 
7f6397a42000-7f6397a45000 ---p 00000000 00:00 0 
7f6397a45000-7f6397b43000 rw-p 00000000 00:00 0 
7f6397b43000-7f6397b44000 ---p 00000000 00:00 0 
7f6397b44000-7f6397c44000 rw-p 00000000 00:00 0 
7f6397c44000-7f6397e13000 r--s 03c33000 fd:01 256429                     /usr/lib/jvm/java-8-openjdk-amd64/jre/lib/rt.jar
7f6397e18000-7f6398618000 rw-p 00000000 00:00 0 
7f6398618000-7f639868a000 rw-p 00000000 00:00 0 
7f639868a000-7f63986c2000 ---p 00000000 00:00 0 
7f63986c2000-7f63987c9000 rw-p 00000000 00:00 0 
7f63987c9000-7f6398818000 ---p 00000000 00:00 0 
7f6398818000-7f639885f000 rw-p 00000000 00:00 0 
7f639885f000-7f6398bd9000 ---p 00000000 00:00 0 
7f6398bd9000-7f6399d39000 rwxp 00000000 00:00 0 
7f6399d39000-7f63a7bd9000 ---p 00000000 00:00 0 
7f63a7bd9000-7f63a7be1000 r-xp 00000000 fd:01 256447                     /usr/lib/jvm/java-8-openjdk-amd64/jre/lib/amd64/libzip.so
7f63a7be1000-7f63a7de0000 ---p 00008000 fd:01 256447                     /usr/lib/jvm/java-8-openjdk-amd64/jre/lib/amd64/libzip.so
7f63a7de0000-7f63a7de1000 r--p 00007000 fd:01 256447                     /usr/lib/jvm/java-8-openjdk-amd64/jre/lib/amd64/libzip.so
7f63a7de1000-7f63a7de2000 rw-p 00008000 fd:01 256447                     /usr/lib/jvm/java-8-openjdk-amd64/jre/lib/amd64/libzip.so
7f63a7de9000-7f63a7df4000 r-xp 00000000 fd:01 2079                       /lib/x86_64-linux-gnu/libnss_files-2.23.so
7f63a7df4000-7f63a7ff3000 ---p 0000b000 fd:01 2079                       /lib/x86_64-linux-gnu/libnss_files-2.23.so
7f63a7ff3000-7f63a7ff4000 r--p 0000a000 fd:01 2079                       /lib/x86_64-linux-gnu/libnss_files-2.23.so
7f63a7ff4000-7f63a7ff5000 rw-p 0000b000 fd:01 2079                       /lib/x86_64-linux-gnu/libnss_files-2.23.so
7f63a7ff5000-7f63a7ffb000 rw-p 00000000 00:00 0 
7f63a8000000-7f63aab72000 rw-p 00000000 00:00 0 
7f63aab72000-7f63ac000000 ---p 00000000 00:00 0 
7f63ac005000-7f63ac181000 rw-p 00000000 00:00 0 
7f63ac181000-7f63ac1d1000 ---p 00000000 00:00 0 
7f63ac1d1000-7f63ac1dc000 r-xp 00000000 fd:01 2071                       /lib/x86_64-linux-gnu/libnss_nis-2.23.so
7f63ac1dc000-7f63ac3db000 ---p 0000b000 fd:01 2071                       /lib/x86_64-linux-gnu/libnss_nis-2.23.so
7f63ac3db000-7f63ac3dc000 r--p 0000a000 fd:01 2071                       /lib/x86_64-linux-gnu/libnss_nis-2.23.so
7f63ac3dc000-7f63ac3dd000 rw-p 0000b000 fd:01 2071                       /lib/x86_64-linux-gnu/libnss_nis-2.23.so
7f63ac3e1000-7f63ac3f7000 r-xp 00000000 fd:01 2076                       /lib/x86_64-linux-gnu/libnsl-2.23.so
7f63ac3f7000-7f63ac5f6000 ---p 00016000 fd:01 2076                       /lib/x86_64-linux-gnu/libnsl-2.23.so
7f63ac5f6000-7f63ac5f7000 r--p 00015000 fd:01 2076                       /lib/x86_64-linux-gnu/libnsl-2.23.so
7f63ac5f7000-7f63ac5f8000 rw-p 00016000 fd:01 2076                       /lib/x86_64-linux-gnu/libnsl-2.23.so
7f63ac5f8000-7f63ac5fa000 rw-p 00000000 00:00 0 
7f63ac601000-7f63ac609000 r-xp 00000000 fd:01 2083                       /lib/x86_64-linux-gnu/libnss_compat-2.23.so
7f63ac609000-7f63ac808000 ---p 00008000 fd:01 2083                       /lib/x86_64-linux-gnu/libnss_compat-2.23.so
7f63ac808000-7f63ac809000 r--p 00007000 fd:01 2083                       /lib/x86_64-linux-gnu/libnss_compat-2.23.so
7f63ac809000-7f63ac80a000 rw-p 00008000 fd:01 2083                       /lib/x86_64-linux-gnu/libnss_compat-2.23.so
7f63ac811000-7f63ac83e000 r-xp 00000000 fd:01 256451                     /usr/lib/jvm/java-8-openjdk-amd64/jre/lib/amd64/libjava.so
7f63ac83e000-7f63aca3d000 ---p 0002d000 fd:01 256451                     /usr/lib/jvm/java-8-openjdk-amd64/jre/lib/amd64/libjava.so
7f63aca3d000-7f63aca3e000 r--p 0002c000 fd:01 256451                     /usr/lib/jvm/java-8-openjdk-amd64/jre/lib/amd64/libjava.so
7f63aca3e000-7f63aca40000 rw-p 0002d000 fd:01 256451                     /usr/lib/jvm/java-8-openjdk-amd64/jre/lib/amd64/libjava.so
7f63aca41000-7f63aca50000 r-xp 00000000 fd:01 256456                     /usr/lib/jvm/java-8-openjdk-amd64/jre/lib/amd64/libverify.so
7f63aca50000-7f63acc4f000 ---p 0000f000 fd:01 256456                     /usr/lib/jvm/java-8-openjdk-amd64/jre/lib/amd64/libverify.so
7f63acc4f000-7f63acc51000 r--p 0000e000 fd:01 256456                     /usr/lib/jvm/java-8-openjdk-amd64/jre/lib/amd64/libverify.so
7f63acc51000-7f63acc52000 rw-p 00010000 fd:01 256456                     /usr/lib/jvm/java-8-openjdk-amd64/jre/lib/amd64/libverify.so
7f63acc59000-7f63acc60000 r-xp 00000000 fd:01 2062                       /lib/x86_64-linux-gnu/librt-2.23.so
7f63acc60000-7f63ace5f000 ---p 00007000 fd:01 2062                       /lib/x86_64-linux-gnu/librt-2.23.so
7f63ace5f000-7f63ace60000 r--p 00006000 fd:01 2062                       /lib/x86_64-linux-gnu/librt-2.23.so
7f63ace60000-7f63ace61000 rw-p 00007000 fd:01 2062                       /lib/x86_64-linux-gnu/librt-2.23.so
7f63ace61000-7f63ace77000 r-xp 00000000 fd:01 1990                       /lib/x86_64-linux-gnu/libgcc_s.so.1
7f63ace77000-7f63ad076000 ---p 00016000 fd:01 1990                       /lib/x86_64-linux-gnu/libgcc_s.so.1
7f63ad076000-7f63ad077000 rw-p 00015000 fd:01 1990                       /lib/x86_64-linux-gnu/libgcc_s.so.1
7f63ad079000-7f63ad181000 r-xp 00000000 fd:01 2085                       /lib/x86_64-linux-gnu/libm-2.23.so
7f63ad181000-7f63ad380000 ---p 00108000 fd:01 2085                       /lib/x86_64-linux-gnu/libm-2.23.so
7f63ad380000-7f63ad381000 r--p 00107000 fd:01 2085                       /lib/x86_64-linux-gnu/libm-2.23.so
7f63ad381000-7f63ad382000 rw-p 00108000 fd:01 2085                       /lib/x86_64-linux-gnu/libm-2.23.so
7f63ad389000-7f63ad4fb000 r-xp 00000000 fd:01 25942                      /usr/lib/x86_64-linux-gnu/libstdc++.so.6.0.21
7f63ad4fb000-7f63ad6fb000 ---p 00172000 fd:01 25942                      /usr/lib/x86_64-linux-gnu/libstdc++.so.6.0.21
7f63ad6fb000-7f63ad705000 r--p 00172000 fd:01 25942                      /usr/lib/x86_64-linux-gnu/libstdc++.so.6.0.21
7f63ad705000-7f63ad707000 rw-p 0017c000 fd:01 25942                      /usr/lib/x86_64-linux-gnu/libstdc++.so.6.0.21
7f63ad707000-7f63ad70b000 rw-p 00000000 00:00 0 
7f63ad711000-7f63ae372000 r-xp 00000000 fd:01 256462                     /usr/lib/jvm/java-8-openjdk-amd64/jre/lib/amd64/server/libjvm.so
7f63ae372000-7f63ae572000 ---p 00c61000 fd:01 256462                     /usr/lib/jvm/java-8-openjdk-amd64/jre/lib/amd64/server/libjvm.so
7f63ae572000-7f63ae606000 r--p 00c61000 fd:01 256462                     /usr/lib/jvm/java-8-openjdk-amd64/jre/lib/amd64/server/libjvm.so
7f63ae606000-7f63ae62f000 rw-p 00cf5000 fd:01 256462                     /usr/lib/jvm/java-8-openjdk-amd64/jre/lib/amd64/server/libjvm.so
7f63ae62f000-7f63ae65f000 rw-p 00000000 00:00 0 
7f63ae661000-7f63ae679000 r-xp 00000000 fd:01 2068                       /lib/x86_64-linux-gnu/libpthread-2.23.so
7f63ae679000-7f63ae878000 ---p 00018000 fd:01 2068                       /lib/x86_64-linux-gnu/libpthread-2.23.so
7f63ae878000-7f63ae879000 r--p 00017000 fd:01 2068                       /lib/x86_64-linux-gnu/libpthread-2.23.so
7f63ae879000-7f63ae87a000 rw-p 00018000 fd:01 2068                       /lib/x86_64-linux-gnu/libpthread-2.23.so
7f63ae87a000-7f63ae87e000 rw-p 00000000 00:00 0 
7f63ae881000-7f63ae884000 r-xp 00000000 fd:01 2064                       /lib/x86_64-linux-gnu/libdl-2.23.so
7f63ae884000-7f63aea83000 ---p 00003000 fd:01 2064                       /lib/x86_64-linux-gnu/libdl-2.23.so
7f63aea83000-7f63aea84000 r--p 00002000 fd:01 2064                       /lib/x86_64-linux-gnu/libdl-2.23.so
7f63aea84000-7f63aea85000 rw-p 00003000 fd:01 2064                       /lib/x86_64-linux-gnu/libdl-2.23.so
7f63aea89000-7f63aeaa2000 r-xp 00000000 fd:01 2151                       /lib/x86_64-linux-gnu/libz.so.1.2.8
7f63aeaa2000-7f63aeca1000 ---p 00019000 fd:01 2151                       /lib/x86_64-linux-gnu/libz.so.1.2.8
7f63aeca1000-7f63aeca2000 r--p 00018000 fd:01 2151                       /lib/x86_64-linux-gnu/libz.so.1.2.8
7f63aeca2000-7f63aeca3000 rw-p 00019000 fd:01 2151                       /lib/x86_64-linux-gnu/libz.so.1.2.8
7f63aeca9000-7f63aee69000 r-xp 00000000 fd:01 2082                       /lib/x86_64-linux-gnu/libc-2.23.so
7f63aee69000-7f63af069000 ---p 001c0000 fd:01 2082                       /lib/x86_64-linux-gnu/libc-2.23.so
7f63af069000-7f63af06d000 r--p 001c0000 fd:01 2082                       /lib/x86_64-linux-gnu/libc-2.23.so
7f63af06d000-7f63af06f000 rw-p 001c4000 fd:01 2082                       /lib/x86_64-linux-gnu/libc-2.23.so
7f63af06f000-7f63af073000 rw-p 00000000 00:00 0 
7f63af079000-7f63af086000 r-xp 00000000 fd:01 256453                     /usr/lib/jvm/java-8-openjdk-amd64/jre/lib/amd64/jli/libjli.so
7f63af086000-7f63af286000 ---p 0000d000 fd:01 256453                     /usr/lib/jvm/java-8-openjdk-amd64/jre/lib/amd64/jli/libjli.so
7f63af286000-7f63af287000 r--p 0000d000 fd:01 256453                     /usr/lib/jvm/java-8-openjdk-amd64/jre/lib/amd64/jli/libjli.so
7f63af287000-7f63af288000 rw-p 0000e000 fd:01 256453                     /usr/lib/jvm/java-8-openjdk-amd64/jre/lib/amd64/jli/libjli.so
7f63af289000-7f63af2af000 r-xp 00000000 fd:01 2065                       /lib/x86_64-linux-gnu/ld-2.23.so
7f63af2b3000-7f63af2b4000 r--s 0000a000 fd:01 256414                     /usr/lib/jvm/java-8-openjdk-amd64/jre/lib/ext/jaccess.jar
7f63af2b9000-7f63af2ba000 r--s 00010000 fd:01 256412                     /usr/lib/jvm/java-8-openjdk-amd64/jre/lib/ext/zipfs.jar
7f63af2bf000-7f63af2c9000 r--s 00116000 fd:01 256418                     /usr/lib/jvm/java-8-openjdk-amd64/jre/lib/ext/localedata.jar
7f63af2c9000-7f63af2cc000 r--s 00038000 fd:01 256410                     /usr/lib/jvm/java-8-openjdk-amd64/jre/lib/ext/sunpkcs11.jar
7f63af2d0000-7f63af3a1000 rw-p 00000000 00:00 0 
7f63af3a1000-7f63af3a9000 rw-s 00000000 fd:01 2304954                    /tmp/hsperfdata_ubuntu/13921
7f63af3a9000-7f63af3aa000 rw-p 00000000 00:00 0 
7f63af3aa000-7f63af3ab000 ---p 00000000 00:00 0 
7f63af3ab000-7f63af3ae000 ---p 00000000 00:00 0 
7f63af3ae000-7f63af4ae000 rw-p 00000000 00:00 0 
7f63af4ae000-7f63af4af000 r--p 00025000 fd:01 2065                       /lib/x86_64-linux-gnu/ld-2.23.so
7f63af4af000-7f63af4b0000 rw-p 00026000 fd:01 2065                       /lib/x86_64-linux-gnu/ld-2.23.so
7f63af4b0000-7f63af4b2000 rw-p 00000000 00:00 0 
7f63af4b2000-7f63af4b4000 rw-p 00000000 00:00 0 
7fff86fa7000-7fff86fc8000 rw-p 00000000 00:00 0                          [stack]
7fff86fe1000-7fff86fe4000 r--p 00000000 00:00 0                          [vvar]
7fff86fe4000-7fff86fe6000 r-xp 00000000 00:00 0                          [vdso]
ffffffffff600000-ffffffffff601000 r-xp 00000000 00:00 0                  [vsyscall]

VM Arguments:
jvm_args: -Xmx1g 
java_command: org.apache.spark.deploy.SparkSubmit --conf spark.master=local[1] --conf spark.executor.cores=4 --conf spark.app.name=Part-B-Hamza_Imran_Saeed --conf spark.shuffle.service.enabled=True --conf spark.dynamicAllocation.executorIdleTimeout=30s --conf spark.dynamicAllocation.enabled=True pyspark-shell
java_class_path (initial): /home/ubuntu/.local/lib/python3.5/site-packages/pyspark/conf:/home/ubuntu/.local/lib/python3.5/site-packages/pyspark/jars/commons-math3-3.4.1.jar:/home/ubuntu/.local/lib/python3.5/site-packages/pyspark/jars/hadoop-mapreduce-client-shuffle-2.7.3.jar:/home/ubuntu/.local/lib/python3.5/site-packages/pyspark/jars/hive-cli-1.2.1.spark2.jar:/home/ubuntu/.local/lib/python3.5/site-packages/pyspark/jars/avro-mapred-1.8.2-hadoop2.jar:/home/ubuntu/.local/lib/python3.5/site-packages/pyspark/jars/datanucleus-api-jdo-3.2.6.jar:/home/ubuntu/.local/lib/python3.5/site-packages/pyspark/jars/datanucleus-rdbms-3.2.9.jar:/home/ubuntu/.local/lib/python3.5/site-packages/pyspark/jars/jersey-client-2.22.2.jar:/home/ubuntu/.local/lib/python3.5/site-packages/pyspark/jars/generex-1.0.1.jar:/home/ubuntu/.local/lib/python3.5/site-packages/pyspark/jars/calcite-avatica-1.2.0-incubating.jar:/home/ubuntu/.local/lib/python3.5/site-packages/pyspark/jars/hadoop-yarn-client-2.7.3.jar:/home/ubuntu/.local/lib/python3.5/site-packages/pyspark/jars/jaxb-api-2.2.2.jar:/home/ubuntu/.local/lib/python3.5/site-packages/pyspark/jars/zjsonpatch-0.3.0.jar:/home/ubuntu/.local/lib/python3.5/site-packages/pyspark/jars/spark-tags_2.12-2.4.2-tests.jar:/home/ubuntu/.local/lib/python3.5/site-packages/pyspark/jars/hadoop-mapreduce-client-jobclient-2.7.3.jar:/home/ubuntu/.local/lib/python3.5/site-packages/pyspark/jars/hadoop-yarn-server-web-proxy-2.7.3.jar:/home/ubuntu/.local/lib/python3.5/site-packages/pyspark/jars/calcite-core-1.2.0-incubating.jar:/home/ubuntu/.local/lib/python3.5/site-packages/pyspark/jars/javax.annotation-api-1.2.jar:/home/ubuntu/.local/lib/python3.5/site-packages/pyspark/jars/apacheds-i18n-2.0.0-M15.jar:/home/ubuntu/.local/lib/python3.5/site-packages/pyspark/jars/commons-codec-1.10.jar:/home/ubuntu/.local/lib/python3.5/site-packages/pyspark/jars/javax.inject-1.jar:/home/ubuntu/.local/lib/python3.5/site-packages/pyspark/jars/commons-beanutils-1.7.0.jar:/home/ubuntu/.local/lib/
Launcher Type: SUN_STANDARD

Environment Variables:
JAVA_HOME=/usr/lib/jvm/default-java
PATH=/usr/local/bin:/home/ubuntu/bin:/home/ubuntu/.local/bin:/usr/local/apache-hive-2.3.4-bin/bin:/usr/local/sbin:/usr/local/bin:/usr/sbin:/usr/bin:/sbin:/bin:/usr/games:/usr/local/games:/snap/bin:/usr/local/hadoop/bin
SHELL=/bin/bash

Signal Handlers:
SIGSEGV: [libjvm.so+0xa74ca0], sa_mask[0]=11111111011111111101111111111110, sa_flags=SA_RESTART|SA_SIGINFO
SIGBUS: [libjvm.so+0xa74ca0], sa_mask[0]=11111111011111111101111111111110, sa_flags=SA_RESTART|SA_SIGINFO
SIGFPE: [libjvm.so+0x8bbcf0], sa_mask[0]=11111111011111111101111111111110, sa_flags=SA_RESTART|SA_SIGINFO
SIGPIPE: [libjvm.so+0x8bbcf0], sa_mask[0]=11111111011111111101111111111110, sa_flags=SA_RESTART|SA_SIGINFO
SIGXFSZ: [libjvm.so+0x8bbcf0], sa_mask[0]=11111111011111111101111111111110, sa_flags=SA_RESTART|SA_SIGINFO
SIGILL: [libjvm.so+0x8bbcf0], sa_mask[0]=11111111011111111101111111111110, sa_flags=SA_RESTART|SA_SIGINFO
SIGUSR1: SIG_DFL, sa_mask[0]=00000000000000000000000000000000, sa_flags=none
SIGUSR2: [libjvm.so+0x8bbba0], sa_mask[0]=00000000000000000000000000000000, sa_flags=SA_RESTART|SA_SIGINFO
SIGHUP: [libjvm.so+0x8bc230], sa_mask[0]=11111111011111111101111111111110, sa_flags=SA_RESTART|SA_SIGINFO
SIGINT: SIG_IGN, sa_mask[0]=00000000000000000000000000000000, sa_flags=none
SIGTERM: [libjvm.so+0x8bc230], sa_mask[0]=11111111011111111101111111111110, sa_flags=SA_RESTART|SA_SIGINFO
SIGQUIT: [libjvm.so+0x8bc230], sa_mask[0]=11111111011111111101111111111110, sa_flags=SA_RESTART|SA_SIGINFO


---------------  S Y S T E M  ---------------

OS:DISTRIB_ID=Ubuntu
DISTRIB_RELEASE=16.04
DISTRIB_CODENAME=xenial
DISTRIB_DESCRIPTION="Ubuntu 16.04.6 LTS"

uname:Linux 4.4.0-143-generic #169-Ubuntu SMP Thu Feb 7 07:56:38 UTC 2019 x86_64
libc:glibc 2.23 NPTL 2.23 
rlimit: STACK 8192k, CORE 0k, NPROC 7929, NOFILE 1048576, AS infinity
load average:0.77 0.36 0.15

/proc/meminfo:
MemTotal:        2048020 kB
MemFree:           89148 kB
MemAvailable:      60456 kB
Buffers:           26196 kB
Cached:            63960 kB
SwapCached:            0 kB
Active:          1829068 kB
Inactive:          53412 kB
Active(anon):    1795336 kB
Inactive(anon):    20744 kB
Active(file):      33732 kB
Inactive(file):    32668 kB
Unevictable:        3652 kB
Mlocked:            3652 kB
SwapTotal:             0 kB
SwapFree:              0 kB
Dirty:               160 kB
Writeback:             0 kB
AnonPages:       1796060 kB
Mapped:            42748 kB
Shmem:             21248 kB
Slab:              43280 kB
SReclaimable:      27096 kB
SUnreclaim:        16184 kB
KernelStack:        5808 kB
PageTables:         9216 kB
NFS_Unstable:          0 kB
Bounce:                0 kB
WritebackTmp:          0 kB
CommitLimit:     1024008 kB
Committed_AS:    2587796 kB
VmallocTotal:   34359738367 kB
VmallocUsed:           0 kB
VmallocChunk:          0 kB
HardwareCorrupted:     0 kB
AnonHugePages:         0 kB
CmaTotal:              0 kB
CmaFree:               0 kB
HugePages_Total:       0
HugePages_Free:        0
HugePages_Rsvd:        0
HugePages_Surp:        0
Hugepagesize:       2048 kB
DirectMap4k:       51072 kB
DirectMap2M:     2045952 kB
DirectMap1G:           0 kB

container (cgroup) information:
container_type: cgroupv1
cpu_cpuset_cpus: 0
cpu_memory_nodes: 0
active_processor_count: 1
cpu_quota: -1
cpu_period: 100000
cpu_shares: -1
memory_limit_in_bytes: -1
memory_and_swap_limit_in_bytes: -2
memory_soft_limit_in_bytes: -1
memory_usage_in_bytes: 1801969664
memory_max_usage_in_bytes: 1911275520


CPU:total 1 (initial active 1) (1 cores per cpu, 1 threads per core) family 21 model 1 stepping 2, cmov, cx8, fxsr, mmx, sse, sse2, sse3, ssse3, sse4.1, sse4.2, popcnt, avx, aes, clmul, mmxext, 3dnowpref, lzcnt, sse4a, tsc

/proc/cpuinfo:
processor	: 0
vendor_id	: AuthenticAMD
cpu family	: 21
model		: 1
model name	: AMD Opteron 62xx class CPU
stepping	: 2
microcode	: 0x1000065
cpu MHz		: 2999.998
cache size	: 512 KB
physical id	: 0
siblings	: 1
core id		: 0
cpu cores	: 1
apicid		: 0
initial apicid	: 0
fpu		: yes
fpu_exception	: yes
cpuid level	: 13
wp		: yes
flags		: fpu vme de pse tsc msr pae mce cx8 apic sep mtrr pge mca cmov pat pse36 clflush mmx fxsr sse sse2 syscall nx mmxext fxsr_opt pdpe1gb lm rep_good nopl extd_apicid pni pclmulqdq ssse3 cx16 sse4_1 sse4_2 x2apic popcnt aes xsave avx hypervisor lahf_lm cmp_legacy cr8_legacy abm sse4a misalignsse 3dnowprefetch osvw xop fma4 ibpb vmmcall arat
bugs		: fxsave_leak sysret_ss_attrs spectre_v1 spectre_v2 spec_store_bypass
bogomips	: 5999.99
TLB size	: 1024 4K pages
clflush size	: 64
cache_alignment	: 64
address sizes	: 40 bits physical, 48 bits virtual
power management:



Memory: 4k page, physical 2048020k(89148k free), swap 0k(0k free)

vm_info: OpenJDK 64-Bit Server VM (25.191-b12) for linux-amd64 JRE (1.8.0_191-8u191-b12-2ubuntu0.16.04.1-b12), built on Jan 14 2019 21:59:52 by "buildd" with gcc 5.4.0 20160609

time: Mon May  6 12:34:56 2019
elapsed time: 127 seconds (0d 0h 2m 7s)

